2024-11-01 01:10:14,870 - INFO - 開始測試特徵生成器 - 股票代碼: 2330
2024-11-01 01:10:14,872 - INFO - 正在讀取數據文件: D:\Min\Python\Project\FA_Data\meta_data/all_stocks_data.csv
2024-11-01 01:10:22,951 - INFO - 過濾後的數據形狀 (股票 2330): (2585, 29)
2024-11-01 01:10:22,955 - INFO - 日期過濾後的數據形狀: (239, 29)
2024-11-01 01:10:22,959 - INFO - 目錄結構已初始化: D:\Min\Python\Project\FA_Data\meta_data
2024-11-01 01:10:22,961 - INFO - 開始生成特徵...
2024-11-01 01:10:22,963 - INFO - 計算技術指標...
2024-11-01 01:10:22,966 - INFO - 計算價格特徵...
2024-11-01 01:10:22,973 - INFO - 計算量能特徵...
2024-11-01 01:10:22,979 - INFO - 計算波動特徵...
2024-11-01 01:10:22,983 - INFO - 計算進階特徵...
2024-11-01 01:10:22,988 - ERROR - 生成特徵失敗: 'EnhancedFeatureGenerator' object has no attribute '_remove_correlated_features'
2024-11-01 01:10:22,991 - ERROR - 特徵生成器測試失敗: 'EnhancedFeatureGenerator' object has no attribute '_remove_correlated_features'
2024-11-01 14:01:18,597 - INFO - 開始測試特徵生成器 - 股票代碼: 2330
2024-11-01 14:01:18,598 - INFO - 正在讀取數據文件: D:\Min\Python\Project\FA_Data\meta_data/all_stocks_data.csv
2024-11-01 14:01:29,975 - INFO - 過濾後的數據形狀 (股票 2330): (2585, 29)
2024-11-01 14:01:29,977 - INFO - 日期過濾後的數據形狀: (239, 29)
2024-11-01 14:01:29,981 - INFO - 目錄結構已初始化: D:\Min\Python\Project\FA_Data\meta_data
2024-11-01 14:01:29,981 - INFO - 開始生成特徵...
2024-11-01 14:01:29,982 - INFO - 計算技術指標...
2024-11-01 14:01:29,985 - INFO - 計算價格特徵...
2024-11-01 14:01:29,988 - INFO - 計算量能特徵...
2024-11-01 14:01:29,992 - INFO - 計算波動特徵...
2024-11-01 14:01:29,996 - INFO - 計算進階特徵...
2024-11-01 14:01:30,008 - INFO - 檢查特徵相關性...
2024-11-01 14:01:30,035 - INFO - 移除以下高相關性特徵: ['放量程度', '最低價', '最後揭示買價', '相對強弱', '最後揭示賣價', '成交股數', '振幅', '最高價', '開盤價', 'EMA30', '連續上漲', 'middleband']
2024-11-01 14:01:30,037 - INFO - 特徵生成完成
2024-11-01 14:01:30,038 - ERROR - 特徵驗證失敗: 缺少必要特徵: EMA30
2024-11-01 14:01:30,109 - INFO - 目錄結構已初始化: D:\Min\Python\Project\FA_Data\meta_data
2024-11-01 14:01:30,110 - INFO - 正在讀取數據文件: D:\Min\Python\Project\FA_Data\meta_data/all_stocks_data.csv
2024-11-01 14:01:45,009 - INFO - 過濾後的數據形狀 (股票 2330): (2585, 29)
2024-11-01 14:01:45,012 - INFO - 日期過濾後的數據形狀: (239, 29)
2024-11-01 14:01:45,014 - INFO - 開始生成特徵...
2024-11-01 14:01:45,016 - INFO - 計算技術指標...
2024-11-01 14:01:45,018 - INFO - 計算價格特徵...
2024-11-01 14:01:45,023 - INFO - 計算量能特徵...
2024-11-01 14:01:45,026 - INFO - 計算波動特徵...
2024-11-01 14:01:45,029 - INFO - 計算進階特徵...
2024-11-01 14:01:45,040 - INFO - 檢查特徵相關性...
2024-11-01 14:01:45,071 - INFO - 移除以下高相關性特徵: ['放量程度', '最低價', '最後揭示買價', '相對強弱', '最後揭示賣價', '成交股數', '振幅', '最高價', '開盤價', 'EMA30', '連續上漲', 'middleband']
2024-11-01 14:01:45,073 - INFO - 特徵生成完成
2024-11-01 14:01:45,074 - ERROR - 程序執行出錯: 缺少以下特徵: ['振幅']
2024-11-01 14:01:45,075 - ERROR - 程序執行出錯: 缺少以下特徵: ['振幅']
2024-11-01 14:05:20,512 - INFO - 開始測試特徵生成器 - 股票代碼: 2330
2024-11-01 14:05:20,512 - INFO - 開始測試特徵生成器 - 股票代碼: 2330
2024-11-01 14:05:20,514 - INFO - 正在讀取數據文件: D:\Min\Python\Project\FA_Data\meta_data/all_stocks_data.csv
2024-11-01 14:05:20,514 - INFO - 正在讀取數據文件: D:\Min\Python\Project\FA_Data\meta_data/all_stocks_data.csv
2024-11-01 14:05:31,780 - INFO - 過濾後的數據形狀 (股票 2330): (2585, 29)
2024-11-01 14:05:31,780 - INFO - 過濾後的數據形狀 (股票 2330): (2585, 29)
2024-11-01 14:05:31,784 - INFO - 日期過濾後的數據形狀: (239, 29)
2024-11-01 14:05:31,784 - INFO - 日期過濾後的數據形狀: (239, 29)
2024-11-01 14:05:31,791 - INFO - 目錄結構已初始化: D:\Min\Python\Project\FA_Data\meta_data
2024-11-01 14:05:31,791 - INFO - 目錄結構已初始化: D:\Min\Python\Project\FA_Data\meta_data
2024-11-01 14:05:31,793 - INFO - 開始生成特徵...
2024-11-01 14:05:31,793 - INFO - 開始生成特徵...
2024-11-01 14:05:31,796 - INFO - 計算技術指標...
2024-11-01 14:05:31,796 - INFO - 計算技術指標...
2024-11-01 14:05:31,799 - INFO - 計算價格特徵...
2024-11-01 14:05:31,799 - INFO - 計算價格特徵...
2024-11-01 14:05:31,805 - INFO - 計算量能特徵...
2024-11-01 14:05:31,805 - INFO - 計算量能特徵...
2024-11-01 14:05:31,810 - INFO - 計算波動特徵...
2024-11-01 14:05:31,810 - INFO - 計算波動特徵...
2024-11-01 14:05:31,813 - INFO - 計算進階特徵...
2024-11-01 14:05:31,813 - INFO - 計算進階特徵...
2024-11-01 14:05:31,820 - ERROR - 處理缺失值時發生錯誤: 'DataFrame' object has no attribute 'fffill'
2024-11-01 14:05:31,820 - ERROR - 處理缺失值時發生錯誤: 'DataFrame' object has no attribute 'fffill'
2024-11-01 14:05:31,821 - ERROR - 生成特徵失敗: 'DataFrame' object has no attribute 'fffill'
2024-11-01 14:05:31,821 - ERROR - 生成特徵失敗: 'DataFrame' object has no attribute 'fffill'
2024-11-01 14:05:31,823 - ERROR - 特徵生成器測試失敗: 'DataFrame' object has no attribute 'fffill'
2024-11-01 14:05:31,823 - ERROR - 特徵生成器測試失敗: 'DataFrame' object has no attribute 'fffill'
2024-11-01 14:06:33,187 - INFO - 開始測試特徵生成器 - 股票代碼: 2330
2024-11-01 14:06:33,187 - INFO - 開始測試特徵生成器 - 股票代碼: 2330
2024-11-01 14:06:33,187 - INFO - 開始測試特徵生成器 - 股票代碼: 2330
2024-11-01 14:06:33,190 - INFO - 正在讀取數據文件: D:\Min\Python\Project\FA_Data\meta_data/all_stocks_data.csv
2024-11-01 14:06:33,190 - INFO - 正在讀取數據文件: D:\Min\Python\Project\FA_Data\meta_data/all_stocks_data.csv
2024-11-01 14:06:33,190 - INFO - 正在讀取數據文件: D:\Min\Python\Project\FA_Data\meta_data/all_stocks_data.csv
2024-11-01 14:06:44,549 - INFO - 過濾後的數據形狀 (股票 2330): (2585, 29)
2024-11-01 14:06:44,549 - INFO - 過濾後的數據形狀 (股票 2330): (2585, 29)
2024-11-01 14:06:44,549 - INFO - 過濾後的數據形狀 (股票 2330): (2585, 29)
2024-11-01 14:06:44,554 - INFO - 日期過濾後的數據形狀: (239, 29)
2024-11-01 14:06:44,554 - INFO - 日期過濾後的數據形狀: (239, 29)
2024-11-01 14:06:44,554 - INFO - 日期過濾後的數據形狀: (239, 29)
2024-11-01 14:06:44,558 - INFO - 目錄結構已初始化: D:\Min\Python\Project\FA_Data\meta_data
2024-11-01 14:06:44,558 - INFO - 目錄結構已初始化: D:\Min\Python\Project\FA_Data\meta_data
2024-11-01 14:06:44,558 - INFO - 目錄結構已初始化: D:\Min\Python\Project\FA_Data\meta_data
2024-11-01 14:06:44,560 - INFO - 開始生成特徵...
2024-11-01 14:06:44,560 - INFO - 開始生成特徵...
2024-11-01 14:06:44,560 - INFO - 開始生成特徵...
2024-11-01 14:06:44,564 - INFO - 計算技術指標...
2024-11-01 14:06:44,564 - INFO - 計算技術指標...
2024-11-01 14:06:44,564 - INFO - 計算技術指標...
2024-11-01 14:06:44,567 - INFO - 計算價格特徵...
2024-11-01 14:06:44,567 - INFO - 計算價格特徵...
2024-11-01 14:06:44,567 - INFO - 計算價格特徵...
2024-11-01 14:06:44,573 - INFO - 計算量能特徵...
2024-11-01 14:06:44,573 - INFO - 計算量能特徵...
2024-11-01 14:06:44,573 - INFO - 計算量能特徵...
2024-11-01 14:06:44,577 - INFO - 計算波動特徵...
2024-11-01 14:06:44,577 - INFO - 計算波動特徵...
2024-11-01 14:06:44,577 - INFO - 計算波動特徵...
2024-11-01 14:06:44,582 - INFO - 計算進階特徵...
2024-11-01 14:06:44,582 - INFO - 計算進階特徵...
2024-11-01 14:06:44,582 - INFO - 計算進階特徵...
2024-11-01 14:06:44,595 - INFO - 檢查特徵相關性...
2024-11-01 14:06:44,595 - INFO - 檢查特徵相關性...
2024-11-01 14:06:44,595 - INFO - 檢查特徵相關性...
2024-11-01 14:06:44,652 - INFO - 移除以下高相關性特徵: ['放量程度', '最低價', '日內波動率', '最後揭示買價', '相對強弱', '最後揭示賣價', '成交股數', '最高價', '開盤價', 'EMA30', '連續上漲', 'middleband']
2024-11-01 14:06:44,652 - INFO - 移除以下高相關性特徵: ['放量程度', '最低價', '日內波動率', '最後揭示買價', '相對強弱', '最後揭示賣價', '成交股數', '最高價', '開盤價', 'EMA30', '連續上漲', 'middleband']
2024-11-01 14:06:44,652 - INFO - 移除以下高相關性特徵: ['放量程度', '最低價', '日內波動率', '最後揭示買價', '相對強弱', '最後揭示賣價', '成交股數', '最高價', '開盤價', 'EMA30', '連續上漲', 'middleband']
2024-11-01 14:06:44,657 - INFO - 特徵生成完成
2024-11-01 14:06:44,657 - INFO - 特徵生成完成
2024-11-01 14:06:44,657 - INFO - 特徵生成完成
2024-11-01 14:06:44,660 - ERROR - 特徵驗證失敗: 缺少必要特徵: EMA30
2024-11-01 14:06:44,660 - ERROR - 特徵驗證失敗: 缺少必要特徵: EMA30
2024-11-01 14:06:44,660 - ERROR - 特徵驗證失敗: 缺少必要特徵: EMA30
2024-11-01 14:06:44,704 - INFO - 目錄結構已初始化: D:\Min\Python\Project\FA_Data\meta_data
2024-11-01 14:06:44,704 - INFO - 目錄結構已初始化: D:\Min\Python\Project\FA_Data\meta_data
2024-11-01 14:06:44,704 - INFO - 目錄結構已初始化: D:\Min\Python\Project\FA_Data\meta_data
2024-11-01 14:06:44,707 - INFO - 正在讀取數據文件: D:\Min\Python\Project\FA_Data\meta_data/all_stocks_data.csv
2024-11-01 14:06:44,707 - INFO - 正在讀取數據文件: D:\Min\Python\Project\FA_Data\meta_data/all_stocks_data.csv
2024-11-01 14:06:44,707 - INFO - 正在讀取數據文件: D:\Min\Python\Project\FA_Data\meta_data/all_stocks_data.csv
2024-11-01 14:06:56,514 - INFO - 過濾後的數據形狀 (股票 2330): (2585, 29)
2024-11-01 14:06:56,514 - INFO - 過濾後的數據形狀 (股票 2330): (2585, 29)
2024-11-01 14:06:56,514 - INFO - 過濾後的數據形狀 (股票 2330): (2585, 29)
2024-11-01 14:06:56,518 - INFO - 日期過濾後的數據形狀: (239, 29)
2024-11-01 14:06:56,518 - INFO - 日期過濾後的數據形狀: (239, 29)
2024-11-01 14:06:56,518 - INFO - 日期過濾後的數據形狀: (239, 29)
2024-11-01 14:06:56,521 - INFO - 開始生成特徵...
2024-11-01 14:06:56,521 - INFO - 開始生成特徵...
2024-11-01 14:06:56,521 - INFO - 開始生成特徵...
2024-11-01 14:06:56,525 - INFO - 計算技術指標...
2024-11-01 14:06:56,525 - INFO - 計算技術指標...
2024-11-01 14:06:56,525 - INFO - 計算技術指標...
2024-11-01 14:06:56,533 - INFO - 計算價格特徵...
2024-11-01 14:06:56,533 - INFO - 計算價格特徵...
2024-11-01 14:06:56,533 - INFO - 計算價格特徵...
2024-11-01 14:06:56,542 - INFO - 計算量能特徵...
2024-11-01 14:06:56,542 - INFO - 計算量能特徵...
2024-11-01 14:06:56,542 - INFO - 計算量能特徵...
2024-11-01 14:06:56,548 - INFO - 計算波動特徵...
2024-11-01 14:06:56,548 - INFO - 計算波動特徵...
2024-11-01 14:06:56,548 - INFO - 計算波動特徵...
2024-11-01 14:06:56,554 - INFO - 計算進階特徵...
2024-11-01 14:06:56,554 - INFO - 計算進階特徵...
2024-11-01 14:06:56,554 - INFO - 計算進階特徵...
2024-11-01 14:06:56,570 - INFO - 檢查特徵相關性...
2024-11-01 14:06:56,570 - INFO - 檢查特徵相關性...
2024-11-01 14:06:56,570 - INFO - 檢查特徵相關性...
2024-11-01 14:06:56,600 - INFO - 移除以下高相關性特徵: ['放量程度', '最低價', '日內波動率', '最後揭示買價', '相對強弱', '最後揭示賣價', '成交股數', '最高價', '開盤價', 'EMA30', '連續上漲', 'middleband']
2024-11-01 14:06:56,600 - INFO - 移除以下高相關性特徵: ['放量程度', '最低價', '日內波動率', '最後揭示買價', '相對強弱', '最後揭示賣價', '成交股數', '最高價', '開盤價', 'EMA30', '連續上漲', 'middleband']
2024-11-01 14:06:56,600 - INFO - 移除以下高相關性特徵: ['放量程度', '最低價', '日內波動率', '最後揭示買價', '相對強弱', '最後揭示賣價', '成交股數', '最高價', '開盤價', 'EMA30', '連續上漲', 'middleband']
2024-11-01 14:06:56,604 - INFO - 特徵生成完成
2024-11-01 14:06:56,604 - INFO - 特徵生成完成
2024-11-01 14:06:56,604 - INFO - 特徵生成完成
2024-11-01 14:08:00,019 - INFO - 開始測試特徵生成器 - 股票代碼: 2330
2024-11-01 14:08:00,020 - INFO - 正在讀取數據文件: D:\Min\Python\Project\FA_Data\meta_data/all_stocks_data.csv
2024-11-01 14:08:11,008 - INFO - 過濾後的數據形狀 (股票 2330): (2585, 29)
2024-11-01 14:08:11,010 - INFO - 日期過濾後的數據形狀: (239, 29)
2024-11-01 14:08:11,012 - INFO - 目錄結構已初始化: D:\Min\Python\Project\FA_Data\meta_data
2024-11-01 14:08:11,013 - INFO - 開始生成特徵...
2024-11-01 14:08:11,014 - INFO - 計算技術指標...
2024-11-01 14:08:11,017 - INFO - 計算價格特徵...
2024-11-01 14:08:11,020 - INFO - 計算量能特徵...
2024-11-01 14:08:11,024 - INFO - 計算波動特徵...
2024-11-01 14:08:11,027 - INFO - 計算進階特徵...
2024-11-01 14:08:11,041 - INFO - 檢查特徵相關性...
2024-11-01 14:08:11,065 - INFO - 移除以下高相關性特徵: ['放量程度', '最低價', '日內波動率', '最後揭示買價', '相對強弱', '最後揭示賣價', '成交股數', '最高價', '開盤價', 'EMA30', '連續上漲', 'middleband']
2024-11-01 14:08:11,068 - INFO - 特徵生成完成
2024-11-01 14:08:11,069 - ERROR - 特徵驗證失敗: 缺少必要特徵: EMA30
2024-11-01 14:08:11,131 - INFO - 目錄結構已初始化: D:\Min\Python\Project\FA_Data\meta_data
2024-11-01 14:08:11,132 - INFO - 正在讀取數據文件: D:\Min\Python\Project\FA_Data\meta_data/all_stocks_data.csv
2024-11-01 14:08:25,375 - INFO - 過濾後的數據形狀 (股票 2330): (2585, 29)
2024-11-01 14:08:25,378 - INFO - 日期過濾後的數據形狀: (239, 29)
2024-11-01 14:08:25,380 - INFO - 開始生成特徵...
2024-11-01 14:08:25,381 - INFO - 計算技術指標...
2024-11-01 14:08:25,386 - INFO - 計算價格特徵...
2024-11-01 14:08:25,390 - INFO - 計算量能特徵...
2024-11-01 14:08:25,397 - INFO - 計算波動特徵...
2024-11-01 14:08:25,403 - INFO - 計算進階特徵...
2024-11-01 14:08:25,422 - INFO - 檢查特徵相關性...
2024-11-01 14:08:25,464 - INFO - 移除以下高相關性特徵: ['放量程度', '最低價', '日內波動率', '最後揭示買價', '相對強弱', '最後揭示賣價', '成交股數', '最高價', '開盤價', 'EMA30', '連續上漲', 'middleband']
2024-11-01 14:08:25,468 - INFO - 特徵生成完成
2024-11-01 14:41:47,706 - INFO - 開始測試特徵生成器 - 股票代碼: 2330
2024-11-01 14:41:47,707 - INFO - 正在讀取數據文件: D:\Min\Python\Project\FA_Data\meta_data/all_stocks_data.csv
2024-11-01 14:42:00,648 - INFO - 過濾後的數據形狀 (股票 2330): (2585, 29)
2024-11-01 14:42:00,650 - INFO - 日期過濾後的數據形狀: (239, 29)
2024-11-01 14:42:00,653 - INFO - 目錄結構已初始化: D:\Min\Python\Project\FA_Data\meta_data
2024-11-01 14:42:00,654 - INFO - 開始生成特徵...
2024-11-01 14:42:00,654 - INFO - 計算技術指標...
2024-11-01 14:42:00,658 - INFO - 計算價格特徵...
2024-11-01 14:42:00,663 - INFO - 計算量能特徵...
2024-11-01 14:42:00,669 - INFO - 計算波動特徵...
2024-11-01 14:42:00,673 - INFO - 計算進階特徵...
2024-11-01 14:42:00,685 - INFO - 檢查特徵相關性...
2024-11-01 14:42:00,713 - INFO - 移除以下高相關性特徵: ['放量程度', '最低價', '日內波動率', '最後揭示買價', '相對強弱', '最後揭示賣價', '成交股數', '最高價', '開盤價', 'EMA30', '連續上漲', 'middleband']
2024-11-01 14:42:00,728 - INFO - 特徵已儲存至: D:\Min\Python\Project\FA_Data\features\2330_features_2023-01-03_2023-12-29.csv
2024-11-01 14:42:00,790 - INFO - 特徵摘要已儲存至: D:\Min\Python\Project\FA_Data\features\2330_feature_summary.txt
2024-11-01 14:42:00,791 - INFO - 特徵生成完成
2024-11-01 14:42:00,791 - ERROR - 特徵驗證失敗: 缺少必要特徵: EMA30
2024-11-01 14:42:00,840 - INFO - 目錄結構已初始化: D:\Min\Python\Project\FA_Data\meta_data
2024-11-01 14:42:00,841 - INFO - 正在讀取數據文件: D:\Min\Python\Project\FA_Data\meta_data/all_stocks_data.csv
2024-11-01 14:42:12,776 - INFO - 過濾後的數據形狀 (股票 2330): (2585, 29)
2024-11-01 14:42:12,780 - INFO - 日期過濾後的數據形狀: (239, 29)
2024-11-01 14:42:12,782 - INFO - 開始生成特徵...
2024-11-01 14:42:12,783 - INFO - 計算技術指標...
2024-11-01 14:42:12,786 - INFO - 計算價格特徵...
2024-11-01 14:42:12,791 - INFO - 計算量能特徵...
2024-11-01 14:42:12,795 - INFO - 計算波動特徵...
2024-11-01 14:42:12,798 - INFO - 計算進階特徵...
2024-11-01 14:42:12,810 - INFO - 檢查特徵相關性...
2024-11-01 14:42:12,837 - INFO - 移除以下高相關性特徵: ['放量程度', '最低價', '日內波動率', '最後揭示買價', '相對強弱', '最後揭示賣價', '成交股數', '最高價', '開盤價', 'EMA30', '連續上漲', 'middleband']
2024-11-01 14:42:12,868 - INFO - 已創建備份: D:\Min\Python\Project\FA_Data\meta_data\backup\2330_features_2023-01-03_2023-12-29_20241101_144212.csv
2024-11-01 14:42:12,879 - INFO - 特徵已儲存至: D:\Min\Python\Project\FA_Data\features\2330_features_2023-01-03_2023-12-29.csv
2024-11-01 14:42:12,940 - INFO - 特徵摘要已儲存至: D:\Min\Python\Project\FA_Data\features\2330_feature_summary.txt
2024-11-01 14:42:12,943 - INFO - 特徵生成完成
2024-11-01 16:06:39,220 - ERROR - 主程序執行失敗: 'NoneType' object has no attribute 'error'
2024-11-01 16:06:39,221 - ERROR - 程序執行出錯: 'NoneType' object has no attribute 'error'
2024-11-01 16:06:39,236 - INFO - 開始測試特徵生成器 - 股票代碼: 2330
2024-11-01 16:06:54,416 - ERROR - 載入數據時發生錯誤: You are trying to merge on object and int64 columns for key '證券代號'. If you wish to proceed you should use pd.concat
2024-11-01 16:06:54,417 - ERROR - 特徵生成器測試失敗: You are trying to merge on object and int64 columns for key '證券代號'. If you wish to proceed you should use pd.concat
2024-11-01 16:06:54,418 - ERROR - 特徵生成器測試失敗
2024-11-01 16:12:55,452 - ERROR - 主程序執行失敗: 'NoneType' object has no attribute 'error'
2024-11-01 16:12:55,453 - ERROR - 程序執行出錯: 'NoneType' object has no attribute 'error'
2024-11-01 16:12:55,465 - INFO - 開始測試特徵生成器 - 股票代碼: 2330
2024-11-01 16:13:08,616 - ERROR - 特徵生成器測試失敗: 'NoneType' object has no attribute 'error'
2024-11-01 16:13:08,617 - ERROR - 特徵生成器測試失敗
2024-11-01 16:16:10,991 - ERROR - 主程序執行失敗: 'NoneType' object has no attribute 'error'
2024-11-01 16:16:10,992 - ERROR - 程序執行出錯: 'NoneType' object has no attribute 'error'
2024-11-01 16:16:11,005 - INFO - 開始測試特徵生成器 - 股票代碼: 2330
2024-11-01 16:16:25,990 - ERROR - 特徵生成器測試失敗: 'NoneType' object has no attribute 'error'
2024-11-01 16:16:25,991 - ERROR - 特徵生成器測試失敗
2024-11-01 16:17:13,157 - ERROR - 主程序執行失敗: 'NoneType' object has no attribute 'error'
2024-11-01 16:17:13,158 - ERROR - 程序執行出錯: 'NoneType' object has no attribute 'error'
2024-11-01 16:17:13,170 - INFO - 開始測試特徵生成器 - 股票代碼: 2330
2024-11-01 16:17:26,435 - ERROR - 特徵生成器測試失敗: 'NoneType' object has no attribute 'error'
2024-11-01 16:17:26,438 - ERROR - 特徵生成器測試失敗
2024-11-01 16:20:24,835 - INFO - 目錄結構已初始化: D:\Min\Python\Project\FA_Data\meta_data
2024-11-01 16:20:29,921 - INFO - 開始處理 1148 支股票的特徵生成
2024-11-01 16:20:41,831 - INFO - 開始生成特徵...
2024-11-01 16:20:41,834 - ERROR - 缺少必要欄位: ['收盤價', '開盤價', '最高價', '最低價', '成交股數']
2024-11-01 16:20:41,837 - ERROR - 生成特徵失敗: 數據驗證失敗
2024-11-01 16:20:41,844 - ERROR - 處理股票 1101 時發生錯誤: 數據驗證失敗
2024-11-01 16:20:53,929 - INFO - 開始生成特徵...
2024-11-01 16:20:53,933 - ERROR - 缺少必要欄位: ['收盤價', '開盤價', '最高價', '最低價', '成交股數']
2024-11-01 16:20:53,935 - ERROR - 生成特徵失敗: 數據驗證失敗
2024-11-01 16:20:53,941 - ERROR - 處理股票 1101B 時發生錯誤: 數據驗證失敗
2024-11-01 16:21:06,155 - INFO - 開始生成特徵...
2024-11-01 16:21:06,158 - ERROR - 缺少必要欄位: ['收盤價', '開盤價', '最高價', '最低價', '成交股數']
2024-11-01 16:21:06,160 - ERROR - 生成特徵失敗: 數據驗證失敗
2024-11-01 16:21:06,163 - ERROR - 處理股票 1102 時發生錯誤: 數據驗證失敗
2024-11-01 16:21:18,371 - INFO - 開始生成特徵...
2024-11-01 16:21:18,374 - ERROR - 缺少必要欄位: ['收盤價', '開盤價', '最高價', '最低價', '成交股數']
2024-11-01 16:21:18,377 - ERROR - 生成特徵失敗: 數據驗證失敗
2024-11-01 16:21:18,380 - ERROR - 處理股票 1103 時發生錯誤: 數據驗證失敗
2024-11-01 16:21:21,655 - ERROR - 載入數據時發生錯誤: Error tokenizing data. C error: Calling read(nbytes) on source failed. Try engine='python'.
2024-11-01 16:21:21,656 - ERROR - 處理股票 1104 時發生錯誤: Error tokenizing data. C error: Calling read(nbytes) on source failed. Try engine='python'.
2024-11-01 16:21:35,581 - INFO - 開始生成特徵...
2024-11-01 16:21:35,584 - ERROR - 缺少必要欄位: ['收盤價', '開盤價', '最高價', '最低價', '成交股數']
2024-11-01 16:21:35,587 - ERROR - 生成特徵失敗: 數據驗證失敗
2024-11-01 16:21:35,591 - ERROR - 處理股票 1108 時發生錯誤: 數據驗證失敗
2024-11-01 16:21:49,096 - INFO - 開始生成特徵...
2024-11-01 16:21:49,098 - ERROR - 缺少必要欄位: ['收盤價', '開盤價', '最高價', '最低價', '成交股數']
2024-11-01 16:21:49,100 - ERROR - 生成特徵失敗: 數據驗證失敗
2024-11-01 16:21:49,102 - ERROR - 處理股票 1109 時發生錯誤: 數據驗證失敗
2024-11-01 16:22:01,286 - INFO - 開始生成特徵...
2024-11-01 16:22:01,288 - ERROR - 缺少必要欄位: ['收盤價', '開盤價', '最高價', '最低價', '成交股數']
2024-11-01 16:22:01,290 - ERROR - 生成特徵失敗: 數據驗證失敗
2024-11-01 16:22:01,293 - ERROR - 處理股票 1110 時發生錯誤: 數據驗證失敗
2024-11-01 16:22:14,545 - INFO - 開始生成特徵...
2024-11-01 16:22:14,547 - ERROR - 缺少必要欄位: ['收盤價', '開盤價', '最高價', '最低價', '成交股數']
2024-11-01 16:22:14,549 - ERROR - 生成特徵失敗: 數據驗證失敗
2024-11-01 16:22:14,550 - ERROR - 處理股票 1201 時發生錯誤: 數據驗證失敗
2024-11-01 16:22:26,776 - INFO - 開始生成特徵...
2024-11-01 16:22:26,779 - ERROR - 缺少必要欄位: ['收盤價', '開盤價', '最高價', '最低價', '成交股數']
2024-11-01 16:22:26,781 - ERROR - 生成特徵失敗: 數據驗證失敗
2024-11-01 16:22:26,783 - ERROR - 處理股票 1203 時發生錯誤: 數據驗證失敗
2024-11-01 16:22:39,924 - INFO - 開始生成特徵...
2024-11-01 16:22:39,927 - ERROR - 缺少必要欄位: ['收盤價', '開盤價', '最高價', '最低價', '成交股數']
2024-11-01 16:22:39,929 - ERROR - 生成特徵失敗: 數據驗證失敗
2024-11-01 16:22:39,933 - ERROR - 處理股票 1210 時發生錯誤: 數據驗證失敗
2024-11-01 16:22:54,930 - INFO - 開始生成特徵...
2024-11-01 16:22:54,934 - ERROR - 缺少必要欄位: ['收盤價', '開盤價', '最高價', '最低價', '成交股數']
2024-11-01 16:22:54,937 - ERROR - 生成特徵失敗: 數據驗證失敗
2024-11-01 16:22:54,940 - ERROR - 處理股票 1213 時發生錯誤: 數據驗證失敗
2024-11-01 16:23:08,619 - INFO - 開始生成特徵...
2024-11-01 16:23:08,621 - ERROR - 缺少必要欄位: ['收盤價', '開盤價', '最高價', '最低價', '成交股數']
2024-11-01 16:23:08,623 - ERROR - 生成特徵失敗: 數據驗證失敗
2024-11-01 16:23:08,624 - ERROR - 處理股票 1215 時發生錯誤: 數據驗證失敗
2024-11-01 16:23:23,043 - INFO - 開始生成特徵...
2024-11-01 16:23:23,046 - ERROR - 缺少必要欄位: ['收盤價', '開盤價', '最高價', '最低價', '成交股數']
2024-11-01 16:23:23,050 - ERROR - 生成特徵失敗: 數據驗證失敗
2024-11-01 16:23:23,053 - ERROR - 處理股票 1216 時發生錯誤: 數據驗證失敗
2024-11-01 16:23:25,385 - ERROR - 載入數據時發生錯誤: Error tokenizing data. C error: Calling read(nbytes) on source failed. Try engine='python'.
2024-11-01 16:23:25,385 - ERROR - 處理股票 1217 時發生錯誤: Error tokenizing data. C error: Calling read(nbytes) on source failed. Try engine='python'.
2024-11-01 16:23:40,341 - INFO - 開始生成特徵...
2024-11-01 16:23:40,343 - ERROR - 缺少必要欄位: ['收盤價', '開盤價', '最高價', '最低價', '成交股數']
2024-11-01 16:23:40,345 - ERROR - 生成特徵失敗: 數據驗證失敗
2024-11-01 16:23:40,347 - ERROR - 處理股票 1218 時發生錯誤: 數據驗證失敗
2024-11-01 16:23:55,769 - INFO - 開始生成特徵...
2024-11-01 16:23:55,774 - ERROR - 缺少必要欄位: ['收盤價', '開盤價', '最高價', '最低價', '成交股數']
2024-11-01 16:23:55,780 - ERROR - 生成特徵失敗: 數據驗證失敗
2024-11-01 16:23:55,784 - ERROR - 處理股票 1219 時發生錯誤: 數據驗證失敗
2024-11-01 16:24:08,836 - INFO - 開始生成特徵...
2024-11-01 16:24:08,840 - ERROR - 缺少必要欄位: ['收盤價', '開盤價', '最高價', '最低價', '成交股數']
2024-11-01 16:24:08,843 - ERROR - 生成特徵失敗: 數據驗證失敗
2024-11-01 16:24:08,846 - ERROR - 處理股票 1220 時發生錯誤: 數據驗證失敗
2024-11-01 16:24:21,133 - INFO - 開始生成特徵...
2024-11-01 16:24:21,135 - ERROR - 缺少必要欄位: ['收盤價', '開盤價', '最高價', '最低價', '成交股數']
2024-11-01 16:24:21,136 - ERROR - 生成特徵失敗: 數據驗證失敗
2024-11-01 16:24:21,137 - ERROR - 處理股票 1225 時發生錯誤: 數據驗證失敗
2024-11-01 16:24:35,157 - INFO - 開始生成特徵...
2024-11-01 16:24:35,160 - ERROR - 缺少必要欄位: ['收盤價', '開盤價', '最高價', '最低價', '成交股數']
2024-11-01 16:24:35,164 - ERROR - 生成特徵失敗: 數據驗證失敗
2024-11-01 16:24:35,166 - ERROR - 處理股票 1227 時發生錯誤: 數據驗證失敗
2024-11-01 16:24:49,333 - INFO - 開始生成特徵...
2024-11-01 16:24:49,337 - ERROR - 缺少必要欄位: ['收盤價', '開盤價', '最高價', '最低價', '成交股數']
2024-11-01 16:24:49,342 - ERROR - 生成特徵失敗: 數據驗證失敗
2024-11-01 16:24:49,347 - ERROR - 處理股票 1229 時發生錯誤: 數據驗證失敗
2024-11-01 16:25:04,594 - INFO - 開始生成特徵...
2024-11-01 16:25:04,596 - ERROR - 缺少必要欄位: ['收盤價', '開盤價', '最高價', '最低價', '成交股數']
2024-11-01 16:25:04,598 - ERROR - 生成特徵失敗: 數據驗證失敗
2024-11-01 16:25:04,600 - ERROR - 處理股票 1231 時發生錯誤: 數據驗證失敗
2024-11-01 16:25:18,047 - INFO - 開始生成特徵...
2024-11-01 16:25:18,049 - ERROR - 缺少必要欄位: ['收盤價', '開盤價', '最高價', '最低價', '成交股數']
2024-11-01 16:25:18,051 - ERROR - 生成特徵失敗: 數據驗證失敗
2024-11-01 16:25:18,053 - ERROR - 處理股票 1232 時發生錯誤: 數據驗證失敗
2024-11-01 16:25:34,930 - INFO - 開始生成特徵...
2024-11-01 16:25:34,936 - ERROR - 缺少必要欄位: ['收盤價', '開盤價', '最高價', '最低價', '成交股數']
2024-11-01 16:25:34,943 - ERROR - 生成特徵失敗: 數據驗證失敗
2024-11-01 16:25:34,952 - ERROR - 處理股票 1233 時發生錯誤: 數據驗證失敗
2024-11-01 16:25:49,205 - INFO - 開始生成特徵...
2024-11-01 16:25:49,208 - ERROR - 缺少必要欄位: ['收盤價', '開盤價', '最高價', '最低價', '成交股數']
2024-11-01 16:25:49,210 - ERROR - 生成特徵失敗: 數據驗證失敗
2024-11-01 16:25:49,211 - ERROR - 處理股票 1234 時發生錯誤: 數據驗證失敗
2024-11-01 16:26:04,265 - INFO - 開始生成特徵...
2024-11-01 16:26:04,267 - ERROR - 缺少必要欄位: ['收盤價', '開盤價', '最高價', '最低價', '成交股數']
2024-11-01 16:26:04,269 - ERROR - 生成特徵失敗: 數據驗證失敗
2024-11-01 16:26:04,271 - ERROR - 處理股票 1235 時發生錯誤: 數據驗證失敗
2024-11-01 16:26:18,053 - INFO - 開始生成特徵...
2024-11-01 16:26:18,054 - ERROR - 缺少必要欄位: ['收盤價', '開盤價', '最高價', '最低價', '成交股數']
2024-11-01 16:26:18,056 - ERROR - 生成特徵失敗: 數據驗證失敗
2024-11-01 16:26:18,057 - ERROR - 處理股票 1236 時發生錯誤: 數據驗證失敗
2024-11-01 16:26:30,600 - INFO - 開始生成特徵...
2024-11-01 16:26:30,604 - ERROR - 缺少必要欄位: ['收盤價', '開盤價', '最高價', '最低價', '成交股數']
2024-11-01 16:26:30,609 - ERROR - 生成特徵失敗: 數據驗證失敗
2024-11-01 16:26:30,614 - ERROR - 處理股票 1256 時發生錯誤: 數據驗證失敗
2024-11-01 16:26:44,599 - WARNING - 股票 1262 無數據，跳過處理
2024-11-01 16:26:58,444 - INFO - 開始生成特徵...
2024-11-01 16:26:58,445 - ERROR - 缺少必要欄位: ['收盤價', '開盤價', '最高價', '最低價', '成交股數']
2024-11-01 16:26:58,447 - ERROR - 生成特徵失敗: 數據驗證失敗
2024-11-01 16:26:58,449 - ERROR - 處理股票 1301 時發生錯誤: 數據驗證失敗
2024-11-01 16:27:12,724 - INFO - 開始生成特徵...
2024-11-01 16:27:12,726 - ERROR - 缺少必要欄位: ['收盤價', '開盤價', '最高價', '最低價', '成交股數']
2024-11-01 16:27:12,728 - ERROR - 生成特徵失敗: 數據驗證失敗
2024-11-01 16:27:12,731 - ERROR - 處理股票 1303 時發生錯誤: 數據驗證失敗
2024-11-01 16:27:27,813 - INFO - 開始生成特徵...
2024-11-01 16:27:27,817 - ERROR - 缺少必要欄位: ['收盤價', '開盤價', '最高價', '最低價', '成交股數']
2024-11-01 16:27:27,820 - ERROR - 生成特徵失敗: 數據驗證失敗
2024-11-01 16:27:27,824 - ERROR - 處理股票 1304 時發生錯誤: 數據驗證失敗
2024-11-01 16:27:43,266 - INFO - 開始生成特徵...
2024-11-01 16:27:43,268 - ERROR - 缺少必要欄位: ['收盤價', '開盤價', '最高價', '最低價', '成交股數']
2024-11-01 16:27:43,269 - ERROR - 生成特徵失敗: 數據驗證失敗
2024-11-01 16:27:43,270 - ERROR - 處理股票 1305 時發生錯誤: 數據驗證失敗
2024-11-01 16:27:56,058 - INFO - 開始生成特徵...
2024-11-01 16:27:56,059 - ERROR - 缺少必要欄位: ['收盤價', '開盤價', '最高價', '最低價', '成交股數']
2024-11-01 16:27:56,061 - ERROR - 生成特徵失敗: 數據驗證失敗
2024-11-01 16:27:56,062 - ERROR - 處理股票 1307 時發生錯誤: 數據驗證失敗
2024-11-01 16:28:10,936 - INFO - 開始生成特徵...
2024-11-01 16:28:10,938 - ERROR - 缺少必要欄位: ['收盤價', '開盤價', '最高價', '最低價', '成交股數']
2024-11-01 16:28:10,941 - ERROR - 生成特徵失敗: 數據驗證失敗
2024-11-01 16:28:10,943 - ERROR - 處理股票 1308 時發生錯誤: 數據驗證失敗
2024-11-01 16:28:17,270 - ERROR - 載入數據時發生錯誤: Error tokenizing data. C error: Calling read(nbytes) on source failed. Try engine='python'.
2024-11-01 16:28:17,277 - ERROR - 處理股票 1309 時發生錯誤: Error tokenizing data. C error: Calling read(nbytes) on source failed. Try engine='python'.
