2024-11-25 13:38:07,405 - INFO - 開始處理產業類股指數數據
2024-11-25 13:38:08,909 - WARNING - 日期 20241125 未擷取到任何產業指數
2024-11-25 13:38:08,913 - INFO - 沒有新的產業類股指數數據需要處理
2024-11-25 13:39:28,532 - INFO - 開始處理產業類股指數數據
2024-11-25 13:39:29,944 - WARNING - 日期 20241125 未擷取到任何產業指數
2024-11-25 13:39:29,946 - INFO - 沒有新的產業類股指數數據需要處理
2024-11-25 13:41:01,175 - INFO - 開始處理產業類股指數數據
2024-11-25 13:41:01,176 - ERROR - 處理產業類股指數數據時發生錯誤: 'str' object has no attribute 'strftime'
2024-11-25 13:41:43,469 - INFO - 開始處理產業類股指數數據: 20241122
2024-11-25 13:41:44,794 - WARNING - 日期 20241122 未擷取到任何產業指數
2024-11-25 13:41:44,798 - INFO - 沒有新的產業類股指數數據需要處理
2024-11-25 13:41:54,204 - INFO - 開始處理產業類股指數數據: 20241121
2024-11-25 13:41:55,405 - WARNING - 日期 20241121 未擷取到任何產業指數
2024-11-25 13:41:55,410 - INFO - 沒有新的產業類股指數數據需要處理
2024-11-25 13:42:04,601 - INFO - 開始處理產業類股指數數據: 20241122
2024-11-25 13:42:05,805 - WARNING - 日期 20241122 未擷取到任何產業指數
2024-11-25 13:42:05,810 - INFO - 沒有新的產業類股指數數據需要處理
2024-11-25 13:43:35,075 - INFO - 開始處理產業類股指數數據: 20241122
2024-11-25 13:43:40,317 - INFO - 產業類股指數數據已更新並保存到: D:\Min\Python\Project\FA_Data\meta_data\industry_category_index.csv
2024-11-25 13:47:53,594 - INFO - 開始處理產業類股指數數據: 20241122
2024-11-25 13:47:53,597 - INFO - 已讀取現有數據，共 41 筆記錄
2024-11-25 13:47:57,149 - INFO - 已取得 36 個類報酬指數
2024-11-25 13:47:57,151 - INFO - 已取得 39 個類指數
2024-11-25 13:47:57,171 - INFO - 產業類股指數數據已更新並保存到: D:\Min\Python\Project\FA_Data\meta_data\industry_category_index.csv
2024-11-25 13:50:08,240 - INFO - 開始處理產業類股指數數據: 20241122
2024-11-25 13:50:39,393 - WARNING - 請求失敗 (嘗試 1/3): HTTPSConnectionPool(host='www.twse.com.tw', port=443): Read timed out. (read timeout=30)
2024-11-25 13:50:48,589 - INFO - 已取得 36 個類報酬指數
2024-11-25 13:50:48,591 - INFO - 已取得 39 個類指數
2024-11-25 13:50:48,611 - INFO - 產業類股指數數據已更新並保存到: D:\Min\Python\Project\FA_Data\meta_data\industry_index.csv
2024-11-25 13:52:40,124 - WARNING - 需要確認產業對應關係的項目:
['觀光類', '電子工業類']
請檢查這些產業是否應該對應到現有的產業指數
2024-11-25 13:52:40,125 - ERROR - 缺少以下產業的分析檔案:
['食品類']
請確認檔案是否存在或名稱是否正確
2024-11-25 13:52:40,127 - INFO - 
建議動作:
2024-11-25 13:52:40,128 - INFO - 1. 請在 companies_final.csv 中檢查以下產業的分類:
   ['觀光類', '電子工業類']
   - 確認是否應該對應到現有產業指數
   - 如果是新產業，請確認是否需要建立新的產業指數
2024-11-25 13:52:40,128 - INFO - 2. 請檢查以下產業的分析檔案:
   ['食品類']
   - 確認檔案是否已生成
   - 檢查檔案命名是否正確
2024-11-25 14:18:11,489 - INFO - 開始處理產業類股指數數據: 20241122
2024-11-25 14:18:20,186 - INFO - 已取得 36 個類報酬指數
2024-11-25 14:18:20,187 - INFO - 已取得 39 個類指數
2024-11-25 14:18:20,206 - INFO - 產業類股指數數據已更新並保存到: D:\Min\Python\Project\FA_Data\meta_data\industry_index.csv
2024-11-27 00:11:25,699 - ERROR - No such comm target registered: jupyter.widget.control
2024-11-27 00:11:25,712 - WARNING - No such comm: 1cb83335-fb0f-49fb-be1c-fb6cfe688e0e
