2024-11-15 14:18:13,229 - WARNING - 數據存在缺失值:
2024-11-15 14:18:13,232 - WARNING - 趨勢強度: 19 個缺失值
2024-11-15 14:18:13,234 - WARNING - 振幅: 1 個缺失值
2024-11-15 14:18:13,235 - WARNING - 量能趨勢: 19 個缺失值
2024-11-15 14:18:13,236 - WARNING - 量比: 19 個缺失值
2024-11-15 14:18:13,237 - WARNING - MACD: 33 個缺失值
2024-11-15 14:18:13,238 - WARNING - 均線糾結度: 29 個缺失值
2024-11-15 14:18:13,239 - WARNING - 波動率: 19 個缺失值
2024-11-15 14:18:13,241 - WARNING - RSI_動能: 1 個缺失值
2024-11-15 14:18:13,243 - WARNING - MACD_動能: 34 個缺失值
2024-11-15 14:18:13,245 - WARNING - 本益比_相對值: 29 個缺失值
2024-11-15 14:18:38,625 - WARNING - 數據存在缺失值:
2024-11-15 14:18:38,627 - WARNING - 趨勢強度: 19 個缺失值
2024-11-15 14:18:38,629 - WARNING - 振幅: 1 個缺失值
2024-11-15 14:18:38,630 - WARNING - 量能趨勢: 19 個缺失值
2024-11-15 14:18:38,631 - WARNING - 量比: 19 個缺失值
2024-11-15 14:18:38,632 - WARNING - MACD: 33 個缺失值
2024-11-15 14:18:38,633 - WARNING - 均線糾結度: 29 個缺失值
2024-11-15 14:18:38,633 - WARNING - 波動率: 19 個缺失值
2024-11-15 14:18:38,634 - WARNING - RSI_動能: 1 個缺失值
2024-11-15 14:18:38,635 - WARNING - MACD_動能: 34 個缺失值
2024-11-15 14:18:38,635 - WARNING - 本益比_相對值: 29 個缺失值
2024-11-15 14:19:03,845 - WARNING - 數據存在缺失值:
2024-11-15 14:19:03,846 - WARNING - 趨勢強度: 39 個缺失值
2024-11-15 14:19:03,848 - WARNING - 振幅: 3 個缺失值
2024-11-15 14:19:03,849 - WARNING - 量能趨勢: 19 個缺失值
2024-11-15 14:19:03,849 - WARNING - 量比: 19 個缺失值
2024-11-15 14:19:03,850 - WARNING - MACD: 2132 個缺失值
2024-11-15 14:19:03,851 - WARNING - 均線糾結度: 29 個缺失值
2024-11-15 14:19:03,851 - WARNING - 波動率: 39 個缺失值
2024-11-15 14:19:03,852 - WARNING - RSI_動能: 1 個缺失值
2024-11-15 14:19:03,852 - WARNING - MACD_動能: 2133 個缺失值
2024-11-15 14:19:03,852 - WARNING - 本益比_相對值: 29 個缺失值
2024-11-15 14:19:27,064 - WARNING - 數據存在缺失值:
2024-11-15 14:19:27,065 - WARNING - 趨勢強度: 19 個缺失值
2024-11-15 14:19:27,066 - WARNING - 振幅: 1 個缺失值
2024-11-15 14:19:27,067 - WARNING - 量能趨勢: 19 個缺失值
2024-11-15 14:19:27,068 - WARNING - 量比: 19 個缺失值
2024-11-15 14:19:27,068 - WARNING - MACD: 33 個缺失值
2024-11-15 14:19:27,069 - WARNING - 均線糾結度: 29 個缺失值
2024-11-15 14:19:27,070 - WARNING - 波動率: 19 個缺失值
2024-11-15 14:19:27,070 - WARNING - RSI_動能: 1 個缺失值
2024-11-15 14:19:27,071 - WARNING - MACD_動能: 34 個缺失值
2024-11-15 14:19:27,071 - WARNING - 本益比_相對值: 29 個缺失值
2024-11-15 14:19:49,501 - WARNING - 數據存在缺失值:
2024-11-15 14:19:49,502 - WARNING - 趨勢強度: 19 個缺失值
2024-11-15 14:19:49,503 - WARNING - 振幅: 1 個缺失值
2024-11-15 14:19:49,504 - WARNING - 量能趨勢: 19 個缺失值
2024-11-15 14:19:49,505 - WARNING - 量比: 19 個缺失值
2024-11-15 14:19:49,506 - WARNING - MACD: 33 個缺失值
2024-11-15 14:19:49,506 - WARNING - 均線糾結度: 29 個缺失值
2024-11-15 14:19:49,506 - WARNING - 波動率: 19 個缺失值
2024-11-15 14:19:49,508 - WARNING - RSI_動能: 1 個缺失值
2024-11-15 14:19:49,509 - WARNING - MACD_動能: 34 個缺失值
2024-11-15 14:19:49,509 - WARNING - 本益比_相對值: 29 個缺失值
2024-11-15 14:20:15,351 - WARNING - 數據存在缺失值:
2024-11-15 14:20:15,352 - WARNING - 趨勢強度: 19 個缺失值
2024-11-15 14:20:15,353 - WARNING - 振幅: 1 個缺失值
2024-11-15 14:20:15,354 - WARNING - 量能趨勢: 19 個缺失值
2024-11-15 14:20:15,354 - WARNING - 量比: 19 個缺失值
2024-11-15 14:20:15,355 - WARNING - MACD: 33 個缺失值
2024-11-15 14:20:15,355 - WARNING - 均線糾結度: 29 個缺失值
2024-11-15 14:20:15,356 - WARNING - 波動率: 19 個缺失值
2024-11-15 14:20:15,356 - WARNING - RSI_動能: 1 個缺失值
2024-11-15 14:20:15,357 - WARNING - MACD_動能: 34 個缺失值
2024-11-15 14:20:15,357 - WARNING - 本益比_相對值: 1215 個缺失值
2024-11-15 14:20:38,819 - WARNING - 數據存在缺失值:
2024-11-15 14:20:38,821 - WARNING - 趨勢強度: 39 個缺失值
2024-11-15 14:20:38,822 - WARNING - 振幅: 3 個缺失值
2024-11-15 14:20:38,822 - WARNING - 量能趨勢: 19 個缺失值
2024-11-15 14:20:38,823 - WARNING - 量比: 19 個缺失值
2024-11-15 14:20:38,824 - WARNING - MACD: 2138 個缺失值
2024-11-15 14:20:38,824 - WARNING - 均線糾結度: 29 個缺失值
2024-11-15 14:20:38,825 - WARNING - 波動率: 39 個缺失值
2024-11-15 14:20:38,826 - WARNING - RSI_動能: 1 個缺失值
2024-11-15 14:20:38,826 - WARNING - MACD_動能: 2139 個缺失值
2024-11-15 14:20:38,827 - WARNING - 本益比_相對值: 29 個缺失值
2024-11-15 14:21:02,449 - WARNING - 數據存在缺失值:
2024-11-15 14:21:02,450 - WARNING - 趨勢強度: 19 個缺失值
2024-11-15 14:21:02,450 - WARNING - 振幅: 1 個缺失值
2024-11-15 14:21:02,451 - WARNING - 量能趨勢: 19 個缺失值
2024-11-15 14:21:02,452 - WARNING - 量比: 19 個缺失值
2024-11-15 14:21:02,453 - WARNING - MACD: 33 個缺失值
2024-11-15 14:21:02,454 - WARNING - 均線糾結度: 29 個缺失值
2024-11-15 14:21:02,455 - WARNING - 波動率: 19 個缺失值
2024-11-15 14:21:02,455 - WARNING - RSI_動能: 1 個缺失值
2024-11-15 14:21:02,457 - WARNING - MACD_動能: 34 個缺失值
2024-11-15 14:21:02,457 - WARNING - 本益比_相對值: 29 個缺失值
2024-11-15 14:21:25,528 - WARNING - 數據存在缺失值:
2024-11-15 14:21:25,529 - WARNING - 趨勢強度: 19 個缺失值
2024-11-15 14:21:25,530 - WARNING - 振幅: 1 個缺失值
2024-11-15 14:21:25,531 - WARNING - 量能趨勢: 19 個缺失值
2024-11-15 14:21:25,531 - WARNING - 量比: 19 個缺失值
2024-11-15 14:21:25,532 - WARNING - MACD: 33 個缺失值
2024-11-15 14:21:25,533 - WARNING - 均線糾結度: 29 個缺失值
2024-11-15 14:21:25,533 - WARNING - 波動率: 19 個缺失值
2024-11-15 14:21:25,534 - WARNING - RSI_動能: 1 個缺失值
2024-11-15 14:21:25,534 - WARNING - MACD_動能: 34 個缺失值
2024-11-15 14:21:25,535 - WARNING - 本益比_相對值: 245 個缺失值
2024-11-15 14:21:48,689 - WARNING - 數據存在缺失值:
2024-11-15 14:21:48,692 - WARNING - 趨勢強度: 19 個缺失值
2024-11-15 14:21:48,693 - WARNING - 振幅: 1 個缺失值
2024-11-15 14:21:48,694 - WARNING - 量能趨勢: 19 個缺失值
2024-11-15 14:21:48,696 - WARNING - 量比: 19 個缺失值
2024-11-15 14:21:48,697 - WARNING - MACD: 33 個缺失值
2024-11-15 14:21:48,698 - WARNING - 均線糾結度: 29 個缺失值
2024-11-15 14:21:48,699 - WARNING - 波動率: 19 個缺失值
2024-11-15 14:21:48,699 - WARNING - RSI_動能: 1 個缺失值
2024-11-15 14:21:48,700 - WARNING - MACD_動能: 34 個缺失值
2024-11-15 14:21:48,700 - WARNING - 本益比_相對值: 308 個缺失值
