2025-02-11 13:29:16 [INFO] FeatureManager: 處理股票 2330...
2025-02-11 13:29:21 [WARNING] FeatureManager: 找不到股票 2330 的技術指標檔案: D:\Min\Python\Project\FA_Data\technical_analysis\2330_technical.csv
2025-02-11 13:29:21 [INFO] FeatureManager: 處理股票 2317...
2025-02-11 13:29:28 [WARNING] FeatureManager: 找不到股票 2317 的技術指標檔案: D:\Min\Python\Project\FA_Data\technical_analysis\2317_technical.csv
2025-02-11 13:29:28 [INFO] FeatureManager: 處理股票 1101...
2025-02-11 13:29:33 [WARNING] FeatureManager: 找不到股票 1101 的技術指標檔案: D:\Min\Python\Project\FA_Data\technical_analysis\1101_technical.csv
2025-02-11 13:29:33 [INFO] FeatureManager: 處理股票 2891...
2025-02-11 13:29:39 [WARNING] FeatureManager: 找不到股票 2891 的技術指標檔案: D:\Min\Python\Project\FA_Data\technical_analysis\2891_technical.csv
2025-02-11 13:29:39 [INFO] FeatureManager: 處理股票 2303...
2025-02-11 13:29:46 [WARNING] FeatureManager: 找不到股票 2303 的技術指標檔案: D:\Min\Python\Project\FA_Data\technical_analysis\2303_technical.csv
2025-02-11 13:29:46 [INFO] FeatureManager: 處理報告已生成: D:\Min\Python\Project\FA_Data\meta_data\feature_generation_report.txt
2025-02-11 13:29:46 [ERROR] FeatureManager: 缺少必要欄位: 開盤價, 最高價, 最低價, 收盤價, 成交股數
2025-02-11 13:29:46 [ERROR] FeatureManager: 生成產業 水泥工業 特徵時發生錯誤: 缺少必要欄位: 開盤價, 最高價, 最低價, 收盤價, 成交股數
2025-02-11 13:29:46 [ERROR] FeatureManager: 處理產業 水泥工業 時發生錯誤: 缺少必要欄位: 開盤價, 最高價, 最低價, 收盤價, 成交股數
2025-02-11 13:29:46 [ERROR] FeatureManager: 缺少必要欄位: 開盤價, 最高價, 最低價, 收盤價, 成交股數
2025-02-11 13:29:46 [ERROR] FeatureManager: 生成產業 其他業 特徵時發生錯誤: 缺少必要欄位: 開盤價, 最高價, 最低價, 收盤價, 成交股數
2025-02-11 13:29:46 [ERROR] FeatureManager: 處理產業 其他業 時發生錯誤: 缺少必要欄位: 開盤價, 最高價, 最低價, 收盤價, 成交股數
2025-02-11 13:29:46 [ERROR] FeatureManager: 缺少必要欄位: 開盤價, 最高價, 最低價, 收盤價, 成交股數
2025-02-11 13:29:46 [ERROR] FeatureManager: 生成產業 食品工業 特徵時發生錯誤: 缺少必要欄位: 開盤價, 最高價, 最低價, 收盤價, 成交股數
2025-02-11 13:29:46 [ERROR] FeatureManager: 處理產業 食品工業 時發生錯誤: 缺少必要欄位: 開盤價, 最高價, 最低價, 收盤價, 成交股數
2025-02-11 13:29:46 [ERROR] FeatureManager: 缺少必要欄位: 開盤價, 最高價, 最低價, 收盤價, 成交股數
2025-02-11 13:29:46 [ERROR] FeatureManager: 生成產業 電器電纜業 特徵時發生錯誤: 缺少必要欄位: 開盤價, 最高價, 最低價, 收盤價, 成交股數
2025-02-11 13:29:46 [ERROR] FeatureManager: 處理產業 電器電纜業 時發生錯誤: 缺少必要欄位: 開盤價, 最高價, 最低價, 收盤價, 成交股數
2025-02-11 13:29:46 [INFO] FeatureManager: 農業生技類: 無對應指數，跳過處理
2025-02-11 13:29:46 [ERROR] FeatureManager: 缺少必要欄位: 開盤價, 最高價, 最低價, 收盤價, 成交股數
2025-02-11 13:29:46 [ERROR] FeatureManager: 生成產業 觀光業 特徵時發生錯誤: 缺少必要欄位: 開盤價, 最高價, 最低價, 收盤價, 成交股數
2025-02-11 13:29:46 [ERROR] FeatureManager: 處理產業 觀光業 時發生錯誤: 缺少必要欄位: 開盤價, 最高價, 最低價, 收盤價, 成交股數
2025-02-11 13:29:46 [ERROR] FeatureManager: 缺少必要欄位: 開盤價, 最高價, 最低價, 收盤價, 成交股數
2025-02-11 13:29:46 [ERROR] FeatureManager: 生成產業 觀光餐旅業 特徵時發生錯誤: 缺少必要欄位: 開盤價, 最高價, 最低價, 收盤價, 成交股數
2025-02-11 13:29:46 [ERROR] FeatureManager: 處理產業 觀光餐旅業 時發生錯誤: 缺少必要欄位: 開盤價, 最高價, 最低價, 收盤價, 成交股數
2025-02-11 13:29:46 [ERROR] FeatureManager: 缺少必要欄位: 開盤價, 最高價, 最低價, 收盤價, 成交股數
2025-02-11 13:29:46 [ERROR] FeatureManager: 生成產業 生技醫療業 特徵時發生錯誤: 缺少必要欄位: 開盤價, 最高價, 最低價, 收盤價, 成交股數
2025-02-11 13:29:46 [ERROR] FeatureManager: 處理產業 生技醫療業 時發生錯誤: 缺少必要欄位: 開盤價, 最高價, 最低價, 收盤價, 成交股數
2025-02-11 13:29:46 [ERROR] FeatureManager: 缺少必要欄位: 開盤價, 最高價, 最低價, 收盤價, 成交股數
2025-02-11 13:29:46 [ERROR] FeatureManager: 生成產業 塑膠工業 特徵時發生錯誤: 缺少必要欄位: 開盤價, 最高價, 最低價, 收盤價, 成交股數
2025-02-11 13:29:46 [ERROR] FeatureManager: 處理產業 塑膠工業 時發生錯誤: 缺少必要欄位: 開盤價, 最高價, 最低價, 收盤價, 成交股數
2025-02-11 13:29:46 [ERROR] FeatureManager: 缺少必要欄位: 開盤價, 最高價, 最低價, 收盤價, 成交股數
2025-02-11 13:29:46 [ERROR] FeatureManager: 生成產業 建材營造業 特徵時發生錯誤: 缺少必要欄位: 開盤價, 最高價, 最低價, 收盤價, 成交股數
2025-02-11 13:29:46 [ERROR] FeatureManager: 處理產業 建材營造業 時發生錯誤: 缺少必要欄位: 開盤價, 最高價, 最低價, 收盤價, 成交股數
2025-02-11 13:29:46 [ERROR] FeatureManager: 缺少必要欄位: 開盤價, 最高價, 最低價, 收盤價, 成交股數
2025-02-11 13:29:46 [ERROR] FeatureManager: 生成產業 汽車工業 特徵時發生錯誤: 缺少必要欄位: 開盤價, 最高價, 最低價, 收盤價, 成交股數
2025-02-11 13:29:46 [ERROR] FeatureManager: 處理產業 汽車工業 時發生錯誤: 缺少必要欄位: 開盤價, 最高價, 最低價, 收盤價, 成交股數
2025-02-11 13:29:46 [ERROR] FeatureManager: 缺少必要欄位: 開盤價, 最高價, 最低價, 收盤價, 成交股數
2025-02-11 13:29:46 [ERROR] FeatureManager: 生成產業 電子零組件業 特徵時發生錯誤: 缺少必要欄位: 開盤價, 最高價, 最低價, 收盤價, 成交股數
2025-02-11 13:29:46 [ERROR] FeatureManager: 處理產業 電子零組件業 時發生錯誤: 缺少必要欄位: 開盤價, 最高價, 最低價, 收盤價, 成交股數
2025-02-11 13:29:46 [ERROR] FeatureManager: 缺少必要欄位: 開盤價, 最高價, 最低價, 收盤價, 成交股數
2025-02-11 13:29:46 [ERROR] FeatureManager: 生成產業 綠能環保業 特徵時發生錯誤: 缺少必要欄位: 開盤價, 最高價, 最低價, 收盤價, 成交股數
2025-02-11 13:29:46 [ERROR] FeatureManager: 處理產業 綠能環保業 時發生錯誤: 缺少必要欄位: 開盤價, 最高價, 最低價, 收盤價, 成交股數
2025-02-11 13:29:46 [ERROR] FeatureManager: 缺少必要欄位: 開盤價, 最高價, 最低價, 收盤價, 成交股數
2025-02-11 13:29:46 [ERROR] FeatureManager: 生成產業 紡織纖維業 特徵時發生錯誤: 缺少必要欄位: 開盤價, 最高價, 最低價, 收盤價, 成交股數
2025-02-11 13:29:46 [ERROR] FeatureManager: 處理產業 紡織纖維業 時發生錯誤: 缺少必要欄位: 開盤價, 最高價, 最低價, 收盤價, 成交股數
2025-02-11 13:29:46 [ERROR] FeatureManager: 缺少必要欄位: 開盤價, 最高價, 最低價, 收盤價, 成交股數
2025-02-11 13:29:46 [ERROR] FeatureManager: 生成產業 貿易百貨業 特徵時發生錯誤: 缺少必要欄位: 開盤價, 最高價, 最低價, 收盤價, 成交股數
2025-02-11 13:29:46 [ERROR] FeatureManager: 處理產業 貿易百貨業 時發生錯誤: 缺少必要欄位: 開盤價, 最高價, 最低價, 收盤價, 成交股數
2025-02-11 13:29:46 [ERROR] FeatureManager: 缺少必要欄位: 開盤價, 最高價, 最低價, 收盤價, 成交股數
2025-02-11 13:29:46 [ERROR] FeatureManager: 生成產業 運動休閒業 特徵時發生錯誤: 缺少必要欄位: 開盤價, 最高價, 最低價, 收盤價, 成交股數
2025-02-11 13:29:46 [ERROR] FeatureManager: 處理產業 運動休閒業 時發生錯誤: 缺少必要欄位: 開盤價, 最高價, 最低價, 收盤價, 成交股數
2025-02-11 13:29:46 [ERROR] FeatureManager: 缺少必要欄位: 開盤價, 最高價, 最低價, 收盤價, 成交股數
2025-02-11 13:29:46 [ERROR] FeatureManager: 生成產業 電子工業 特徵時發生錯誤: 缺少必要欄位: 開盤價, 最高價, 最低價, 收盤價, 成交股數
2025-02-11 13:29:46 [ERROR] FeatureManager: 處理產業 電子工業 時發生錯誤: 缺少必要欄位: 開盤價, 最高價, 最低價, 收盤價, 成交股數
2025-02-11 13:29:46 [ERROR] FeatureManager: 缺少必要欄位: 開盤價, 最高價, 最低價, 收盤價, 成交股數
2025-02-11 13:29:46 [ERROR] FeatureManager: 生成產業 鋼鐵工業 特徵時發生錯誤: 缺少必要欄位: 開盤價, 最高價, 最低價, 收盤價, 成交股數
2025-02-11 13:29:46 [ERROR] FeatureManager: 處理產業 鋼鐵工業 時發生錯誤: 缺少必要欄位: 開盤價, 最高價, 最低價, 收盤價, 成交股數
2025-02-11 13:29:46 [ERROR] FeatureManager: 缺少必要欄位: 開盤價, 最高價, 最低價, 收盤價, 成交股數
2025-02-11 13:29:46 [ERROR] FeatureManager: 生成產業 電機機械業 特徵時發生錯誤: 缺少必要欄位: 開盤價, 最高價, 最低價, 收盤價, 成交股數
2025-02-11 13:29:46 [ERROR] FeatureManager: 處理產業 電機機械業 時發生錯誤: 缺少必要欄位: 開盤價, 最高價, 最低價, 收盤價, 成交股數
2025-02-11 13:29:46 [ERROR] FeatureManager: 缺少必要欄位: 開盤價, 最高價, 最低價, 收盤價, 成交股數
2025-02-11 13:29:46 [ERROR] FeatureManager: 生成產業 電腦及週邊設備業 特徵時發生錯誤: 缺少必要欄位: 開盤價, 最高價, 最低價, 收盤價, 成交股數
2025-02-11 13:29:46 [ERROR] FeatureManager: 處理產業 電腦及週邊設備業 時發生錯誤: 缺少必要欄位: 開盤價, 最高價, 最低價, 收盤價, 成交股數
2025-02-11 13:29:46 [ERROR] FeatureManager: 缺少必要欄位: 開盤價, 最高價, 最低價, 收盤價, 成交股數
2025-02-11 13:29:46 [ERROR] FeatureManager: 生成產業 化學生技醫療業 特徵時發生錯誤: 缺少必要欄位: 開盤價, 最高價, 最低價, 收盤價, 成交股數
2025-02-11 13:29:46 [ERROR] FeatureManager: 處理產業 化學生技醫療業 時發生錯誤: 缺少必要欄位: 開盤價, 最高價, 最低價, 收盤價, 成交股數
2025-02-11 13:29:46 [ERROR] FeatureManager: 缺少必要欄位: 開盤價, 最高價, 最低價, 收盤價, 成交股數
2025-02-11 13:29:46 [ERROR] FeatureManager: 生成產業 化學工業 特徵時發生錯誤: 缺少必要欄位: 開盤價, 最高價, 最低價, 收盤價, 成交股數
2025-02-11 13:29:46 [ERROR] FeatureManager: 處理產業 化學工業 時發生錯誤: 缺少必要欄位: 開盤價, 最高價, 最低價, 收盤價, 成交股數
2025-02-11 13:29:46 [ERROR] FeatureManager: 缺少必要欄位: 開盤價, 最高價, 最低價, 收盤價, 成交股數
2025-02-11 13:29:46 [ERROR] FeatureManager: 生成產業 其他電子業 特徵時發生錯誤: 缺少必要欄位: 開盤價, 最高價, 最低價, 收盤價, 成交股數
2025-02-11 13:29:46 [ERROR] FeatureManager: 處理產業 其他電子業 時發生錯誤: 缺少必要欄位: 開盤價, 最高價, 最低價, 收盤價, 成交股數
2025-02-11 13:29:46 [ERROR] FeatureManager: 缺少必要欄位: 開盤價, 最高價, 最低價, 收盤價, 成交股數
2025-02-11 13:29:46 [ERROR] FeatureManager: 生成產業 玻璃陶瓷業 特徵時發生錯誤: 缺少必要欄位: 開盤價, 最高價, 最低價, 收盤價, 成交股數
2025-02-11 13:29:46 [ERROR] FeatureManager: 處理產業 玻璃陶瓷業 時發生錯誤: 缺少必要欄位: 開盤價, 最高價, 最低價, 收盤價, 成交股數
2025-02-11 13:29:46 [ERROR] FeatureManager: 缺少必要欄位: 開盤價, 最高價, 最低價, 收盤價, 成交股數
2025-02-11 13:29:46 [ERROR] FeatureManager: 生成產業 造紙工業 特徵時發生錯誤: 缺少必要欄位: 開盤價, 最高價, 最低價, 收盤價, 成交股數
2025-02-11 13:29:46 [ERROR] FeatureManager: 處理產業 造紙工業 時發生錯誤: 缺少必要欄位: 開盤價, 最高價, 最低價, 收盤價, 成交股數
2025-02-11 13:29:46 [ERROR] FeatureManager: 缺少必要欄位: 開盤價, 最高價, 最低價, 收盤價, 成交股數
2025-02-11 13:29:46 [ERROR] FeatureManager: 生成產業 居家生活業 特徵時發生錯誤: 缺少必要欄位: 開盤價, 最高價, 最低價, 收盤價, 成交股數
2025-02-11 13:29:46 [ERROR] FeatureManager: 處理產業 居家生活業 時發生錯誤: 缺少必要欄位: 開盤價, 最高價, 最低價, 收盤價, 成交股數
2025-02-11 13:29:46 [ERROR] FeatureManager: 缺少必要欄位: 開盤價, 最高價, 最低價, 收盤價, 成交股數
2025-02-11 13:29:46 [ERROR] FeatureManager: 生成產業 橡膠工業 特徵時發生錯誤: 缺少必要欄位: 開盤價, 最高價, 最低價, 收盤價, 成交股數
2025-02-11 13:29:46 [ERROR] FeatureManager: 處理產業 橡膠工業 時發生錯誤: 缺少必要欄位: 開盤價, 最高價, 最低價, 收盤價, 成交股數
2025-02-11 13:29:46 [ERROR] FeatureManager: 缺少必要欄位: 開盤價, 最高價, 最低價, 收盤價, 成交股數
2025-02-11 13:29:46 [ERROR] FeatureManager: 生成產業 航運業 特徵時發生錯誤: 缺少必要欄位: 開盤價, 最高價, 最低價, 收盤價, 成交股數
2025-02-11 13:29:46 [ERROR] FeatureManager: 處理產業 航運業 時發生錯誤: 缺少必要欄位: 開盤價, 最高價, 最低價, 收盤價, 成交股數
2025-02-11 13:29:46 [ERROR] FeatureManager: 缺少必要欄位: 開盤價, 最高價, 最低價, 收盤價, 成交股數
2025-02-11 13:29:46 [ERROR] FeatureManager: 生成產業 半導體業 特徵時發生錯誤: 缺少必要欄位: 開盤價, 最高價, 最低價, 收盤價, 成交股數
2025-02-11 13:29:46 [ERROR] FeatureManager: 處理產業 半導體業 時發生錯誤: 缺少必要欄位: 開盤價, 最高價, 最低價, 收盤價, 成交股數
2025-02-11 13:29:46 [ERROR] FeatureManager: 缺少必要欄位: 開盤價, 最高價, 最低價, 收盤價, 成交股數
2025-02-11 13:29:46 [ERROR] FeatureManager: 生成產業 通信網路業 特徵時發生錯誤: 缺少必要欄位: 開盤價, 最高價, 最低價, 收盤價, 成交股數
2025-02-11 13:29:46 [ERROR] FeatureManager: 處理產業 通信網路業 時發生錯誤: 缺少必要欄位: 開盤價, 最高價, 最低價, 收盤價, 成交股數
2025-02-11 13:29:46 [ERROR] FeatureManager: 缺少必要欄位: 開盤價, 最高價, 最低價, 收盤價, 成交股數
2025-02-11 13:29:46 [ERROR] FeatureManager: 生成產業 光電業 特徵時發生錯誤: 缺少必要欄位: 開盤價, 最高價, 最低價, 收盤價, 成交股數
2025-02-11 13:29:46 [ERROR] FeatureManager: 處理產業 光電業 時發生錯誤: 缺少必要欄位: 開盤價, 最高價, 最低價, 收盤價, 成交股數
2025-02-11 13:29:46 [ERROR] FeatureManager: 缺少必要欄位: 開盤價, 最高價, 最低價, 收盤價, 成交股數
2025-02-11 13:29:46 [ERROR] FeatureManager: 生成產業 電子通路業 特徵時發生錯誤: 缺少必要欄位: 開盤價, 最高價, 最低價, 收盤價, 成交股數
2025-02-11 13:29:46 [ERROR] FeatureManager: 處理產業 電子通路業 時發生錯誤: 缺少必要欄位: 開盤價, 最高價, 最低價, 收盤價, 成交股數
2025-02-11 13:29:46 [ERROR] FeatureManager: 缺少必要欄位: 開盤價, 最高價, 最低價, 收盤價, 成交股數
2025-02-11 13:29:46 [ERROR] FeatureManager: 生成產業 資訊服務業 特徵時發生錯誤: 缺少必要欄位: 開盤價, 最高價, 最低價, 收盤價, 成交股數
2025-02-11 13:29:46 [ERROR] FeatureManager: 處理產業 資訊服務業 時發生錯誤: 缺少必要欄位: 開盤價, 最高價, 最低價, 收盤價, 成交股數
2025-02-11 13:29:46 [ERROR] FeatureManager: 缺少必要欄位: 開盤價, 最高價, 最低價, 收盤價, 成交股數
2025-02-11 13:29:46 [ERROR] FeatureManager: 生成產業 油電燃氣業 特徵時發生錯誤: 缺少必要欄位: 開盤價, 最高價, 最低價, 收盤價, 成交股數
2025-02-11 13:29:46 [ERROR] FeatureManager: 處理產業 油電燃氣業 時發生錯誤: 缺少必要欄位: 開盤價, 最高價, 最低價, 收盤價, 成交股數
2025-02-11 13:29:46 [ERROR] FeatureManager: 缺少必要欄位: 開盤價, 最高價, 最低價, 收盤價, 成交股數
2025-02-11 13:29:46 [ERROR] FeatureManager: 生成產業 數位雲端業 特徵時發生錯誤: 缺少必要欄位: 開盤價, 最高價, 最低價, 收盤價, 成交股數
2025-02-11 13:29:46 [ERROR] FeatureManager: 處理產業 數位雲端業 時發生錯誤: 缺少必要欄位: 開盤價, 最高價, 最低價, 收盤價, 成交股數
2025-02-11 13:29:46 [ERROR] FeatureManager: 缺少必要欄位: 開盤價, 最高價, 最低價, 收盤價, 成交股數
2025-02-11 13:29:46 [ERROR] FeatureManager: 生成產業 金融保險業 特徵時發生錯誤: 缺少必要欄位: 開盤價, 最高價, 最低價, 收盤價, 成交股數
2025-02-11 13:29:46 [ERROR] FeatureManager: 處理產業 金融保險業 時發生錯誤: 缺少必要欄位: 開盤價, 最高價, 最低價, 收盤價, 成交股數
2025-02-11 13:29:46 [INFO] FeatureManager: 文化創意類: 無對應指數，跳過處理
2025-02-11 13:29:46 [ERROR] FeatureManager: 缺少必要欄位: 開盤價, 最高價, 最低價, 收盤價, 成交股數
2025-02-11 13:29:46 [ERROR] FeatureManager: 生成產業 電子商務業 特徵時發生錯誤: 缺少必要欄位: 開盤價, 最高價, 最低價, 收盤價, 成交股數
2025-02-11 13:29:46 [ERROR] FeatureManager: 處理產業 電子商務業 時發生錯誤: 缺少必要欄位: 開盤價, 最高價, 最低價, 收盤價, 成交股數
2025-02-11 13:29:46 [ERROR] FeatureManager: 缺少必要欄位: 開盤價, 最高價, 最低價, 收盤價, 成交股數
2025-02-11 13:29:46 [ERROR] FeatureManager: 生成產業 金融業 特徵時發生錯誤: 缺少必要欄位: 開盤價, 最高價, 最低價, 收盤價, 成交股數
2025-02-11 13:29:46 [ERROR] FeatureManager: 處理產業 金融業 時發生錯誤: 缺少必要欄位: 開盤價, 最高價, 最低價, 收盤價, 成交股數
2025-02-11 13:29:46 [INFO] FeatureManager: 產業處理報告已生成: D:\Min\Python\Project\FA_Data\meta_data\industry_feature_generation_report.txt
2025-02-11 13:30:46 [INFO] FeatureManager: 處理股票 2330...
2025-02-11 13:30:53 [WARNING] FeatureManager: 找不到股票 2330 的技術指標檔案: D:\Min\Python\Project\FA_Data\technical_analysis\2330_technical.csv
2025-02-11 13:30:53 [INFO] FeatureManager: 處理股票 2317...
2025-02-11 13:31:00 [WARNING] FeatureManager: 找不到股票 2317 的技術指標檔案: D:\Min\Python\Project\FA_Data\technical_analysis\2317_technical.csv
2025-02-11 13:31:00 [INFO] FeatureManager: 處理股票 1101...
2025-02-11 13:31:07 [WARNING] FeatureManager: 找不到股票 1101 的技術指標檔案: D:\Min\Python\Project\FA_Data\technical_analysis\1101_technical.csv
2025-02-11 13:31:07 [INFO] FeatureManager: 處理股票 2891...
2025-02-11 13:31:15 [WARNING] FeatureManager: 找不到股票 2891 的技術指標檔案: D:\Min\Python\Project\FA_Data\technical_analysis\2891_technical.csv
2025-02-11 13:31:15 [INFO] FeatureManager: 處理股票 2303...
2025-02-11 13:31:22 [WARNING] FeatureManager: 找不到股票 2303 的技術指標檔案: D:\Min\Python\Project\FA_Data\technical_analysis\2303_technical.csv
2025-02-11 13:31:22 [INFO] FeatureManager: 處理報告已生成: D:\Min\Python\Project\FA_Data\meta_data\feature_generation_report.txt
2025-02-11 13:31:22 [ERROR] FeatureManager: 缺少必要欄位: 開盤價, 最高價, 最低價, 收盤價, 成交股數
2025-02-11 13:31:22 [ERROR] FeatureManager: 生成產業 水泥工業 特徵時發生錯誤: 缺少必要欄位: 開盤價, 最高價, 最低價, 收盤價, 成交股數
2025-02-11 13:31:22 [ERROR] FeatureManager: 處理產業 水泥工業 時發生錯誤: 缺少必要欄位: 開盤價, 最高價, 最低價, 收盤價, 成交股數
2025-02-11 13:31:22 [ERROR] FeatureManager: 缺少必要欄位: 開盤價, 最高價, 最低價, 收盤價, 成交股數
2025-02-11 13:31:22 [ERROR] FeatureManager: 生成產業 其他業 特徵時發生錯誤: 缺少必要欄位: 開盤價, 最高價, 最低價, 收盤價, 成交股數
2025-02-11 13:31:22 [ERROR] FeatureManager: 處理產業 其他業 時發生錯誤: 缺少必要欄位: 開盤價, 最高價, 最低價, 收盤價, 成交股數
2025-02-11 13:31:22 [ERROR] FeatureManager: 缺少必要欄位: 開盤價, 最高價, 最低價, 收盤價, 成交股數
2025-02-11 13:31:22 [ERROR] FeatureManager: 生成產業 食品工業 特徵時發生錯誤: 缺少必要欄位: 開盤價, 最高價, 最低價, 收盤價, 成交股數
2025-02-11 13:31:22 [ERROR] FeatureManager: 處理產業 食品工業 時發生錯誤: 缺少必要欄位: 開盤價, 最高價, 最低價, 收盤價, 成交股數
2025-02-11 13:31:22 [ERROR] FeatureManager: 缺少必要欄位: 開盤價, 最高價, 最低價, 收盤價, 成交股數
2025-02-11 13:31:22 [ERROR] FeatureManager: 生成產業 電器電纜業 特徵時發生錯誤: 缺少必要欄位: 開盤價, 最高價, 最低價, 收盤價, 成交股數
2025-02-11 13:31:22 [ERROR] FeatureManager: 處理產業 電器電纜業 時發生錯誤: 缺少必要欄位: 開盤價, 最高價, 最低價, 收盤價, 成交股數
2025-02-11 13:31:22 [INFO] FeatureManager: 農業生技類: 無對應指數，跳過處理
2025-02-11 13:31:22 [ERROR] FeatureManager: 缺少必要欄位: 開盤價, 最高價, 最低價, 收盤價, 成交股數
2025-02-11 13:31:22 [ERROR] FeatureManager: 生成產業 觀光業 特徵時發生錯誤: 缺少必要欄位: 開盤價, 最高價, 最低價, 收盤價, 成交股數
2025-02-11 13:31:22 [ERROR] FeatureManager: 處理產業 觀光業 時發生錯誤: 缺少必要欄位: 開盤價, 最高價, 最低價, 收盤價, 成交股數
2025-02-11 13:31:22 [ERROR] FeatureManager: 缺少必要欄位: 開盤價, 最高價, 最低價, 收盤價, 成交股數
2025-02-11 13:31:22 [ERROR] FeatureManager: 生成產業 觀光餐旅業 特徵時發生錯誤: 缺少必要欄位: 開盤價, 最高價, 最低價, 收盤價, 成交股數
2025-02-11 13:31:22 [ERROR] FeatureManager: 處理產業 觀光餐旅業 時發生錯誤: 缺少必要欄位: 開盤價, 最高價, 最低價, 收盤價, 成交股數
2025-02-11 13:31:22 [ERROR] FeatureManager: 缺少必要欄位: 開盤價, 最高價, 最低價, 收盤價, 成交股數
2025-02-11 13:31:22 [ERROR] FeatureManager: 生成產業 生技醫療業 特徵時發生錯誤: 缺少必要欄位: 開盤價, 最高價, 最低價, 收盤價, 成交股數
2025-02-11 13:31:22 [ERROR] FeatureManager: 處理產業 生技醫療業 時發生錯誤: 缺少必要欄位: 開盤價, 最高價, 最低價, 收盤價, 成交股數
2025-02-11 13:31:22 [ERROR] FeatureManager: 缺少必要欄位: 開盤價, 最高價, 最低價, 收盤價, 成交股數
2025-02-11 13:31:22 [ERROR] FeatureManager: 生成產業 塑膠工業 特徵時發生錯誤: 缺少必要欄位: 開盤價, 最高價, 最低價, 收盤價, 成交股數
2025-02-11 13:31:22 [ERROR] FeatureManager: 處理產業 塑膠工業 時發生錯誤: 缺少必要欄位: 開盤價, 最高價, 最低價, 收盤價, 成交股數
2025-02-11 13:31:22 [ERROR] FeatureManager: 缺少必要欄位: 開盤價, 最高價, 最低價, 收盤價, 成交股數
2025-02-11 13:31:22 [ERROR] FeatureManager: 生成產業 建材營造業 特徵時發生錯誤: 缺少必要欄位: 開盤價, 最高價, 最低價, 收盤價, 成交股數
2025-02-11 13:31:22 [ERROR] FeatureManager: 處理產業 建材營造業 時發生錯誤: 缺少必要欄位: 開盤價, 最高價, 最低價, 收盤價, 成交股數
2025-02-11 13:31:22 [ERROR] FeatureManager: 缺少必要欄位: 開盤價, 最高價, 最低價, 收盤價, 成交股數
2025-02-11 13:31:22 [ERROR] FeatureManager: 生成產業 汽車工業 特徵時發生錯誤: 缺少必要欄位: 開盤價, 最高價, 最低價, 收盤價, 成交股數
2025-02-11 13:31:22 [ERROR] FeatureManager: 處理產業 汽車工業 時發生錯誤: 缺少必要欄位: 開盤價, 最高價, 最低價, 收盤價, 成交股數
2025-02-11 13:31:22 [ERROR] FeatureManager: 缺少必要欄位: 開盤價, 最高價, 最低價, 收盤價, 成交股數
2025-02-11 13:31:22 [ERROR] FeatureManager: 生成產業 電子零組件業 特徵時發生錯誤: 缺少必要欄位: 開盤價, 最高價, 最低價, 收盤價, 成交股數
2025-02-11 13:31:22 [ERROR] FeatureManager: 處理產業 電子零組件業 時發生錯誤: 缺少必要欄位: 開盤價, 最高價, 最低價, 收盤價, 成交股數
2025-02-11 13:31:22 [ERROR] FeatureManager: 缺少必要欄位: 開盤價, 最高價, 最低價, 收盤價, 成交股數
2025-02-11 13:31:22 [ERROR] FeatureManager: 生成產業 綠能環保業 特徵時發生錯誤: 缺少必要欄位: 開盤價, 最高價, 最低價, 收盤價, 成交股數
2025-02-11 13:31:22 [ERROR] FeatureManager: 處理產業 綠能環保業 時發生錯誤: 缺少必要欄位: 開盤價, 最高價, 最低價, 收盤價, 成交股數
2025-02-11 13:31:22 [ERROR] FeatureManager: 缺少必要欄位: 開盤價, 最高價, 最低價, 收盤價, 成交股數
2025-02-11 13:31:22 [ERROR] FeatureManager: 生成產業 紡織纖維業 特徵時發生錯誤: 缺少必要欄位: 開盤價, 最高價, 最低價, 收盤價, 成交股數
2025-02-11 13:31:22 [ERROR] FeatureManager: 處理產業 紡織纖維業 時發生錯誤: 缺少必要欄位: 開盤價, 最高價, 最低價, 收盤價, 成交股數
2025-02-11 13:31:22 [ERROR] FeatureManager: 缺少必要欄位: 開盤價, 最高價, 最低價, 收盤價, 成交股數
2025-02-11 13:31:22 [ERROR] FeatureManager: 生成產業 貿易百貨業 特徵時發生錯誤: 缺少必要欄位: 開盤價, 最高價, 最低價, 收盤價, 成交股數
2025-02-11 13:31:22 [ERROR] FeatureManager: 處理產業 貿易百貨業 時發生錯誤: 缺少必要欄位: 開盤價, 最高價, 最低價, 收盤價, 成交股數
2025-02-11 13:31:22 [ERROR] FeatureManager: 缺少必要欄位: 開盤價, 最高價, 最低價, 收盤價, 成交股數
2025-02-11 13:31:22 [ERROR] FeatureManager: 生成產業 運動休閒業 特徵時發生錯誤: 缺少必要欄位: 開盤價, 最高價, 最低價, 收盤價, 成交股數
2025-02-11 13:31:22 [ERROR] FeatureManager: 處理產業 運動休閒業 時發生錯誤: 缺少必要欄位: 開盤價, 最高價, 最低價, 收盤價, 成交股數
2025-02-11 13:31:22 [ERROR] FeatureManager: 缺少必要欄位: 開盤價, 最高價, 最低價, 收盤價, 成交股數
2025-02-11 13:31:22 [ERROR] FeatureManager: 生成產業 電子工業 特徵時發生錯誤: 缺少必要欄位: 開盤價, 最高價, 最低價, 收盤價, 成交股數
2025-02-11 13:31:22 [ERROR] FeatureManager: 處理產業 電子工業 時發生錯誤: 缺少必要欄位: 開盤價, 最高價, 最低價, 收盤價, 成交股數
2025-02-11 13:31:22 [ERROR] FeatureManager: 缺少必要欄位: 開盤價, 最高價, 最低價, 收盤價, 成交股數
2025-02-11 13:31:22 [ERROR] FeatureManager: 生成產業 鋼鐵工業 特徵時發生錯誤: 缺少必要欄位: 開盤價, 最高價, 最低價, 收盤價, 成交股數
2025-02-11 13:31:22 [ERROR] FeatureManager: 處理產業 鋼鐵工業 時發生錯誤: 缺少必要欄位: 開盤價, 最高價, 最低價, 收盤價, 成交股數
2025-02-11 13:31:22 [ERROR] FeatureManager: 缺少必要欄位: 開盤價, 最高價, 最低價, 收盤價, 成交股數
2025-02-11 13:31:22 [ERROR] FeatureManager: 生成產業 電機機械業 特徵時發生錯誤: 缺少必要欄位: 開盤價, 最高價, 最低價, 收盤價, 成交股數
2025-02-11 13:31:22 [ERROR] FeatureManager: 處理產業 電機機械業 時發生錯誤: 缺少必要欄位: 開盤價, 最高價, 最低價, 收盤價, 成交股數
2025-02-11 13:31:22 [ERROR] FeatureManager: 缺少必要欄位: 開盤價, 最高價, 最低價, 收盤價, 成交股數
2025-02-11 13:31:22 [ERROR] FeatureManager: 生成產業 電腦及週邊設備業 特徵時發生錯誤: 缺少必要欄位: 開盤價, 最高價, 最低價, 收盤價, 成交股數
2025-02-11 13:31:22 [ERROR] FeatureManager: 處理產業 電腦及週邊設備業 時發生錯誤: 缺少必要欄位: 開盤價, 最高價, 最低價, 收盤價, 成交股數
2025-02-11 13:31:22 [ERROR] FeatureManager: 缺少必要欄位: 開盤價, 最高價, 最低價, 收盤價, 成交股數
2025-02-11 13:31:22 [ERROR] FeatureManager: 生成產業 化學生技醫療業 特徵時發生錯誤: 缺少必要欄位: 開盤價, 最高價, 最低價, 收盤價, 成交股數
2025-02-11 13:31:22 [ERROR] FeatureManager: 處理產業 化學生技醫療業 時發生錯誤: 缺少必要欄位: 開盤價, 最高價, 最低價, 收盤價, 成交股數
2025-02-11 13:31:22 [ERROR] FeatureManager: 缺少必要欄位: 開盤價, 最高價, 最低價, 收盤價, 成交股數
2025-02-11 13:31:22 [ERROR] FeatureManager: 生成產業 化學工業 特徵時發生錯誤: 缺少必要欄位: 開盤價, 最高價, 最低價, 收盤價, 成交股數
2025-02-11 13:31:22 [ERROR] FeatureManager: 處理產業 化學工業 時發生錯誤: 缺少必要欄位: 開盤價, 最高價, 最低價, 收盤價, 成交股數
2025-02-11 13:31:22 [ERROR] FeatureManager: 缺少必要欄位: 開盤價, 最高價, 最低價, 收盤價, 成交股數
2025-02-11 13:31:22 [ERROR] FeatureManager: 生成產業 其他電子業 特徵時發生錯誤: 缺少必要欄位: 開盤價, 最高價, 最低價, 收盤價, 成交股數
2025-02-11 13:31:22 [ERROR] FeatureManager: 處理產業 其他電子業 時發生錯誤: 缺少必要欄位: 開盤價, 最高價, 最低價, 收盤價, 成交股數
2025-02-11 13:31:22 [ERROR] FeatureManager: 缺少必要欄位: 開盤價, 最高價, 最低價, 收盤價, 成交股數
2025-02-11 13:31:22 [ERROR] FeatureManager: 生成產業 玻璃陶瓷業 特徵時發生錯誤: 缺少必要欄位: 開盤價, 最高價, 最低價, 收盤價, 成交股數
2025-02-11 13:31:22 [ERROR] FeatureManager: 處理產業 玻璃陶瓷業 時發生錯誤: 缺少必要欄位: 開盤價, 最高價, 最低價, 收盤價, 成交股數
2025-02-11 13:31:22 [ERROR] FeatureManager: 缺少必要欄位: 開盤價, 最高價, 最低價, 收盤價, 成交股數
2025-02-11 13:31:22 [ERROR] FeatureManager: 生成產業 造紙工業 特徵時發生錯誤: 缺少必要欄位: 開盤價, 最高價, 最低價, 收盤價, 成交股數
2025-02-11 13:31:22 [ERROR] FeatureManager: 處理產業 造紙工業 時發生錯誤: 缺少必要欄位: 開盤價, 最高價, 最低價, 收盤價, 成交股數
2025-02-11 13:31:22 [ERROR] FeatureManager: 缺少必要欄位: 開盤價, 最高價, 最低價, 收盤價, 成交股數
2025-02-11 13:31:22 [ERROR] FeatureManager: 生成產業 居家生活業 特徵時發生錯誤: 缺少必要欄位: 開盤價, 最高價, 最低價, 收盤價, 成交股數
2025-02-11 13:31:22 [ERROR] FeatureManager: 處理產業 居家生活業 時發生錯誤: 缺少必要欄位: 開盤價, 最高價, 最低價, 收盤價, 成交股數
2025-02-11 13:31:22 [ERROR] FeatureManager: 缺少必要欄位: 開盤價, 最高價, 最低價, 收盤價, 成交股數
2025-02-11 13:31:22 [ERROR] FeatureManager: 生成產業 橡膠工業 特徵時發生錯誤: 缺少必要欄位: 開盤價, 最高價, 最低價, 收盤價, 成交股數
2025-02-11 13:31:22 [ERROR] FeatureManager: 處理產業 橡膠工業 時發生錯誤: 缺少必要欄位: 開盤價, 最高價, 最低價, 收盤價, 成交股數
2025-02-11 13:31:22 [ERROR] FeatureManager: 缺少必要欄位: 開盤價, 最高價, 最低價, 收盤價, 成交股數
2025-02-11 13:31:22 [ERROR] FeatureManager: 生成產業 航運業 特徵時發生錯誤: 缺少必要欄位: 開盤價, 最高價, 最低價, 收盤價, 成交股數
2025-02-11 13:31:22 [ERROR] FeatureManager: 處理產業 航運業 時發生錯誤: 缺少必要欄位: 開盤價, 最高價, 最低價, 收盤價, 成交股數
2025-02-11 13:31:22 [ERROR] FeatureManager: 缺少必要欄位: 開盤價, 最高價, 最低價, 收盤價, 成交股數
2025-02-11 13:31:22 [ERROR] FeatureManager: 生成產業 半導體業 特徵時發生錯誤: 缺少必要欄位: 開盤價, 最高價, 最低價, 收盤價, 成交股數
2025-02-11 13:31:22 [ERROR] FeatureManager: 處理產業 半導體業 時發生錯誤: 缺少必要欄位: 開盤價, 最高價, 最低價, 收盤價, 成交股數
2025-02-11 13:31:23 [ERROR] FeatureManager: 缺少必要欄位: 開盤價, 最高價, 最低價, 收盤價, 成交股數
2025-02-11 13:31:23 [ERROR] FeatureManager: 生成產業 通信網路業 特徵時發生錯誤: 缺少必要欄位: 開盤價, 最高價, 最低價, 收盤價, 成交股數
2025-02-11 13:31:23 [ERROR] FeatureManager: 處理產業 通信網路業 時發生錯誤: 缺少必要欄位: 開盤價, 最高價, 最低價, 收盤價, 成交股數
2025-02-11 13:31:23 [ERROR] FeatureManager: 缺少必要欄位: 開盤價, 最高價, 最低價, 收盤價, 成交股數
2025-02-11 13:31:23 [ERROR] FeatureManager: 生成產業 光電業 特徵時發生錯誤: 缺少必要欄位: 開盤價, 最高價, 最低價, 收盤價, 成交股數
2025-02-11 13:31:23 [ERROR] FeatureManager: 處理產業 光電業 時發生錯誤: 缺少必要欄位: 開盤價, 最高價, 最低價, 收盤價, 成交股數
2025-02-11 13:31:23 [ERROR] FeatureManager: 缺少必要欄位: 開盤價, 最高價, 最低價, 收盤價, 成交股數
2025-02-11 13:31:23 [ERROR] FeatureManager: 生成產業 電子通路業 特徵時發生錯誤: 缺少必要欄位: 開盤價, 最高價, 最低價, 收盤價, 成交股數
2025-02-11 13:31:23 [ERROR] FeatureManager: 處理產業 電子通路業 時發生錯誤: 缺少必要欄位: 開盤價, 最高價, 最低價, 收盤價, 成交股數
2025-02-11 13:31:23 [ERROR] FeatureManager: 缺少必要欄位: 開盤價, 最高價, 最低價, 收盤價, 成交股數
2025-02-11 13:31:23 [ERROR] FeatureManager: 生成產業 資訊服務業 特徵時發生錯誤: 缺少必要欄位: 開盤價, 最高價, 最低價, 收盤價, 成交股數
2025-02-11 13:31:23 [ERROR] FeatureManager: 處理產業 資訊服務業 時發生錯誤: 缺少必要欄位: 開盤價, 最高價, 最低價, 收盤價, 成交股數
2025-02-11 13:31:23 [ERROR] FeatureManager: 缺少必要欄位: 開盤價, 最高價, 最低價, 收盤價, 成交股數
2025-02-11 13:31:23 [ERROR] FeatureManager: 生成產業 油電燃氣業 特徵時發生錯誤: 缺少必要欄位: 開盤價, 最高價, 最低價, 收盤價, 成交股數
2025-02-11 13:31:23 [ERROR] FeatureManager: 處理產業 油電燃氣業 時發生錯誤: 缺少必要欄位: 開盤價, 最高價, 最低價, 收盤價, 成交股數
2025-02-11 13:31:23 [ERROR] FeatureManager: 缺少必要欄位: 開盤價, 最高價, 最低價, 收盤價, 成交股數
2025-02-11 13:31:23 [ERROR] FeatureManager: 生成產業 數位雲端業 特徵時發生錯誤: 缺少必要欄位: 開盤價, 最高價, 最低價, 收盤價, 成交股數
2025-02-11 13:31:23 [ERROR] FeatureManager: 處理產業 數位雲端業 時發生錯誤: 缺少必要欄位: 開盤價, 最高價, 最低價, 收盤價, 成交股數
2025-02-11 13:31:23 [ERROR] FeatureManager: 缺少必要欄位: 開盤價, 最高價, 最低價, 收盤價, 成交股數
2025-02-11 13:31:23 [ERROR] FeatureManager: 生成產業 金融保險業 特徵時發生錯誤: 缺少必要欄位: 開盤價, 最高價, 最低價, 收盤價, 成交股數
2025-02-11 13:31:23 [ERROR] FeatureManager: 處理產業 金融保險業 時發生錯誤: 缺少必要欄位: 開盤價, 最高價, 最低價, 收盤價, 成交股數
2025-02-11 13:31:23 [INFO] FeatureManager: 文化創意類: 無對應指數，跳過處理
2025-02-11 13:31:23 [ERROR] FeatureManager: 缺少必要欄位: 開盤價, 最高價, 最低價, 收盤價, 成交股數
2025-02-11 13:31:23 [ERROR] FeatureManager: 生成產業 電子商務業 特徵時發生錯誤: 缺少必要欄位: 開盤價, 最高價, 最低價, 收盤價, 成交股數
2025-02-11 13:31:23 [ERROR] FeatureManager: 處理產業 電子商務業 時發生錯誤: 缺少必要欄位: 開盤價, 最高價, 最低價, 收盤價, 成交股數
2025-02-11 13:31:23 [ERROR] FeatureManager: 缺少必要欄位: 開盤價, 最高價, 最低價, 收盤價, 成交股數
2025-02-11 13:31:23 [ERROR] FeatureManager: 生成產業 金融業 特徵時發生錯誤: 缺少必要欄位: 開盤價, 最高價, 最低價, 收盤價, 成交股數
2025-02-11 13:31:23 [ERROR] FeatureManager: 處理產業 金融業 時發生錯誤: 缺少必要欄位: 開盤價, 最高價, 最低價, 收盤價, 成交股數
2025-02-11 13:31:23 [INFO] FeatureManager: 產業處理報告已生成: D:\Min\Python\Project\FA_Data\meta_data\industry_feature_generation_report.txt
2025-02-11 13:41:40 [INFO] FeatureManager: 處理股票 2330...
2025-02-11 13:41:47 [WARNING] FeatureManager: 找不到股票 2330 的技術指標檔案: D:\Min\Python\Project\FA_Data\technical_analysis\2330__indicators.csv
2025-02-11 13:41:47 [INFO] FeatureManager: 處理股票 2317...
2025-02-11 13:41:53 [WARNING] FeatureManager: 找不到股票 2317 的技術指標檔案: D:\Min\Python\Project\FA_Data\technical_analysis\2317__indicators.csv
2025-02-11 13:41:53 [INFO] FeatureManager: 處理股票 1101...
2025-02-11 13:42:01 [WARNING] FeatureManager: 找不到股票 1101 的技術指標檔案: D:\Min\Python\Project\FA_Data\technical_analysis\1101__indicators.csv
2025-02-11 13:42:01 [INFO] FeatureManager: 處理股票 2891...
2025-02-11 13:42:09 [WARNING] FeatureManager: 找不到股票 2891 的技術指標檔案: D:\Min\Python\Project\FA_Data\technical_analysis\2891__indicators.csv
2025-02-11 13:42:09 [INFO] FeatureManager: 處理股票 2303...
2025-02-11 13:42:17 [WARNING] FeatureManager: 找不到股票 2303 的技術指標檔案: D:\Min\Python\Project\FA_Data\technical_analysis\2303__indicators.csv
2025-02-11 13:42:17 [INFO] FeatureManager: 處理報告已生成: D:\Min\Python\Project\FA_Data\meta_data\feature_generation_report.txt
2025-02-11 13:42:17 [ERROR] FeatureManager: 缺少必要欄位: 開盤價, 最高價, 最低價, 收盤價, 成交股數
2025-02-11 13:42:17 [ERROR] FeatureManager: 生成產業 水泥工業 特徵時發生錯誤: 缺少必要欄位: 開盤價, 最高價, 最低價, 收盤價, 成交股數
2025-02-11 13:42:17 [ERROR] FeatureManager: 處理產業 水泥工業 時發生錯誤: 缺少必要欄位: 開盤價, 最高價, 最低價, 收盤價, 成交股數
2025-02-11 13:42:17 [ERROR] FeatureManager: 缺少必要欄位: 開盤價, 最高價, 最低價, 收盤價, 成交股數
2025-02-11 13:42:17 [ERROR] FeatureManager: 生成產業 其他業 特徵時發生錯誤: 缺少必要欄位: 開盤價, 最高價, 最低價, 收盤價, 成交股數
2025-02-11 13:42:17 [ERROR] FeatureManager: 處理產業 其他業 時發生錯誤: 缺少必要欄位: 開盤價, 最高價, 最低價, 收盤價, 成交股數
2025-02-11 13:42:17 [ERROR] FeatureManager: 缺少必要欄位: 開盤價, 最高價, 最低價, 收盤價, 成交股數
2025-02-11 13:42:17 [ERROR] FeatureManager: 生成產業 食品工業 特徵時發生錯誤: 缺少必要欄位: 開盤價, 最高價, 最低價, 收盤價, 成交股數
2025-02-11 13:42:17 [ERROR] FeatureManager: 處理產業 食品工業 時發生錯誤: 缺少必要欄位: 開盤價, 最高價, 最低價, 收盤價, 成交股數
2025-02-11 13:42:17 [ERROR] FeatureManager: 缺少必要欄位: 開盤價, 最高價, 最低價, 收盤價, 成交股數
2025-02-11 13:42:17 [ERROR] FeatureManager: 生成產業 電器電纜業 特徵時發生錯誤: 缺少必要欄位: 開盤價, 最高價, 最低價, 收盤價, 成交股數
2025-02-11 13:42:17 [ERROR] FeatureManager: 處理產業 電器電纜業 時發生錯誤: 缺少必要欄位: 開盤價, 最高價, 最低價, 收盤價, 成交股數
2025-02-11 13:42:17 [INFO] FeatureManager: 農業生技類: 無對應指數，跳過處理
2025-02-11 13:42:17 [ERROR] FeatureManager: 缺少必要欄位: 開盤價, 最高價, 最低價, 收盤價, 成交股數
2025-02-11 13:42:17 [ERROR] FeatureManager: 生成產業 觀光業 特徵時發生錯誤: 缺少必要欄位: 開盤價, 最高價, 最低價, 收盤價, 成交股數
2025-02-11 13:42:17 [ERROR] FeatureManager: 處理產業 觀光業 時發生錯誤: 缺少必要欄位: 開盤價, 最高價, 最低價, 收盤價, 成交股數
2025-02-11 13:42:17 [ERROR] FeatureManager: 缺少必要欄位: 開盤價, 最高價, 最低價, 收盤價, 成交股數
2025-02-11 13:42:18 [ERROR] FeatureManager: 生成產業 觀光餐旅業 特徵時發生錯誤: 缺少必要欄位: 開盤價, 最高價, 最低價, 收盤價, 成交股數
2025-02-11 13:42:18 [ERROR] FeatureManager: 處理產業 觀光餐旅業 時發生錯誤: 缺少必要欄位: 開盤價, 最高價, 最低價, 收盤價, 成交股數
2025-02-11 13:42:18 [ERROR] FeatureManager: 缺少必要欄位: 開盤價, 最高價, 最低價, 收盤價, 成交股數
2025-02-11 13:42:18 [ERROR] FeatureManager: 生成產業 生技醫療業 特徵時發生錯誤: 缺少必要欄位: 開盤價, 最高價, 最低價, 收盤價, 成交股數
2025-02-11 13:42:18 [ERROR] FeatureManager: 處理產業 生技醫療業 時發生錯誤: 缺少必要欄位: 開盤價, 最高價, 最低價, 收盤價, 成交股數
2025-02-11 13:42:18 [ERROR] FeatureManager: 缺少必要欄位: 開盤價, 最高價, 最低價, 收盤價, 成交股數
2025-02-11 13:42:18 [ERROR] FeatureManager: 生成產業 塑膠工業 特徵時發生錯誤: 缺少必要欄位: 開盤價, 最高價, 最低價, 收盤價, 成交股數
2025-02-11 13:42:18 [ERROR] FeatureManager: 處理產業 塑膠工業 時發生錯誤: 缺少必要欄位: 開盤價, 最高價, 最低價, 收盤價, 成交股數
2025-02-11 13:42:18 [ERROR] FeatureManager: 缺少必要欄位: 開盤價, 最高價, 最低價, 收盤價, 成交股數
2025-02-11 13:42:18 [ERROR] FeatureManager: 生成產業 建材營造業 特徵時發生錯誤: 缺少必要欄位: 開盤價, 最高價, 最低價, 收盤價, 成交股數
2025-02-11 13:42:18 [ERROR] FeatureManager: 處理產業 建材營造業 時發生錯誤: 缺少必要欄位: 開盤價, 最高價, 最低價, 收盤價, 成交股數
2025-02-11 13:42:18 [ERROR] FeatureManager: 缺少必要欄位: 開盤價, 最高價, 最低價, 收盤價, 成交股數
2025-02-11 13:42:18 [ERROR] FeatureManager: 生成產業 汽車工業 特徵時發生錯誤: 缺少必要欄位: 開盤價, 最高價, 最低價, 收盤價, 成交股數
2025-02-11 13:42:18 [ERROR] FeatureManager: 處理產業 汽車工業 時發生錯誤: 缺少必要欄位: 開盤價, 最高價, 最低價, 收盤價, 成交股數
2025-02-11 13:42:18 [ERROR] FeatureManager: 缺少必要欄位: 開盤價, 最高價, 最低價, 收盤價, 成交股數
2025-02-11 13:42:18 [ERROR] FeatureManager: 生成產業 電子零組件業 特徵時發生錯誤: 缺少必要欄位: 開盤價, 最高價, 最低價, 收盤價, 成交股數
2025-02-11 13:42:18 [ERROR] FeatureManager: 處理產業 電子零組件業 時發生錯誤: 缺少必要欄位: 開盤價, 最高價, 最低價, 收盤價, 成交股數
2025-02-11 13:42:18 [ERROR] FeatureManager: 缺少必要欄位: 開盤價, 最高價, 最低價, 收盤價, 成交股數
2025-02-11 13:42:18 [ERROR] FeatureManager: 生成產業 綠能環保業 特徵時發生錯誤: 缺少必要欄位: 開盤價, 最高價, 最低價, 收盤價, 成交股數
2025-02-11 13:42:18 [ERROR] FeatureManager: 處理產業 綠能環保業 時發生錯誤: 缺少必要欄位: 開盤價, 最高價, 最低價, 收盤價, 成交股數
2025-02-11 13:42:18 [ERROR] FeatureManager: 缺少必要欄位: 開盤價, 最高價, 最低價, 收盤價, 成交股數
2025-02-11 13:42:18 [ERROR] FeatureManager: 生成產業 紡織纖維業 特徵時發生錯誤: 缺少必要欄位: 開盤價, 最高價, 最低價, 收盤價, 成交股數
2025-02-11 13:42:18 [ERROR] FeatureManager: 處理產業 紡織纖維業 時發生錯誤: 缺少必要欄位: 開盤價, 最高價, 最低價, 收盤價, 成交股數
2025-02-11 13:42:18 [ERROR] FeatureManager: 缺少必要欄位: 開盤價, 最高價, 最低價, 收盤價, 成交股數
2025-02-11 13:42:18 [ERROR] FeatureManager: 生成產業 貿易百貨業 特徵時發生錯誤: 缺少必要欄位: 開盤價, 最高價, 最低價, 收盤價, 成交股數
2025-02-11 13:42:18 [ERROR] FeatureManager: 處理產業 貿易百貨業 時發生錯誤: 缺少必要欄位: 開盤價, 最高價, 最低價, 收盤價, 成交股數
2025-02-11 13:42:18 [ERROR] FeatureManager: 缺少必要欄位: 開盤價, 最高價, 最低價, 收盤價, 成交股數
2025-02-11 13:42:18 [ERROR] FeatureManager: 生成產業 運動休閒業 特徵時發生錯誤: 缺少必要欄位: 開盤價, 最高價, 最低價, 收盤價, 成交股數
2025-02-11 13:42:18 [ERROR] FeatureManager: 處理產業 運動休閒業 時發生錯誤: 缺少必要欄位: 開盤價, 最高價, 最低價, 收盤價, 成交股數
2025-02-11 13:42:18 [ERROR] FeatureManager: 缺少必要欄位: 開盤價, 最高價, 最低價, 收盤價, 成交股數
2025-02-11 13:42:18 [ERROR] FeatureManager: 生成產業 電子工業 特徵時發生錯誤: 缺少必要欄位: 開盤價, 最高價, 最低價, 收盤價, 成交股數
2025-02-11 13:42:18 [ERROR] FeatureManager: 處理產業 電子工業 時發生錯誤: 缺少必要欄位: 開盤價, 最高價, 最低價, 收盤價, 成交股數
2025-02-11 13:42:18 [ERROR] FeatureManager: 缺少必要欄位: 開盤價, 最高價, 最低價, 收盤價, 成交股數
2025-02-11 13:42:18 [ERROR] FeatureManager: 生成產業 鋼鐵工業 特徵時發生錯誤: 缺少必要欄位: 開盤價, 最高價, 最低價, 收盤價, 成交股數
2025-02-11 13:42:18 [ERROR] FeatureManager: 處理產業 鋼鐵工業 時發生錯誤: 缺少必要欄位: 開盤價, 最高價, 最低價, 收盤價, 成交股數
2025-02-11 13:42:18 [ERROR] FeatureManager: 缺少必要欄位: 開盤價, 最高價, 最低價, 收盤價, 成交股數
2025-02-11 13:42:18 [ERROR] FeatureManager: 生成產業 電機機械業 特徵時發生錯誤: 缺少必要欄位: 開盤價, 最高價, 最低價, 收盤價, 成交股數
2025-02-11 13:42:18 [ERROR] FeatureManager: 處理產業 電機機械業 時發生錯誤: 缺少必要欄位: 開盤價, 最高價, 最低價, 收盤價, 成交股數
2025-02-11 13:42:18 [ERROR] FeatureManager: 缺少必要欄位: 開盤價, 最高價, 最低價, 收盤價, 成交股數
2025-02-11 13:42:18 [ERROR] FeatureManager: 生成產業 電腦及週邊設備業 特徵時發生錯誤: 缺少必要欄位: 開盤價, 最高價, 最低價, 收盤價, 成交股數
2025-02-11 13:42:18 [ERROR] FeatureManager: 處理產業 電腦及週邊設備業 時發生錯誤: 缺少必要欄位: 開盤價, 最高價, 最低價, 收盤價, 成交股數
2025-02-11 13:42:18 [ERROR] FeatureManager: 缺少必要欄位: 開盤價, 最高價, 最低價, 收盤價, 成交股數
2025-02-11 13:42:18 [ERROR] FeatureManager: 生成產業 化學生技醫療業 特徵時發生錯誤: 缺少必要欄位: 開盤價, 最高價, 最低價, 收盤價, 成交股數
2025-02-11 13:42:18 [ERROR] FeatureManager: 處理產業 化學生技醫療業 時發生錯誤: 缺少必要欄位: 開盤價, 最高價, 最低價, 收盤價, 成交股數
2025-02-11 13:42:18 [ERROR] FeatureManager: 缺少必要欄位: 開盤價, 最高價, 最低價, 收盤價, 成交股數
2025-02-11 13:42:18 [ERROR] FeatureManager: 生成產業 化學工業 特徵時發生錯誤: 缺少必要欄位: 開盤價, 最高價, 最低價, 收盤價, 成交股數
2025-02-11 13:42:18 [ERROR] FeatureManager: 處理產業 化學工業 時發生錯誤: 缺少必要欄位: 開盤價, 最高價, 最低價, 收盤價, 成交股數
2025-02-11 13:42:18 [ERROR] FeatureManager: 缺少必要欄位: 開盤價, 最高價, 最低價, 收盤價, 成交股數
2025-02-11 13:42:18 [ERROR] FeatureManager: 生成產業 其他電子業 特徵時發生錯誤: 缺少必要欄位: 開盤價, 最高價, 最低價, 收盤價, 成交股數
2025-02-11 13:42:18 [ERROR] FeatureManager: 處理產業 其他電子業 時發生錯誤: 缺少必要欄位: 開盤價, 最高價, 最低價, 收盤價, 成交股數
2025-02-11 13:42:18 [ERROR] FeatureManager: 缺少必要欄位: 開盤價, 最高價, 最低價, 收盤價, 成交股數
2025-02-11 13:42:18 [ERROR] FeatureManager: 生成產業 玻璃陶瓷業 特徵時發生錯誤: 缺少必要欄位: 開盤價, 最高價, 最低價, 收盤價, 成交股數
2025-02-11 13:42:18 [ERROR] FeatureManager: 處理產業 玻璃陶瓷業 時發生錯誤: 缺少必要欄位: 開盤價, 最高價, 最低價, 收盤價, 成交股數
2025-02-11 13:42:18 [ERROR] FeatureManager: 缺少必要欄位: 開盤價, 最高價, 最低價, 收盤價, 成交股數
2025-02-11 13:42:18 [ERROR] FeatureManager: 生成產業 造紙工業 特徵時發生錯誤: 缺少必要欄位: 開盤價, 最高價, 最低價, 收盤價, 成交股數
2025-02-11 13:42:18 [ERROR] FeatureManager: 處理產業 造紙工業 時發生錯誤: 缺少必要欄位: 開盤價, 最高價, 最低價, 收盤價, 成交股數
2025-02-11 13:42:18 [ERROR] FeatureManager: 缺少必要欄位: 開盤價, 最高價, 最低價, 收盤價, 成交股數
2025-02-11 13:42:18 [ERROR] FeatureManager: 生成產業 居家生活業 特徵時發生錯誤: 缺少必要欄位: 開盤價, 最高價, 最低價, 收盤價, 成交股數
2025-02-11 13:42:18 [ERROR] FeatureManager: 處理產業 居家生活業 時發生錯誤: 缺少必要欄位: 開盤價, 最高價, 最低價, 收盤價, 成交股數
2025-02-11 13:42:18 [ERROR] FeatureManager: 缺少必要欄位: 開盤價, 最高價, 最低價, 收盤價, 成交股數
2025-02-11 13:42:18 [ERROR] FeatureManager: 生成產業 橡膠工業 特徵時發生錯誤: 缺少必要欄位: 開盤價, 最高價, 最低價, 收盤價, 成交股數
2025-02-11 13:42:18 [ERROR] FeatureManager: 處理產業 橡膠工業 時發生錯誤: 缺少必要欄位: 開盤價, 最高價, 最低價, 收盤價, 成交股數
2025-02-11 13:42:18 [ERROR] FeatureManager: 缺少必要欄位: 開盤價, 最高價, 最低價, 收盤價, 成交股數
2025-02-11 13:42:18 [ERROR] FeatureManager: 生成產業 航運業 特徵時發生錯誤: 缺少必要欄位: 開盤價, 最高價, 最低價, 收盤價, 成交股數
2025-02-11 13:42:18 [ERROR] FeatureManager: 處理產業 航運業 時發生錯誤: 缺少必要欄位: 開盤價, 最高價, 最低價, 收盤價, 成交股數
2025-02-11 13:42:18 [ERROR] FeatureManager: 缺少必要欄位: 開盤價, 最高價, 最低價, 收盤價, 成交股數
2025-02-11 13:42:18 [ERROR] FeatureManager: 生成產業 半導體業 特徵時發生錯誤: 缺少必要欄位: 開盤價, 最高價, 最低價, 收盤價, 成交股數
2025-02-11 13:42:18 [ERROR] FeatureManager: 處理產業 半導體業 時發生錯誤: 缺少必要欄位: 開盤價, 最高價, 最低價, 收盤價, 成交股數
2025-02-11 13:42:18 [ERROR] FeatureManager: 缺少必要欄位: 開盤價, 最高價, 最低價, 收盤價, 成交股數
2025-02-11 13:42:18 [ERROR] FeatureManager: 生成產業 通信網路業 特徵時發生錯誤: 缺少必要欄位: 開盤價, 最高價, 最低價, 收盤價, 成交股數
2025-02-11 13:42:18 [ERROR] FeatureManager: 處理產業 通信網路業 時發生錯誤: 缺少必要欄位: 開盤價, 最高價, 最低價, 收盤價, 成交股數
2025-02-11 13:42:18 [ERROR] FeatureManager: 缺少必要欄位: 開盤價, 最高價, 最低價, 收盤價, 成交股數
2025-02-11 13:42:18 [ERROR] FeatureManager: 生成產業 光電業 特徵時發生錯誤: 缺少必要欄位: 開盤價, 最高價, 最低價, 收盤價, 成交股數
2025-02-11 13:42:18 [ERROR] FeatureManager: 處理產業 光電業 時發生錯誤: 缺少必要欄位: 開盤價, 最高價, 最低價, 收盤價, 成交股數
2025-02-11 13:42:18 [ERROR] FeatureManager: 缺少必要欄位: 開盤價, 最高價, 最低價, 收盤價, 成交股數
2025-02-11 13:42:18 [ERROR] FeatureManager: 生成產業 電子通路業 特徵時發生錯誤: 缺少必要欄位: 開盤價, 最高價, 最低價, 收盤價, 成交股數
2025-02-11 13:42:18 [ERROR] FeatureManager: 處理產業 電子通路業 時發生錯誤: 缺少必要欄位: 開盤價, 最高價, 最低價, 收盤價, 成交股數
2025-02-11 13:42:18 [ERROR] FeatureManager: 缺少必要欄位: 開盤價, 最高價, 最低價, 收盤價, 成交股數
2025-02-11 13:42:18 [ERROR] FeatureManager: 生成產業 資訊服務業 特徵時發生錯誤: 缺少必要欄位: 開盤價, 最高價, 最低價, 收盤價, 成交股數
2025-02-11 13:42:18 [ERROR] FeatureManager: 處理產業 資訊服務業 時發生錯誤: 缺少必要欄位: 開盤價, 最高價, 最低價, 收盤價, 成交股數
2025-02-11 13:42:18 [ERROR] FeatureManager: 缺少必要欄位: 開盤價, 最高價, 最低價, 收盤價, 成交股數
2025-02-11 13:42:18 [ERROR] FeatureManager: 生成產業 油電燃氣業 特徵時發生錯誤: 缺少必要欄位: 開盤價, 最高價, 最低價, 收盤價, 成交股數
2025-02-11 13:42:18 [ERROR] FeatureManager: 處理產業 油電燃氣業 時發生錯誤: 缺少必要欄位: 開盤價, 最高價, 最低價, 收盤價, 成交股數
2025-02-11 13:42:18 [ERROR] FeatureManager: 缺少必要欄位: 開盤價, 最高價, 最低價, 收盤價, 成交股數
2025-02-11 13:42:18 [ERROR] FeatureManager: 生成產業 數位雲端業 特徵時發生錯誤: 缺少必要欄位: 開盤價, 最高價, 最低價, 收盤價, 成交股數
2025-02-11 13:42:18 [ERROR] FeatureManager: 處理產業 數位雲端業 時發生錯誤: 缺少必要欄位: 開盤價, 最高價, 最低價, 收盤價, 成交股數
2025-02-11 13:42:18 [ERROR] FeatureManager: 缺少必要欄位: 開盤價, 最高價, 最低價, 收盤價, 成交股數
2025-02-11 13:42:18 [ERROR] FeatureManager: 生成產業 金融保險業 特徵時發生錯誤: 缺少必要欄位: 開盤價, 最高價, 最低價, 收盤價, 成交股數
2025-02-11 13:42:18 [ERROR] FeatureManager: 處理產業 金融保險業 時發生錯誤: 缺少必要欄位: 開盤價, 最高價, 最低價, 收盤價, 成交股數
2025-02-11 13:42:18 [INFO] FeatureManager: 文化創意類: 無對應指數，跳過處理
2025-02-11 13:42:18 [ERROR] FeatureManager: 缺少必要欄位: 開盤價, 最高價, 最低價, 收盤價, 成交股數
2025-02-11 13:42:18 [ERROR] FeatureManager: 生成產業 電子商務業 特徵時發生錯誤: 缺少必要欄位: 開盤價, 最高價, 最低價, 收盤價, 成交股數
2025-02-11 13:42:18 [ERROR] FeatureManager: 處理產業 電子商務業 時發生錯誤: 缺少必要欄位: 開盤價, 最高價, 最低價, 收盤價, 成交股數
2025-02-11 13:42:18 [ERROR] FeatureManager: 缺少必要欄位: 開盤價, 最高價, 最低價, 收盤價, 成交股數
2025-02-11 13:42:18 [ERROR] FeatureManager: 生成產業 金融業 特徵時發生錯誤: 缺少必要欄位: 開盤價, 最高價, 最低價, 收盤價, 成交股數
2025-02-11 13:42:18 [ERROR] FeatureManager: 處理產業 金融業 時發生錯誤: 缺少必要欄位: 開盤價, 最高價, 最低價, 收盤價, 成交股數
2025-02-11 13:42:18 [INFO] FeatureManager: 產業處理報告已生成: D:\Min\Python\Project\FA_Data\meta_data\industry_feature_generation_report.txt
2025-02-11 13:43:05 [INFO] FeatureManager: 處理股票 2330...
2025-02-11 13:43:11 [WARNING] FeatureManager: 股票 2330 缺少以下技術指標: {'SMA20', 'EMA60', 'DEMA10', 'DEMA60', 'DEMA5', 'EMA20', 'EMA5', 'EMA10', 'SMA10', 'DEMA20', 'SMA5', 'SMA60'}
2025-02-11 13:43:11 [INFO] FeatureManager: 已讀取股票 2330 的技術指標，可用指標: ['RSI', 'MACD', 'MACD_signal', 'MACD_hist', 'slowk', 'slowd', 'TSF', 'SAR', 'middleband', 'SMA30', 'EMA30', 'DEMA30']
2025-02-11 13:43:11 [ERROR] FeatureManager: 添加產業特徵時發生錯誤: '證券代號'
2025-02-11 13:43:11 [INFO] FeatureManager: 已儲存特徵至: C:\Users\archi\Python\Project\tw_stock_analysis\features\2330_20241113_20250211.csv
2025-02-11 13:43:11 [INFO] FeatureManager: 成功生成股票 2330 的特徵 (產業: 未知)
2025-02-11 13:43:11 [INFO] FeatureManager: 處理股票 2317...
2025-02-11 13:43:17 [WARNING] FeatureManager: 股票 2317 缺少以下技術指標: {'SMA20', 'EMA60', 'DEMA10', 'DEMA60', 'DEMA5', 'EMA20', 'EMA5', 'EMA10', 'SMA10', 'DEMA20', 'SMA5', 'SMA60'}
2025-02-11 13:43:17 [INFO] FeatureManager: 已讀取股票 2317 的技術指標，可用指標: ['RSI', 'MACD', 'MACD_signal', 'MACD_hist', 'slowk', 'slowd', 'TSF', 'SAR', 'middleband', 'SMA30', 'EMA30', 'DEMA30']
2025-02-11 13:43:17 [ERROR] FeatureManager: 添加產業特徵時發生錯誤: '證券代號'
2025-02-11 13:43:17 [INFO] FeatureManager: 已儲存特徵至: C:\Users\archi\Python\Project\tw_stock_analysis\features\2317_20241113_20250211.csv
2025-02-11 13:43:17 [INFO] FeatureManager: 成功生成股票 2317 的特徵 (產業: 未知)
2025-02-11 13:43:17 [INFO] FeatureManager: 處理股票 1101...
2025-02-11 13:43:23 [WARNING] FeatureManager: 股票 1101 缺少以下技術指標: {'SMA20', 'EMA60', 'DEMA10', 'DEMA60', 'DEMA5', 'EMA20', 'EMA5', 'EMA10', 'SMA10', 'DEMA20', 'SMA5', 'SMA60'}
2025-02-11 13:43:23 [INFO] FeatureManager: 已讀取股票 1101 的技術指標，可用指標: ['RSI', 'MACD', 'MACD_signal', 'MACD_hist', 'slowk', 'slowd', 'TSF', 'SAR', 'middleband', 'SMA30', 'EMA30', 'DEMA30']
2025-02-11 13:43:23 [ERROR] FeatureManager: 添加產業特徵時發生錯誤: '證券代號'
2025-02-11 13:43:23 [INFO] FeatureManager: 已儲存特徵至: C:\Users\archi\Python\Project\tw_stock_analysis\features\1101_20241113_20250211.csv
2025-02-11 13:43:23 [INFO] FeatureManager: 成功生成股票 1101 的特徵 (產業: 未知)
2025-02-11 13:43:23 [INFO] FeatureManager: 處理股票 2891...
2025-02-11 13:43:30 [WARNING] FeatureManager: 股票 2891 缺少以下技術指標: {'SMA20', 'EMA60', 'DEMA10', 'DEMA60', 'DEMA5', 'EMA20', 'EMA5', 'EMA10', 'SMA10', 'DEMA20', 'SMA5', 'SMA60'}
2025-02-11 13:43:30 [INFO] FeatureManager: 已讀取股票 2891 的技術指標，可用指標: ['RSI', 'MACD', 'MACD_signal', 'MACD_hist', 'slowk', 'slowd', 'TSF', 'SAR', 'middleband', 'SMA30', 'EMA30', 'DEMA30']
2025-02-11 13:43:30 [ERROR] FeatureManager: 添加產業特徵時發生錯誤: '證券代號'
2025-02-11 13:43:30 [INFO] FeatureManager: 已儲存特徵至: C:\Users\archi\Python\Project\tw_stock_analysis\features\2891_20241113_20250211.csv
2025-02-11 13:43:30 [INFO] FeatureManager: 成功生成股票 2891 的特徵 (產業: 未知)
2025-02-11 13:43:30 [INFO] FeatureManager: 處理股票 2303...
2025-02-11 13:43:36 [WARNING] FeatureManager: 股票 2303 缺少以下技術指標: {'SMA20', 'EMA60', 'DEMA10', 'DEMA60', 'DEMA5', 'EMA20', 'EMA5', 'EMA10', 'SMA10', 'DEMA20', 'SMA5', 'SMA60'}
2025-02-11 13:43:36 [INFO] FeatureManager: 已讀取股票 2303 的技術指標，可用指標: ['RSI', 'MACD', 'MACD_signal', 'MACD_hist', 'slowk', 'slowd', 'TSF', 'SAR', 'middleband', 'SMA30', 'EMA30', 'DEMA30']
2025-02-11 13:43:36 [ERROR] FeatureManager: 添加產業特徵時發生錯誤: '證券代號'
2025-02-11 13:43:36 [INFO] FeatureManager: 已儲存特徵至: C:\Users\archi\Python\Project\tw_stock_analysis\features\2303_20241113_20250211.csv
2025-02-11 13:43:36 [INFO] FeatureManager: 成功生成股票 2303 的特徵 (產業: 未知)
2025-02-11 13:43:36 [INFO] FeatureManager: 處理報告已生成: D:\Min\Python\Project\FA_Data\meta_data\feature_generation_report.txt
2025-02-11 13:43:37 [ERROR] FeatureManager: 缺少必要欄位: 開盤價, 最高價, 最低價, 收盤價, 成交股數
2025-02-11 13:43:37 [ERROR] FeatureManager: 生成產業 水泥工業 特徵時發生錯誤: 缺少必要欄位: 開盤價, 最高價, 最低價, 收盤價, 成交股數
2025-02-11 13:43:37 [ERROR] FeatureManager: 處理產業 水泥工業 時發生錯誤: 缺少必要欄位: 開盤價, 最高價, 最低價, 收盤價, 成交股數
2025-02-11 13:43:37 [ERROR] FeatureManager: 缺少必要欄位: 開盤價, 最高價, 最低價, 收盤價, 成交股數
2025-02-11 13:43:37 [ERROR] FeatureManager: 生成產業 其他業 特徵時發生錯誤: 缺少必要欄位: 開盤價, 最高價, 最低價, 收盤價, 成交股數
2025-02-11 13:43:37 [ERROR] FeatureManager: 處理產業 其他業 時發生錯誤: 缺少必要欄位: 開盤價, 最高價, 最低價, 收盤價, 成交股數
2025-02-11 13:43:37 [ERROR] FeatureManager: 缺少必要欄位: 開盤價, 最高價, 最低價, 收盤價, 成交股數
2025-02-11 13:43:37 [ERROR] FeatureManager: 生成產業 食品工業 特徵時發生錯誤: 缺少必要欄位: 開盤價, 最高價, 最低價, 收盤價, 成交股數
2025-02-11 13:43:37 [ERROR] FeatureManager: 處理產業 食品工業 時發生錯誤: 缺少必要欄位: 開盤價, 最高價, 最低價, 收盤價, 成交股數
2025-02-11 13:43:37 [ERROR] FeatureManager: 缺少必要欄位: 開盤價, 最高價, 最低價, 收盤價, 成交股數
2025-02-11 13:43:37 [ERROR] FeatureManager: 生成產業 電器電纜業 特徵時發生錯誤: 缺少必要欄位: 開盤價, 最高價, 最低價, 收盤價, 成交股數
2025-02-11 13:43:37 [ERROR] FeatureManager: 處理產業 電器電纜業 時發生錯誤: 缺少必要欄位: 開盤價, 最高價, 最低價, 收盤價, 成交股數
2025-02-11 13:43:37 [INFO] FeatureManager: 農業生技類: 無對應指數，跳過處理
2025-02-11 13:43:37 [ERROR] FeatureManager: 缺少必要欄位: 開盤價, 最高價, 最低價, 收盤價, 成交股數
2025-02-11 13:43:37 [ERROR] FeatureManager: 生成產業 觀光業 特徵時發生錯誤: 缺少必要欄位: 開盤價, 最高價, 最低價, 收盤價, 成交股數
2025-02-11 13:43:37 [ERROR] FeatureManager: 處理產業 觀光業 時發生錯誤: 缺少必要欄位: 開盤價, 最高價, 最低價, 收盤價, 成交股數
2025-02-11 13:43:37 [ERROR] FeatureManager: 缺少必要欄位: 開盤價, 最高價, 最低價, 收盤價, 成交股數
2025-02-11 13:43:37 [ERROR] FeatureManager: 生成產業 觀光餐旅業 特徵時發生錯誤: 缺少必要欄位: 開盤價, 最高價, 最低價, 收盤價, 成交股數
2025-02-11 13:43:37 [ERROR] FeatureManager: 處理產業 觀光餐旅業 時發生錯誤: 缺少必要欄位: 開盤價, 最高價, 最低價, 收盤價, 成交股數
2025-02-11 13:43:37 [ERROR] FeatureManager: 缺少必要欄位: 開盤價, 最高價, 最低價, 收盤價, 成交股數
2025-02-11 13:43:37 [ERROR] FeatureManager: 生成產業 生技醫療業 特徵時發生錯誤: 缺少必要欄位: 開盤價, 最高價, 最低價, 收盤價, 成交股數
2025-02-11 13:43:37 [ERROR] FeatureManager: 處理產業 生技醫療業 時發生錯誤: 缺少必要欄位: 開盤價, 最高價, 最低價, 收盤價, 成交股數
2025-02-11 13:43:37 [ERROR] FeatureManager: 缺少必要欄位: 開盤價, 最高價, 最低價, 收盤價, 成交股數
2025-02-11 13:43:37 [ERROR] FeatureManager: 生成產業 塑膠工業 特徵時發生錯誤: 缺少必要欄位: 開盤價, 最高價, 最低價, 收盤價, 成交股數
2025-02-11 13:43:37 [ERROR] FeatureManager: 處理產業 塑膠工業 時發生錯誤: 缺少必要欄位: 開盤價, 最高價, 最低價, 收盤價, 成交股數
2025-02-11 13:43:37 [ERROR] FeatureManager: 缺少必要欄位: 開盤價, 最高價, 最低價, 收盤價, 成交股數
2025-02-11 13:43:37 [ERROR] FeatureManager: 生成產業 建材營造業 特徵時發生錯誤: 缺少必要欄位: 開盤價, 最高價, 最低價, 收盤價, 成交股數
2025-02-11 13:43:37 [ERROR] FeatureManager: 處理產業 建材營造業 時發生錯誤: 缺少必要欄位: 開盤價, 最高價, 最低價, 收盤價, 成交股數
2025-02-11 13:43:37 [ERROR] FeatureManager: 缺少必要欄位: 開盤價, 最高價, 最低價, 收盤價, 成交股數
2025-02-11 13:43:37 [ERROR] FeatureManager: 生成產業 汽車工業 特徵時發生錯誤: 缺少必要欄位: 開盤價, 最高價, 最低價, 收盤價, 成交股數
2025-02-11 13:43:37 [ERROR] FeatureManager: 處理產業 汽車工業 時發生錯誤: 缺少必要欄位: 開盤價, 最高價, 最低價, 收盤價, 成交股數
2025-02-11 13:43:37 [ERROR] FeatureManager: 缺少必要欄位: 開盤價, 最高價, 最低價, 收盤價, 成交股數
2025-02-11 13:43:37 [ERROR] FeatureManager: 生成產業 電子零組件業 特徵時發生錯誤: 缺少必要欄位: 開盤價, 最高價, 最低價, 收盤價, 成交股數
2025-02-11 13:43:37 [ERROR] FeatureManager: 處理產業 電子零組件業 時發生錯誤: 缺少必要欄位: 開盤價, 最高價, 最低價, 收盤價, 成交股數
2025-02-11 13:43:37 [ERROR] FeatureManager: 缺少必要欄位: 開盤價, 最高價, 最低價, 收盤價, 成交股數
2025-02-11 13:43:37 [ERROR] FeatureManager: 生成產業 綠能環保業 特徵時發生錯誤: 缺少必要欄位: 開盤價, 最高價, 最低價, 收盤價, 成交股數
2025-02-11 13:43:37 [ERROR] FeatureManager: 處理產業 綠能環保業 時發生錯誤: 缺少必要欄位: 開盤價, 最高價, 最低價, 收盤價, 成交股數
2025-02-11 13:43:37 [ERROR] FeatureManager: 缺少必要欄位: 開盤價, 最高價, 最低價, 收盤價, 成交股數
2025-02-11 13:43:37 [ERROR] FeatureManager: 生成產業 紡織纖維業 特徵時發生錯誤: 缺少必要欄位: 開盤價, 最高價, 最低價, 收盤價, 成交股數
2025-02-11 13:43:37 [ERROR] FeatureManager: 處理產業 紡織纖維業 時發生錯誤: 缺少必要欄位: 開盤價, 最高價, 最低價, 收盤價, 成交股數
2025-02-11 13:43:37 [ERROR] FeatureManager: 缺少必要欄位: 開盤價, 最高價, 最低價, 收盤價, 成交股數
2025-02-11 13:43:37 [ERROR] FeatureManager: 生成產業 貿易百貨業 特徵時發生錯誤: 缺少必要欄位: 開盤價, 最高價, 最低價, 收盤價, 成交股數
2025-02-11 13:43:37 [ERROR] FeatureManager: 處理產業 貿易百貨業 時發生錯誤: 缺少必要欄位: 開盤價, 最高價, 最低價, 收盤價, 成交股數
2025-02-11 13:43:37 [ERROR] FeatureManager: 缺少必要欄位: 開盤價, 最高價, 最低價, 收盤價, 成交股數
2025-02-11 13:43:37 [ERROR] FeatureManager: 生成產業 運動休閒業 特徵時發生錯誤: 缺少必要欄位: 開盤價, 最高價, 最低價, 收盤價, 成交股數
2025-02-11 13:43:37 [ERROR] FeatureManager: 處理產業 運動休閒業 時發生錯誤: 缺少必要欄位: 開盤價, 最高價, 最低價, 收盤價, 成交股數
2025-02-11 13:43:37 [ERROR] FeatureManager: 缺少必要欄位: 開盤價, 最高價, 最低價, 收盤價, 成交股數
2025-02-11 13:43:37 [ERROR] FeatureManager: 生成產業 電子工業 特徵時發生錯誤: 缺少必要欄位: 開盤價, 最高價, 最低價, 收盤價, 成交股數
2025-02-11 13:43:37 [ERROR] FeatureManager: 處理產業 電子工業 時發生錯誤: 缺少必要欄位: 開盤價, 最高價, 最低價, 收盤價, 成交股數
2025-02-11 13:43:37 [ERROR] FeatureManager: 缺少必要欄位: 開盤價, 最高價, 最低價, 收盤價, 成交股數
2025-02-11 13:43:37 [ERROR] FeatureManager: 生成產業 鋼鐵工業 特徵時發生錯誤: 缺少必要欄位: 開盤價, 最高價, 最低價, 收盤價, 成交股數
2025-02-11 13:43:37 [ERROR] FeatureManager: 處理產業 鋼鐵工業 時發生錯誤: 缺少必要欄位: 開盤價, 最高價, 最低價, 收盤價, 成交股數
2025-02-11 13:43:37 [ERROR] FeatureManager: 缺少必要欄位: 開盤價, 最高價, 最低價, 收盤價, 成交股數
2025-02-11 13:43:37 [ERROR] FeatureManager: 生成產業 電機機械業 特徵時發生錯誤: 缺少必要欄位: 開盤價, 最高價, 最低價, 收盤價, 成交股數
2025-02-11 13:43:37 [ERROR] FeatureManager: 處理產業 電機機械業 時發生錯誤: 缺少必要欄位: 開盤價, 最高價, 最低價, 收盤價, 成交股數
2025-02-11 13:43:37 [ERROR] FeatureManager: 缺少必要欄位: 開盤價, 最高價, 最低價, 收盤價, 成交股數
2025-02-11 13:43:37 [ERROR] FeatureManager: 生成產業 電腦及週邊設備業 特徵時發生錯誤: 缺少必要欄位: 開盤價, 最高價, 最低價, 收盤價, 成交股數
2025-02-11 13:43:37 [ERROR] FeatureManager: 處理產業 電腦及週邊設備業 時發生錯誤: 缺少必要欄位: 開盤價, 最高價, 最低價, 收盤價, 成交股數
2025-02-11 13:43:37 [ERROR] FeatureManager: 缺少必要欄位: 開盤價, 最高價, 最低價, 收盤價, 成交股數
2025-02-11 13:43:37 [ERROR] FeatureManager: 生成產業 化學生技醫療業 特徵時發生錯誤: 缺少必要欄位: 開盤價, 最高價, 最低價, 收盤價, 成交股數
2025-02-11 13:43:37 [ERROR] FeatureManager: 處理產業 化學生技醫療業 時發生錯誤: 缺少必要欄位: 開盤價, 最高價, 最低價, 收盤價, 成交股數
2025-02-11 13:43:37 [ERROR] FeatureManager: 缺少必要欄位: 開盤價, 最高價, 最低價, 收盤價, 成交股數
2025-02-11 13:43:37 [ERROR] FeatureManager: 生成產業 化學工業 特徵時發生錯誤: 缺少必要欄位: 開盤價, 最高價, 最低價, 收盤價, 成交股數
2025-02-11 13:43:37 [ERROR] FeatureManager: 處理產業 化學工業 時發生錯誤: 缺少必要欄位: 開盤價, 最高價, 最低價, 收盤價, 成交股數
2025-02-11 13:43:37 [ERROR] FeatureManager: 缺少必要欄位: 開盤價, 最高價, 最低價, 收盤價, 成交股數
2025-02-11 13:43:37 [ERROR] FeatureManager: 生成產業 其他電子業 特徵時發生錯誤: 缺少必要欄位: 開盤價, 最高價, 最低價, 收盤價, 成交股數
2025-02-11 13:43:37 [ERROR] FeatureManager: 處理產業 其他電子業 時發生錯誤: 缺少必要欄位: 開盤價, 最高價, 最低價, 收盤價, 成交股數
2025-02-11 13:43:37 [ERROR] FeatureManager: 缺少必要欄位: 開盤價, 最高價, 最低價, 收盤價, 成交股數
2025-02-11 13:43:37 [ERROR] FeatureManager: 生成產業 玻璃陶瓷業 特徵時發生錯誤: 缺少必要欄位: 開盤價, 最高價, 最低價, 收盤價, 成交股數
2025-02-11 13:43:37 [ERROR] FeatureManager: 處理產業 玻璃陶瓷業 時發生錯誤: 缺少必要欄位: 開盤價, 最高價, 最低價, 收盤價, 成交股數
2025-02-11 13:43:37 [ERROR] FeatureManager: 缺少必要欄位: 開盤價, 最高價, 最低價, 收盤價, 成交股數
2025-02-11 13:43:37 [ERROR] FeatureManager: 生成產業 造紙工業 特徵時發生錯誤: 缺少必要欄位: 開盤價, 最高價, 最低價, 收盤價, 成交股數
2025-02-11 13:43:37 [ERROR] FeatureManager: 處理產業 造紙工業 時發生錯誤: 缺少必要欄位: 開盤價, 最高價, 最低價, 收盤價, 成交股數
2025-02-11 13:43:37 [ERROR] FeatureManager: 缺少必要欄位: 開盤價, 最高價, 最低價, 收盤價, 成交股數
2025-02-11 13:43:37 [ERROR] FeatureManager: 生成產業 居家生活業 特徵時發生錯誤: 缺少必要欄位: 開盤價, 最高價, 最低價, 收盤價, 成交股數
2025-02-11 13:43:37 [ERROR] FeatureManager: 處理產業 居家生活業 時發生錯誤: 缺少必要欄位: 開盤價, 最高價, 最低價, 收盤價, 成交股數
2025-02-11 13:43:37 [ERROR] FeatureManager: 缺少必要欄位: 開盤價, 最高價, 最低價, 收盤價, 成交股數
2025-02-11 13:43:37 [ERROR] FeatureManager: 生成產業 橡膠工業 特徵時發生錯誤: 缺少必要欄位: 開盤價, 最高價, 最低價, 收盤價, 成交股數
2025-02-11 13:43:37 [ERROR] FeatureManager: 處理產業 橡膠工業 時發生錯誤: 缺少必要欄位: 開盤價, 最高價, 最低價, 收盤價, 成交股數
2025-02-11 13:43:37 [ERROR] FeatureManager: 缺少必要欄位: 開盤價, 最高價, 最低價, 收盤價, 成交股數
2025-02-11 13:43:37 [ERROR] FeatureManager: 生成產業 航運業 特徵時發生錯誤: 缺少必要欄位: 開盤價, 最高價, 最低價, 收盤價, 成交股數
2025-02-11 13:43:37 [ERROR] FeatureManager: 處理產業 航運業 時發生錯誤: 缺少必要欄位: 開盤價, 最高價, 最低價, 收盤價, 成交股數
2025-02-11 13:43:37 [ERROR] FeatureManager: 缺少必要欄位: 開盤價, 最高價, 最低價, 收盤價, 成交股數
2025-02-11 13:43:37 [ERROR] FeatureManager: 生成產業 半導體業 特徵時發生錯誤: 缺少必要欄位: 開盤價, 最高價, 最低價, 收盤價, 成交股數
2025-02-11 13:43:37 [ERROR] FeatureManager: 處理產業 半導體業 時發生錯誤: 缺少必要欄位: 開盤價, 最高價, 最低價, 收盤價, 成交股數
2025-02-11 13:43:37 [ERROR] FeatureManager: 缺少必要欄位: 開盤價, 最高價, 最低價, 收盤價, 成交股數
2025-02-11 13:43:37 [ERROR] FeatureManager: 生成產業 通信網路業 特徵時發生錯誤: 缺少必要欄位: 開盤價, 最高價, 最低價, 收盤價, 成交股數
2025-02-11 13:43:37 [ERROR] FeatureManager: 處理產業 通信網路業 時發生錯誤: 缺少必要欄位: 開盤價, 最高價, 最低價, 收盤價, 成交股數
2025-02-11 13:43:37 [ERROR] FeatureManager: 缺少必要欄位: 開盤價, 最高價, 最低價, 收盤價, 成交股數
2025-02-11 13:43:37 [ERROR] FeatureManager: 生成產業 光電業 特徵時發生錯誤: 缺少必要欄位: 開盤價, 最高價, 最低價, 收盤價, 成交股數
2025-02-11 13:43:37 [ERROR] FeatureManager: 處理產業 光電業 時發生錯誤: 缺少必要欄位: 開盤價, 最高價, 最低價, 收盤價, 成交股數
2025-02-11 13:43:37 [ERROR] FeatureManager: 缺少必要欄位: 開盤價, 最高價, 最低價, 收盤價, 成交股數
2025-02-11 13:43:37 [ERROR] FeatureManager: 生成產業 電子通路業 特徵時發生錯誤: 缺少必要欄位: 開盤價, 最高價, 最低價, 收盤價, 成交股數
2025-02-11 13:43:37 [ERROR] FeatureManager: 處理產業 電子通路業 時發生錯誤: 缺少必要欄位: 開盤價, 最高價, 最低價, 收盤價, 成交股數
2025-02-11 13:43:37 [ERROR] FeatureManager: 缺少必要欄位: 開盤價, 最高價, 最低價, 收盤價, 成交股數
2025-02-11 13:43:37 [ERROR] FeatureManager: 生成產業 資訊服務業 特徵時發生錯誤: 缺少必要欄位: 開盤價, 最高價, 最低價, 收盤價, 成交股數
2025-02-11 13:43:37 [ERROR] FeatureManager: 處理產業 資訊服務業 時發生錯誤: 缺少必要欄位: 開盤價, 最高價, 最低價, 收盤價, 成交股數
2025-02-11 13:43:37 [ERROR] FeatureManager: 缺少必要欄位: 開盤價, 最高價, 最低價, 收盤價, 成交股數
2025-02-11 13:43:37 [ERROR] FeatureManager: 生成產業 油電燃氣業 特徵時發生錯誤: 缺少必要欄位: 開盤價, 最高價, 最低價, 收盤價, 成交股數
2025-02-11 13:43:37 [ERROR] FeatureManager: 處理產業 油電燃氣業 時發生錯誤: 缺少必要欄位: 開盤價, 最高價, 最低價, 收盤價, 成交股數
2025-02-11 13:43:37 [ERROR] FeatureManager: 缺少必要欄位: 開盤價, 最高價, 最低價, 收盤價, 成交股數
2025-02-11 13:43:37 [ERROR] FeatureManager: 生成產業 數位雲端業 特徵時發生錯誤: 缺少必要欄位: 開盤價, 最高價, 最低價, 收盤價, 成交股數
2025-02-11 13:43:37 [ERROR] FeatureManager: 處理產業 數位雲端業 時發生錯誤: 缺少必要欄位: 開盤價, 最高價, 最低價, 收盤價, 成交股數
2025-02-11 13:43:37 [ERROR] FeatureManager: 缺少必要欄位: 開盤價, 最高價, 最低價, 收盤價, 成交股數
2025-02-11 13:43:37 [ERROR] FeatureManager: 生成產業 金融保險業 特徵時發生錯誤: 缺少必要欄位: 開盤價, 最高價, 最低價, 收盤價, 成交股數
2025-02-11 13:43:37 [ERROR] FeatureManager: 處理產業 金融保險業 時發生錯誤: 缺少必要欄位: 開盤價, 最高價, 最低價, 收盤價, 成交股數
2025-02-11 13:43:37 [INFO] FeatureManager: 文化創意類: 無對應指數，跳過處理
2025-02-11 13:43:37 [ERROR] FeatureManager: 缺少必要欄位: 開盤價, 最高價, 最低價, 收盤價, 成交股數
2025-02-11 13:43:37 [ERROR] FeatureManager: 生成產業 電子商務業 特徵時發生錯誤: 缺少必要欄位: 開盤價, 最高價, 最低價, 收盤價, 成交股數
2025-02-11 13:43:37 [ERROR] FeatureManager: 處理產業 電子商務業 時發生錯誤: 缺少必要欄位: 開盤價, 最高價, 最低價, 收盤價, 成交股數
2025-02-11 13:43:37 [ERROR] FeatureManager: 缺少必要欄位: 開盤價, 最高價, 最低價, 收盤價, 成交股數
2025-02-11 13:43:37 [ERROR] FeatureManager: 生成產業 金融業 特徵時發生錯誤: 缺少必要欄位: 開盤價, 最高價, 最低價, 收盤價, 成交股數
2025-02-11 13:43:37 [ERROR] FeatureManager: 處理產業 金融業 時發生錯誤: 缺少必要欄位: 開盤價, 最高價, 最低價, 收盤價, 成交股數
2025-02-11 13:43:37 [INFO] FeatureManager: 產業處理報告已生成: D:\Min\Python\Project\FA_Data\meta_data\industry_feature_generation_report.txt
2025-02-11 13:46:28 [INFO] FeatureManager: 處理股票 2330...
2025-02-11 13:46:35 [WARNING] FeatureManager: 股票 2330 缺少以下技術指標: {'EMA10', 'DEMA20', 'DEMA5', 'DEMA10', 'SMA20', 'SMA60', 'DEMA60', 'EMA5', 'EMA60', 'SMA5', 'SMA10', 'EMA20'}
2025-02-11 13:46:35 [INFO] FeatureManager: 已讀取股票 2330 的技術指標，可用指標: ['RSI', 'MACD', 'MACD_signal', 'MACD_hist', 'slowk', 'slowd', 'TSF', 'SAR', 'middleband', 'SMA30', 'EMA30', 'DEMA30']
2025-02-11 13:46:35 [ERROR] FeatureManager: 添加產業特徵時發生錯誤: '證券代號'
2025-02-11 13:46:35 [INFO] FeatureManager: 已儲存特徵至: C:\Users\archi\Python\Project\tw_stock_analysis\features\2330_20241113_20250211.csv
2025-02-11 13:46:35 [INFO] FeatureManager: 成功生成股票 2330 的特徵 (產業: 未知)
2025-02-11 13:46:35 [INFO] FeatureManager: 處理股票 2317...
2025-02-11 13:46:42 [WARNING] FeatureManager: 股票 2317 缺少以下技術指標: {'EMA10', 'DEMA20', 'DEMA5', 'DEMA10', 'SMA20', 'SMA60', 'DEMA60', 'EMA5', 'EMA60', 'SMA5', 'SMA10', 'EMA20'}
2025-02-11 13:46:42 [INFO] FeatureManager: 已讀取股票 2317 的技術指標，可用指標: ['RSI', 'MACD', 'MACD_signal', 'MACD_hist', 'slowk', 'slowd', 'TSF', 'SAR', 'middleband', 'SMA30', 'EMA30', 'DEMA30']
2025-02-11 13:46:42 [ERROR] FeatureManager: 添加產業特徵時發生錯誤: '證券代號'
2025-02-11 13:46:42 [INFO] FeatureManager: 已儲存特徵至: C:\Users\archi\Python\Project\tw_stock_analysis\features\2317_20241113_20250211.csv
2025-02-11 13:46:42 [INFO] FeatureManager: 成功生成股票 2317 的特徵 (產業: 未知)
2025-02-11 13:46:42 [INFO] FeatureManager: 處理股票 1101...
2025-02-11 13:46:50 [WARNING] FeatureManager: 股票 1101 缺少以下技術指標: {'EMA10', 'DEMA20', 'DEMA5', 'DEMA10', 'SMA20', 'SMA60', 'DEMA60', 'EMA5', 'EMA60', 'SMA5', 'SMA10', 'EMA20'}
2025-02-11 13:46:50 [INFO] FeatureManager: 已讀取股票 1101 的技術指標，可用指標: ['RSI', 'MACD', 'MACD_signal', 'MACD_hist', 'slowk', 'slowd', 'TSF', 'SAR', 'middleband', 'SMA30', 'EMA30', 'DEMA30']
2025-02-11 13:46:50 [ERROR] FeatureManager: 添加產業特徵時發生錯誤: '證券代號'
2025-02-11 13:46:50 [INFO] FeatureManager: 已儲存特徵至: C:\Users\archi\Python\Project\tw_stock_analysis\features\1101_20241113_20250211.csv
2025-02-11 13:46:50 [INFO] FeatureManager: 成功生成股票 1101 的特徵 (產業: 未知)
2025-02-11 13:46:50 [INFO] FeatureManager: 處理股票 2891...
2025-02-11 13:46:56 [WARNING] FeatureManager: 股票 2891 缺少以下技術指標: {'EMA10', 'DEMA20', 'DEMA5', 'DEMA10', 'SMA20', 'SMA60', 'DEMA60', 'EMA5', 'EMA60', 'SMA5', 'SMA10', 'EMA20'}
2025-02-11 13:46:56 [INFO] FeatureManager: 已讀取股票 2891 的技術指標，可用指標: ['RSI', 'MACD', 'MACD_signal', 'MACD_hist', 'slowk', 'slowd', 'TSF', 'SAR', 'middleband', 'SMA30', 'EMA30', 'DEMA30']
2025-02-11 13:46:56 [ERROR] FeatureManager: 添加產業特徵時發生錯誤: '證券代號'
2025-02-11 13:46:56 [INFO] FeatureManager: 已儲存特徵至: C:\Users\archi\Python\Project\tw_stock_analysis\features\2891_20241113_20250211.csv
2025-02-11 13:46:56 [INFO] FeatureManager: 成功生成股票 2891 的特徵 (產業: 未知)
2025-02-11 13:46:56 [INFO] FeatureManager: 處理股票 2303...
2025-02-11 13:47:03 [WARNING] FeatureManager: 股票 2303 缺少以下技術指標: {'EMA10', 'DEMA20', 'DEMA5', 'DEMA10', 'SMA20', 'SMA60', 'DEMA60', 'EMA5', 'EMA60', 'SMA5', 'SMA10', 'EMA20'}
2025-02-11 13:47:03 [INFO] FeatureManager: 已讀取股票 2303 的技術指標，可用指標: ['RSI', 'MACD', 'MACD_signal', 'MACD_hist', 'slowk', 'slowd', 'TSF', 'SAR', 'middleband', 'SMA30', 'EMA30', 'DEMA30']
2025-02-11 13:47:03 [ERROR] FeatureManager: 添加產業特徵時發生錯誤: '證券代號'
2025-02-11 13:47:03 [INFO] FeatureManager: 已儲存特徵至: C:\Users\archi\Python\Project\tw_stock_analysis\features\2303_20241113_20250211.csv
2025-02-11 13:47:03 [INFO] FeatureManager: 成功生成股票 2303 的特徵 (產業: 未知)
2025-02-11 13:47:03 [INFO] FeatureManager: 處理報告已生成: D:\Min\Python\Project\FA_Data\meta_data\feature_generation_report.txt
2025-02-11 13:47:03 [ERROR] FeatureManager: 缺少必要欄位: 開盤價, 最高價, 最低價, 收盤價, 成交股數
2025-02-11 13:47:03 [ERROR] FeatureManager: 生成產業 水泥工業 特徵時發生錯誤: 缺少必要欄位: 開盤價, 最高價, 最低價, 收盤價, 成交股數
2025-02-11 13:47:03 [ERROR] FeatureManager: 處理產業 水泥工業 時發生錯誤: 缺少必要欄位: 開盤價, 最高價, 最低價, 收盤價, 成交股數
2025-02-11 13:47:03 [ERROR] FeatureManager: 缺少必要欄位: 開盤價, 最高價, 最低價, 收盤價, 成交股數
2025-02-11 13:47:03 [ERROR] FeatureManager: 生成產業 其他業 特徵時發生錯誤: 缺少必要欄位: 開盤價, 最高價, 最低價, 收盤價, 成交股數
2025-02-11 13:47:03 [ERROR] FeatureManager: 處理產業 其他業 時發生錯誤: 缺少必要欄位: 開盤價, 最高價, 最低價, 收盤價, 成交股數
2025-02-11 13:47:03 [ERROR] FeatureManager: 缺少必要欄位: 開盤價, 最高價, 最低價, 收盤價, 成交股數
2025-02-11 13:47:03 [ERROR] FeatureManager: 生成產業 食品工業 特徵時發生錯誤: 缺少必要欄位: 開盤價, 最高價, 最低價, 收盤價, 成交股數
2025-02-11 13:47:03 [ERROR] FeatureManager: 處理產業 食品工業 時發生錯誤: 缺少必要欄位: 開盤價, 最高價, 最低價, 收盤價, 成交股數
2025-02-11 13:47:03 [ERROR] FeatureManager: 缺少必要欄位: 開盤價, 最高價, 最低價, 收盤價, 成交股數
2025-02-11 13:47:03 [ERROR] FeatureManager: 生成產業 電器電纜業 特徵時發生錯誤: 缺少必要欄位: 開盤價, 最高價, 最低價, 收盤價, 成交股數
2025-02-11 13:47:03 [ERROR] FeatureManager: 處理產業 電器電纜業 時發生錯誤: 缺少必要欄位: 開盤價, 最高價, 最低價, 收盤價, 成交股數
2025-02-11 13:47:03 [INFO] FeatureManager: 農業生技類: 無對應指數，跳過處理
2025-02-11 13:47:03 [ERROR] FeatureManager: 缺少必要欄位: 開盤價, 最高價, 最低價, 收盤價, 成交股數
2025-02-11 13:47:03 [ERROR] FeatureManager: 生成產業 觀光業 特徵時發生錯誤: 缺少必要欄位: 開盤價, 最高價, 最低價, 收盤價, 成交股數
2025-02-11 13:47:03 [ERROR] FeatureManager: 處理產業 觀光業 時發生錯誤: 缺少必要欄位: 開盤價, 最高價, 最低價, 收盤價, 成交股數
2025-02-11 13:47:03 [ERROR] FeatureManager: 缺少必要欄位: 開盤價, 最高價, 最低價, 收盤價, 成交股數
2025-02-11 13:47:03 [ERROR] FeatureManager: 生成產業 觀光餐旅業 特徵時發生錯誤: 缺少必要欄位: 開盤價, 最高價, 最低價, 收盤價, 成交股數
2025-02-11 13:47:03 [ERROR] FeatureManager: 處理產業 觀光餐旅業 時發生錯誤: 缺少必要欄位: 開盤價, 最高價, 最低價, 收盤價, 成交股數
2025-02-11 13:47:03 [ERROR] FeatureManager: 缺少必要欄位: 開盤價, 最高價, 最低價, 收盤價, 成交股數
2025-02-11 13:47:03 [ERROR] FeatureManager: 生成產業 生技醫療業 特徵時發生錯誤: 缺少必要欄位: 開盤價, 最高價, 最低價, 收盤價, 成交股數
2025-02-11 13:47:03 [ERROR] FeatureManager: 處理產業 生技醫療業 時發生錯誤: 缺少必要欄位: 開盤價, 最高價, 最低價, 收盤價, 成交股數
2025-02-11 13:47:03 [ERROR] FeatureManager: 缺少必要欄位: 開盤價, 最高價, 最低價, 收盤價, 成交股數
2025-02-11 13:47:03 [ERROR] FeatureManager: 生成產業 塑膠工業 特徵時發生錯誤: 缺少必要欄位: 開盤價, 最高價, 最低價, 收盤價, 成交股數
2025-02-11 13:47:03 [ERROR] FeatureManager: 處理產業 塑膠工業 時發生錯誤: 缺少必要欄位: 開盤價, 最高價, 最低價, 收盤價, 成交股數
2025-02-11 13:47:03 [ERROR] FeatureManager: 缺少必要欄位: 開盤價, 最高價, 最低價, 收盤價, 成交股數
2025-02-11 13:47:03 [ERROR] FeatureManager: 生成產業 建材營造業 特徵時發生錯誤: 缺少必要欄位: 開盤價, 最高價, 最低價, 收盤價, 成交股數
2025-02-11 13:47:03 [ERROR] FeatureManager: 處理產業 建材營造業 時發生錯誤: 缺少必要欄位: 開盤價, 最高價, 最低價, 收盤價, 成交股數
2025-02-11 13:47:03 [ERROR] FeatureManager: 缺少必要欄位: 開盤價, 最高價, 最低價, 收盤價, 成交股數
2025-02-11 13:47:03 [ERROR] FeatureManager: 生成產業 汽車工業 特徵時發生錯誤: 缺少必要欄位: 開盤價, 最高價, 最低價, 收盤價, 成交股數
2025-02-11 13:47:03 [ERROR] FeatureManager: 處理產業 汽車工業 時發生錯誤: 缺少必要欄位: 開盤價, 最高價, 最低價, 收盤價, 成交股數
2025-02-11 13:47:03 [ERROR] FeatureManager: 缺少必要欄位: 開盤價, 最高價, 最低價, 收盤價, 成交股數
2025-02-11 13:47:03 [ERROR] FeatureManager: 生成產業 電子零組件業 特徵時發生錯誤: 缺少必要欄位: 開盤價, 最高價, 最低價, 收盤價, 成交股數
2025-02-11 13:47:03 [ERROR] FeatureManager: 處理產業 電子零組件業 時發生錯誤: 缺少必要欄位: 開盤價, 最高價, 最低價, 收盤價, 成交股數
2025-02-11 13:47:03 [ERROR] FeatureManager: 缺少必要欄位: 開盤價, 最高價, 最低價, 收盤價, 成交股數
2025-02-11 13:47:03 [ERROR] FeatureManager: 生成產業 綠能環保業 特徵時發生錯誤: 缺少必要欄位: 開盤價, 最高價, 最低價, 收盤價, 成交股數
2025-02-11 13:47:03 [ERROR] FeatureManager: 處理產業 綠能環保業 時發生錯誤: 缺少必要欄位: 開盤價, 最高價, 最低價, 收盤價, 成交股數
2025-02-11 13:47:03 [ERROR] FeatureManager: 缺少必要欄位: 開盤價, 最高價, 最低價, 收盤價, 成交股數
2025-02-11 13:47:03 [ERROR] FeatureManager: 生成產業 紡織纖維業 特徵時發生錯誤: 缺少必要欄位: 開盤價, 最高價, 最低價, 收盤價, 成交股數
2025-02-11 13:47:03 [ERROR] FeatureManager: 處理產業 紡織纖維業 時發生錯誤: 缺少必要欄位: 開盤價, 最高價, 最低價, 收盤價, 成交股數
2025-02-11 13:47:03 [ERROR] FeatureManager: 缺少必要欄位: 開盤價, 最高價, 最低價, 收盤價, 成交股數
2025-02-11 13:47:03 [ERROR] FeatureManager: 生成產業 貿易百貨業 特徵時發生錯誤: 缺少必要欄位: 開盤價, 最高價, 最低價, 收盤價, 成交股數
2025-02-11 13:47:03 [ERROR] FeatureManager: 處理產業 貿易百貨業 時發生錯誤: 缺少必要欄位: 開盤價, 最高價, 最低價, 收盤價, 成交股數
2025-02-11 13:47:03 [ERROR] FeatureManager: 缺少必要欄位: 開盤價, 最高價, 最低價, 收盤價, 成交股數
2025-02-11 13:47:03 [ERROR] FeatureManager: 生成產業 運動休閒業 特徵時發生錯誤: 缺少必要欄位: 開盤價, 最高價, 最低價, 收盤價, 成交股數
2025-02-11 13:47:03 [ERROR] FeatureManager: 處理產業 運動休閒業 時發生錯誤: 缺少必要欄位: 開盤價, 最高價, 最低價, 收盤價, 成交股數
2025-02-11 13:47:03 [ERROR] FeatureManager: 缺少必要欄位: 開盤價, 最高價, 最低價, 收盤價, 成交股數
2025-02-11 13:47:03 [ERROR] FeatureManager: 生成產業 電子工業 特徵時發生錯誤: 缺少必要欄位: 開盤價, 最高價, 最低價, 收盤價, 成交股數
2025-02-11 13:47:03 [ERROR] FeatureManager: 處理產業 電子工業 時發生錯誤: 缺少必要欄位: 開盤價, 最高價, 最低價, 收盤價, 成交股數
2025-02-11 13:47:03 [ERROR] FeatureManager: 缺少必要欄位: 開盤價, 最高價, 最低價, 收盤價, 成交股數
2025-02-11 13:47:03 [ERROR] FeatureManager: 生成產業 鋼鐵工業 特徵時發生錯誤: 缺少必要欄位: 開盤價, 最高價, 最低價, 收盤價, 成交股數
2025-02-11 13:47:03 [ERROR] FeatureManager: 處理產業 鋼鐵工業 時發生錯誤: 缺少必要欄位: 開盤價, 最高價, 最低價, 收盤價, 成交股數
2025-02-11 13:47:03 [ERROR] FeatureManager: 缺少必要欄位: 開盤價, 最高價, 最低價, 收盤價, 成交股數
2025-02-11 13:47:03 [ERROR] FeatureManager: 生成產業 電機機械業 特徵時發生錯誤: 缺少必要欄位: 開盤價, 最高價, 最低價, 收盤價, 成交股數
2025-02-11 13:47:03 [ERROR] FeatureManager: 處理產業 電機機械業 時發生錯誤: 缺少必要欄位: 開盤價, 最高價, 最低價, 收盤價, 成交股數
2025-02-11 13:47:03 [ERROR] FeatureManager: 缺少必要欄位: 開盤價, 最高價, 最低價, 收盤價, 成交股數
2025-02-11 13:47:03 [ERROR] FeatureManager: 生成產業 電腦及週邊設備業 特徵時發生錯誤: 缺少必要欄位: 開盤價, 最高價, 最低價, 收盤價, 成交股數
2025-02-11 13:47:03 [ERROR] FeatureManager: 處理產業 電腦及週邊設備業 時發生錯誤: 缺少必要欄位: 開盤價, 最高價, 最低價, 收盤價, 成交股數
2025-02-11 13:47:03 [ERROR] FeatureManager: 缺少必要欄位: 開盤價, 最高價, 最低價, 收盤價, 成交股數
2025-02-11 13:47:03 [ERROR] FeatureManager: 生成產業 化學生技醫療業 特徵時發生錯誤: 缺少必要欄位: 開盤價, 最高價, 最低價, 收盤價, 成交股數
2025-02-11 13:47:03 [ERROR] FeatureManager: 處理產業 化學生技醫療業 時發生錯誤: 缺少必要欄位: 開盤價, 最高價, 最低價, 收盤價, 成交股數
2025-02-11 13:47:03 [ERROR] FeatureManager: 缺少必要欄位: 開盤價, 最高價, 最低價, 收盤價, 成交股數
2025-02-11 13:47:03 [ERROR] FeatureManager: 生成產業 化學工業 特徵時發生錯誤: 缺少必要欄位: 開盤價, 最高價, 最低價, 收盤價, 成交股數
2025-02-11 13:47:03 [ERROR] FeatureManager: 處理產業 化學工業 時發生錯誤: 缺少必要欄位: 開盤價, 最高價, 最低價, 收盤價, 成交股數
2025-02-11 13:47:03 [ERROR] FeatureManager: 缺少必要欄位: 開盤價, 最高價, 最低價, 收盤價, 成交股數
2025-02-11 13:47:03 [ERROR] FeatureManager: 生成產業 其他電子業 特徵時發生錯誤: 缺少必要欄位: 開盤價, 最高價, 最低價, 收盤價, 成交股數
2025-02-11 13:47:03 [ERROR] FeatureManager: 處理產業 其他電子業 時發生錯誤: 缺少必要欄位: 開盤價, 最高價, 最低價, 收盤價, 成交股數
2025-02-11 13:47:03 [ERROR] FeatureManager: 缺少必要欄位: 開盤價, 最高價, 最低價, 收盤價, 成交股數
2025-02-11 13:47:03 [ERROR] FeatureManager: 生成產業 玻璃陶瓷業 特徵時發生錯誤: 缺少必要欄位: 開盤價, 最高價, 最低價, 收盤價, 成交股數
2025-02-11 13:47:03 [ERROR] FeatureManager: 處理產業 玻璃陶瓷業 時發生錯誤: 缺少必要欄位: 開盤價, 最高價, 最低價, 收盤價, 成交股數
2025-02-11 13:47:03 [ERROR] FeatureManager: 缺少必要欄位: 開盤價, 最高價, 最低價, 收盤價, 成交股數
2025-02-11 13:47:03 [ERROR] FeatureManager: 生成產業 造紙工業 特徵時發生錯誤: 缺少必要欄位: 開盤價, 最高價, 最低價, 收盤價, 成交股數
2025-02-11 13:47:03 [ERROR] FeatureManager: 處理產業 造紙工業 時發生錯誤: 缺少必要欄位: 開盤價, 最高價, 最低價, 收盤價, 成交股數
2025-02-11 13:47:03 [ERROR] FeatureManager: 缺少必要欄位: 開盤價, 最高價, 最低價, 收盤價, 成交股數
2025-02-11 13:47:03 [ERROR] FeatureManager: 生成產業 居家生活業 特徵時發生錯誤: 缺少必要欄位: 開盤價, 最高價, 最低價, 收盤價, 成交股數
2025-02-11 13:47:03 [ERROR] FeatureManager: 處理產業 居家生活業 時發生錯誤: 缺少必要欄位: 開盤價, 最高價, 最低價, 收盤價, 成交股數
2025-02-11 13:47:03 [ERROR] FeatureManager: 缺少必要欄位: 開盤價, 最高價, 最低價, 收盤價, 成交股數
2025-02-11 13:47:03 [ERROR] FeatureManager: 生成產業 橡膠工業 特徵時發生錯誤: 缺少必要欄位: 開盤價, 最高價, 最低價, 收盤價, 成交股數
2025-02-11 13:47:03 [ERROR] FeatureManager: 處理產業 橡膠工業 時發生錯誤: 缺少必要欄位: 開盤價, 最高價, 最低價, 收盤價, 成交股數
2025-02-11 13:47:03 [ERROR] FeatureManager: 缺少必要欄位: 開盤價, 最高價, 最低價, 收盤價, 成交股數
2025-02-11 13:47:03 [ERROR] FeatureManager: 生成產業 航運業 特徵時發生錯誤: 缺少必要欄位: 開盤價, 最高價, 最低價, 收盤價, 成交股數
2025-02-11 13:47:03 [ERROR] FeatureManager: 處理產業 航運業 時發生錯誤: 缺少必要欄位: 開盤價, 最高價, 最低價, 收盤價, 成交股數
2025-02-11 13:47:03 [ERROR] FeatureManager: 缺少必要欄位: 開盤價, 最高價, 最低價, 收盤價, 成交股數
2025-02-11 13:47:03 [ERROR] FeatureManager: 生成產業 半導體業 特徵時發生錯誤: 缺少必要欄位: 開盤價, 最高價, 最低價, 收盤價, 成交股數
2025-02-11 13:47:03 [ERROR] FeatureManager: 處理產業 半導體業 時發生錯誤: 缺少必要欄位: 開盤價, 最高價, 最低價, 收盤價, 成交股數
2025-02-11 13:47:03 [ERROR] FeatureManager: 缺少必要欄位: 開盤價, 最高價, 最低價, 收盤價, 成交股數
2025-02-11 13:47:03 [ERROR] FeatureManager: 生成產業 通信網路業 特徵時發生錯誤: 缺少必要欄位: 開盤價, 最高價, 最低價, 收盤價, 成交股數
2025-02-11 13:47:03 [ERROR] FeatureManager: 處理產業 通信網路業 時發生錯誤: 缺少必要欄位: 開盤價, 最高價, 最低價, 收盤價, 成交股數
2025-02-11 13:47:03 [ERROR] FeatureManager: 缺少必要欄位: 開盤價, 最高價, 最低價, 收盤價, 成交股數
2025-02-11 13:47:03 [ERROR] FeatureManager: 生成產業 光電業 特徵時發生錯誤: 缺少必要欄位: 開盤價, 最高價, 最低價, 收盤價, 成交股數
2025-02-11 13:47:03 [ERROR] FeatureManager: 處理產業 光電業 時發生錯誤: 缺少必要欄位: 開盤價, 最高價, 最低價, 收盤價, 成交股數
2025-02-11 13:47:03 [ERROR] FeatureManager: 缺少必要欄位: 開盤價, 最高價, 最低價, 收盤價, 成交股數
2025-02-11 13:47:03 [ERROR] FeatureManager: 生成產業 電子通路業 特徵時發生錯誤: 缺少必要欄位: 開盤價, 最高價, 最低價, 收盤價, 成交股數
2025-02-11 13:47:03 [ERROR] FeatureManager: 處理產業 電子通路業 時發生錯誤: 缺少必要欄位: 開盤價, 最高價, 最低價, 收盤價, 成交股數
2025-02-11 13:47:03 [ERROR] FeatureManager: 缺少必要欄位: 開盤價, 最高價, 最低價, 收盤價, 成交股數
2025-02-11 13:47:03 [ERROR] FeatureManager: 生成產業 資訊服務業 特徵時發生錯誤: 缺少必要欄位: 開盤價, 最高價, 最低價, 收盤價, 成交股數
2025-02-11 13:47:03 [ERROR] FeatureManager: 處理產業 資訊服務業 時發生錯誤: 缺少必要欄位: 開盤價, 最高價, 最低價, 收盤價, 成交股數
2025-02-11 13:47:03 [ERROR] FeatureManager: 缺少必要欄位: 開盤價, 最高價, 最低價, 收盤價, 成交股數
2025-02-11 13:47:03 [ERROR] FeatureManager: 生成產業 油電燃氣業 特徵時發生錯誤: 缺少必要欄位: 開盤價, 最高價, 最低價, 收盤價, 成交股數
2025-02-11 13:47:03 [ERROR] FeatureManager: 處理產業 油電燃氣業 時發生錯誤: 缺少必要欄位: 開盤價, 最高價, 最低價, 收盤價, 成交股數
2025-02-11 13:47:03 [ERROR] FeatureManager: 缺少必要欄位: 開盤價, 最高價, 最低價, 收盤價, 成交股數
2025-02-11 13:47:03 [ERROR] FeatureManager: 生成產業 數位雲端業 特徵時發生錯誤: 缺少必要欄位: 開盤價, 最高價, 最低價, 收盤價, 成交股數
2025-02-11 13:47:03 [ERROR] FeatureManager: 處理產業 數位雲端業 時發生錯誤: 缺少必要欄位: 開盤價, 最高價, 最低價, 收盤價, 成交股數
2025-02-11 13:47:03 [ERROR] FeatureManager: 缺少必要欄位: 開盤價, 最高價, 最低價, 收盤價, 成交股數
2025-02-11 13:47:03 [ERROR] FeatureManager: 生成產業 金融保險業 特徵時發生錯誤: 缺少必要欄位: 開盤價, 最高價, 最低價, 收盤價, 成交股數
2025-02-11 13:47:03 [ERROR] FeatureManager: 處理產業 金融保險業 時發生錯誤: 缺少必要欄位: 開盤價, 最高價, 最低價, 收盤價, 成交股數
2025-02-11 13:47:03 [INFO] FeatureManager: 文化創意類: 無對應指數，跳過處理
2025-02-11 13:47:03 [ERROR] FeatureManager: 缺少必要欄位: 開盤價, 最高價, 最低價, 收盤價, 成交股數
2025-02-11 13:47:03 [ERROR] FeatureManager: 生成產業 電子商務業 特徵時發生錯誤: 缺少必要欄位: 開盤價, 最高價, 最低價, 收盤價, 成交股數
2025-02-11 13:47:03 [ERROR] FeatureManager: 處理產業 電子商務業 時發生錯誤: 缺少必要欄位: 開盤價, 最高價, 最低價, 收盤價, 成交股數
2025-02-11 13:47:03 [ERROR] FeatureManager: 缺少必要欄位: 開盤價, 最高價, 最低價, 收盤價, 成交股數
2025-02-11 13:47:03 [ERROR] FeatureManager: 生成產業 金融業 特徵時發生錯誤: 缺少必要欄位: 開盤價, 最高價, 最低價, 收盤價, 成交股數
2025-02-11 13:47:03 [ERROR] FeatureManager: 處理產業 金融業 時發生錯誤: 缺少必要欄位: 開盤價, 最高價, 最低價, 收盤價, 成交股數
2025-02-11 13:47:03 [INFO] FeatureManager: 產業處理報告已生成: D:\Min\Python\Project\FA_Data\meta_data\industry_feature_generation_report.txt
