2025-02-11 13:29:09 [INFO] FeatureConfig: 使用股票資料: D:\Min\Python\Project\FA_Data\meta_data\stock_data_whole.csv
2025-02-11 13:29:09 [INFO] FeatureConfig: 已備份 companies.csv 到 C:\Users\archi\Python\Project\tw_stock_analysis\backup\companies_20250211_132909.csv
2025-02-11 13:29:09 [INFO] FeatureConfig: 已備份 industry_index.csv 到 C:\Users\archi\Python\Project\tw_stock_analysis\backup\industry_index_20250211_132909.csv
2025-02-11 13:29:09 [INFO] FeatureConfig: 已備份 market_index.csv 到 C:\Users\archi\Python\Project\tw_stock_analysis\backup\market_index_20250211_132909.csv
2025-02-11 13:29:10 [INFO] FeatureConfig: 已備份 stock_data_whole.csv 到 C:\Users\archi\Python\Project\tw_stock_analysis\backup\stock_data_whole_20250211_132909.csv
2025-02-11 13:29:10 [INFO] FeatureConfig: 已備份 all_stocks_data.csv 到 C:\Users\archi\Python\Project\tw_stock_analysis\backup\all_stocks_data_20250211_132910.csv
2025-02-11 13:29:10 [INFO] FeatureConfig: 使用股票資料: D:\Min\Python\Project\FA_Data\meta_data\stock_data_whole.csv
2025-02-11 13:29:16 [INFO] FeatureConfig: 使用股票資料: D:\Min\Python\Project\FA_Data\meta_data\stock_data_whole.csv
2025-02-11 13:29:21 [INFO] FeatureConfig: 使用股票資料: D:\Min\Python\Project\FA_Data\meta_data\stock_data_whole.csv
2025-02-11 13:29:28 [INFO] FeatureConfig: 使用股票資料: D:\Min\Python\Project\FA_Data\meta_data\stock_data_whole.csv
2025-02-11 13:29:33 [INFO] FeatureConfig: 使用股票資料: D:\Min\Python\Project\FA_Data\meta_data\stock_data_whole.csv
2025-02-11 13:29:39 [INFO] FeatureConfig: 使用股票資料: D:\Min\Python\Project\FA_Data\meta_data\stock_data_whole.csv
2025-02-11 13:30:40 [INFO] FeatureConfig: 使用股票資料: D:\Min\Python\Project\FA_Data\meta_data\stock_data_whole.csv
2025-02-11 13:30:40 [WARNING] FeatureConfig: 備份目錄空間不足，執行緊急清理
2025-02-11 13:30:40 [INFO] FeatureConfig: 緊急清理：已刪除 C:\Users\archi\Python\Project\tw_stock_analysis\backup\companies_20250210_143445.csv
2025-02-11 13:30:40 [INFO] FeatureConfig: 緊急清理：已刪除 C:\Users\archi\Python\Project\tw_stock_analysis\backup\companies_20250211_132909.csv
2025-02-11 13:30:40 [INFO] FeatureConfig: 緊急清理：已刪除 C:\Users\archi\Python\Project\tw_stock_analysis\backup\stock_data_whole_20250210_143445.csv
2025-02-11 13:30:40 [INFO] FeatureConfig: 緊急清理：已刪除 C:\Users\archi\Python\Project\tw_stock_analysis\backup\stock_data_whole_20250211_132909.csv
2025-02-11 13:30:40 [INFO] FeatureConfig: 緊急清理：已刪除 C:\Users\archi\Python\Project\tw_stock_analysis\backup\industry_index_20250210_143445.csv
2025-02-11 13:30:40 [INFO] FeatureConfig: 緊急清理：已刪除 C:\Users\archi\Python\Project\tw_stock_analysis\backup\industry_index_20250211_132909.csv
2025-02-11 13:30:40 [INFO] FeatureConfig: 緊急清理：已刪除 C:\Users\archi\Python\Project\tw_stock_analysis\backup\market_index_20250210_143445.csv
2025-02-11 13:30:40 [INFO] FeatureConfig: 緊急清理：已刪除 C:\Users\archi\Python\Project\tw_stock_analysis\backup\market_index_20250211_132909.csv
2025-02-11 13:30:40 [INFO] FeatureConfig: 緊急清理：已刪除 C:\Users\archi\Python\Project\tw_stock_analysis\backup\all_stocks_data_20250210_143445.csv
2025-02-11 13:30:40 [INFO] FeatureConfig: 已備份 companies.csv 到 C:\Users\archi\Python\Project\tw_stock_analysis\backup\companies_20250211_133040.csv
2025-02-11 13:30:40 [INFO] FeatureConfig: 已備份 industry_index.csv 到 C:\Users\archi\Python\Project\tw_stock_analysis\backup\industry_index_20250211_133040.csv
2025-02-11 13:30:40 [INFO] FeatureConfig: 已備份 market_index.csv 到 C:\Users\archi\Python\Project\tw_stock_analysis\backup\market_index_20250211_133040.csv
2025-02-11 13:30:40 [INFO] FeatureConfig: 已備份 stock_data_whole.csv 到 C:\Users\archi\Python\Project\tw_stock_analysis\backup\stock_data_whole_20250211_133040.csv
2025-02-11 13:30:40 [INFO] FeatureConfig: 今天已有 all_stocks_data.csv 的備份且文件未變化，跳過備份
2025-02-11 13:30:40 [INFO] FeatureConfig: 使用股票資料: D:\Min\Python\Project\FA_Data\meta_data\stock_data_whole.csv
2025-02-11 13:30:46 [INFO] FeatureConfig: 使用股票資料: D:\Min\Python\Project\FA_Data\meta_data\stock_data_whole.csv
2025-02-11 13:30:53 [INFO] FeatureConfig: 使用股票資料: D:\Min\Python\Project\FA_Data\meta_data\stock_data_whole.csv
2025-02-11 13:31:00 [INFO] FeatureConfig: 使用股票資料: D:\Min\Python\Project\FA_Data\meta_data\stock_data_whole.csv
2025-02-11 13:31:08 [INFO] FeatureConfig: 使用股票資料: D:\Min\Python\Project\FA_Data\meta_data\stock_data_whole.csv
2025-02-11 13:31:15 [INFO] FeatureConfig: 使用股票資料: D:\Min\Python\Project\FA_Data\meta_data\stock_data_whole.csv
2025-02-11 13:41:35 [INFO] FeatureConfig: 使用股票資料: D:\Min\Python\Project\FA_Data\meta_data\stock_data_whole.csv
2025-02-11 13:41:35 [INFO] FeatureConfig: 今天已有 companies.csv 的備份且文件未變化，跳過備份
2025-02-11 13:41:35 [INFO] FeatureConfig: 今天已有 industry_index.csv 的備份且文件未變化，跳過備份
2025-02-11 13:41:35 [INFO] FeatureConfig: 今天已有 market_index.csv 的備份且文件未變化，跳過備份
2025-02-11 13:41:35 [INFO] FeatureConfig: 今天已有 stock_data_whole.csv 的備份且文件未變化，跳過備份
2025-02-11 13:41:35 [INFO] FeatureConfig: 今天已有 all_stocks_data.csv 的備份且文件未變化，跳過備份
2025-02-11 13:41:35 [INFO] FeatureConfig: 使用股票資料: D:\Min\Python\Project\FA_Data\meta_data\stock_data_whole.csv
2025-02-11 13:41:41 [INFO] FeatureConfig: 使用股票資料: D:\Min\Python\Project\FA_Data\meta_data\stock_data_whole.csv
2025-02-11 13:41:47 [INFO] FeatureConfig: 使用股票資料: D:\Min\Python\Project\FA_Data\meta_data\stock_data_whole.csv
2025-02-11 13:41:54 [INFO] FeatureConfig: 使用股票資料: D:\Min\Python\Project\FA_Data\meta_data\stock_data_whole.csv
2025-02-11 13:42:02 [INFO] FeatureConfig: 使用股票資料: D:\Min\Python\Project\FA_Data\meta_data\stock_data_whole.csv
2025-02-11 13:42:10 [INFO] FeatureConfig: 使用股票資料: D:\Min\Python\Project\FA_Data\meta_data\stock_data_whole.csv
2025-02-11 13:43:00 [INFO] FeatureConfig: 使用股票資料: D:\Min\Python\Project\FA_Data\meta_data\stock_data_whole.csv
2025-02-11 13:43:00 [INFO] FeatureConfig: 今天已有 companies.csv 的備份且文件未變化，跳過備份
2025-02-11 13:43:00 [INFO] FeatureConfig: 今天已有 industry_index.csv 的備份且文件未變化，跳過備份
2025-02-11 13:43:00 [INFO] FeatureConfig: 今天已有 market_index.csv 的備份且文件未變化，跳過備份
2025-02-11 13:43:00 [INFO] FeatureConfig: 今天已有 stock_data_whole.csv 的備份且文件未變化，跳過備份
2025-02-11 13:43:00 [INFO] FeatureConfig: 今天已有 all_stocks_data.csv 的備份且文件未變化，跳過備份
2025-02-11 13:43:00 [INFO] FeatureConfig: 使用股票資料: D:\Min\Python\Project\FA_Data\meta_data\stock_data_whole.csv
2025-02-11 13:43:05 [INFO] FeatureConfig: 使用股票資料: D:\Min\Python\Project\FA_Data\meta_data\stock_data_whole.csv
2025-02-11 13:43:11 [INFO] FeatureConfig: 生成特徵檔案名稱: 2330_20241113_20250211.csv (股票: 2330, 產業: N/A)
2025-02-11 13:43:11 [INFO] FeatureConfig: 使用股票資料: D:\Min\Python\Project\FA_Data\meta_data\stock_data_whole.csv
2025-02-11 13:43:17 [INFO] FeatureConfig: 生成特徵檔案名稱: 2317_20241113_20250211.csv (股票: 2317, 產業: N/A)
2025-02-11 13:43:17 [INFO] FeatureConfig: 使用股票資料: D:\Min\Python\Project\FA_Data\meta_data\stock_data_whole.csv
2025-02-11 13:43:23 [INFO] FeatureConfig: 生成特徵檔案名稱: 1101_20241113_20250211.csv (股票: 1101, 產業: N/A)
2025-02-11 13:43:23 [INFO] FeatureConfig: 使用股票資料: D:\Min\Python\Project\FA_Data\meta_data\stock_data_whole.csv
2025-02-11 13:43:30 [INFO] FeatureConfig: 生成特徵檔案名稱: 2891_20241113_20250211.csv (股票: 2891, 產業: N/A)
2025-02-11 13:43:30 [INFO] FeatureConfig: 使用股票資料: D:\Min\Python\Project\FA_Data\meta_data\stock_data_whole.csv
2025-02-11 13:43:36 [INFO] FeatureConfig: 生成特徵檔案名稱: 2303_20241113_20250211.csv (股票: 2303, 產業: N/A)
2025-02-11 13:43:37 [INFO] FeatureConfig: 生成特徵檔案名稱: 水泥_20241113_20250211.csv (股票: 水泥類報酬指數, 產業: 水泥)
2025-02-11 13:43:37 [INFO] FeatureConfig: 生成特徵檔案名稱: 其他_20241113_20250211.csv (股票: 其他類報酬指數, 產業: 其他)
2025-02-11 13:43:37 [INFO] FeatureConfig: 生成特徵檔案名稱: 食品_20241113_20250211.csv (股票: 食品類報酬指數, 產業: 食品)
2025-02-11 13:43:37 [INFO] FeatureConfig: 生成特徵檔案名稱: 電器電纜_20241113_20250211.csv (股票: 電器電纜類報酬指數, 產業: 電器電纜)
2025-02-11 13:43:37 [INFO] FeatureConfig: 生成特徵檔案名稱: 觀光_20241113_20250211.csv (股票: 觀光類報酬指數, 產業: 觀光)
2025-02-11 13:43:37 [INFO] FeatureConfig: 生成特徵檔案名稱: 觀光餐旅_20241113_20250211.csv (股票: 觀光類報酬指數, 產業: 觀光餐旅)
2025-02-11 13:43:37 [INFO] FeatureConfig: 生成特徵檔案名稱: 化學生技醫療_20241113_20250211.csv (股票: 生技醫療類報酬指數, 產業: 化學生技醫療)
2025-02-11 13:43:37 [INFO] FeatureConfig: 生成特徵檔案名稱: 塑膠_20241113_20250211.csv (股票: 塑膠類報酬指數, 產業: 塑膠)
2025-02-11 13:43:37 [INFO] FeatureConfig: 生成特徵檔案名稱: 建材營造_20241113_20250211.csv (股票: 建材營造類報酬指數, 產業: 建材營造)
2025-02-11 13:43:37 [INFO] FeatureConfig: 生成特徵檔案名稱: 汽車_20241113_20250211.csv (股票: 汽車類報酬指數, 產業: 汽車)
2025-02-11 13:43:37 [INFO] FeatureConfig: 生成特徵檔案名稱: 電子零組件_20241113_20250211.csv (股票: 電子工業類報酬指數, 產業: 電子零組件)
2025-02-11 13:43:37 [INFO] FeatureConfig: 生成特徵檔案名稱: 綠能環保_20241113_20250211.csv (股票: 綠能環保類報酬指數, 產業: 綠能環保)
2025-02-11 13:43:37 [INFO] FeatureConfig: 生成特徵檔案名稱: 紡織纖維_20241113_20250211.csv (股票: 紡織纖維類報酬指數, 產業: 紡織纖維)
2025-02-11 13:43:37 [INFO] FeatureConfig: 生成特徵檔案名稱: 貿易百貨_20241113_20250211.csv (股票: 貿易百貨類報酬指數, 產業: 貿易百貨)
2025-02-11 13:43:37 [INFO] FeatureConfig: 生成特徵檔案名稱: 運動休閒_20241113_20250211.csv (股票: 運動休閒類報酬指數, 產業: 運動休閒)
2025-02-11 13:43:37 [INFO] FeatureConfig: 生成特徵檔案名稱: 電子工業_20241113_20250211.csv (股票: 電子工業類報酬指數, 產業: 電子工業)
2025-02-11 13:43:37 [INFO] FeatureConfig: 生成特徵檔案名稱: 鋼鐵_20241113_20250211.csv (股票: 鋼鐵類報酬指數, 產業: 鋼鐵)
2025-02-11 13:43:37 [INFO] FeatureConfig: 生成特徵檔案名稱: 電機機械_20241113_20250211.csv (股票: 電機機械類報酬指數, 產業: 電機機械)
2025-02-11 13:43:37 [INFO] FeatureConfig: 生成特徵檔案名稱: 電腦及週邊設備_20241113_20250211.csv (股票: 電腦及週邊設備類報酬指數, 產業: 電腦及週邊設備)
2025-02-11 13:43:37 [INFO] FeatureConfig: 生成特徵檔案名稱: 化學生技醫療_20241113_20250211.csv (股票: 化學生技醫療類報酬指數, 產業: 化學生技醫療)
2025-02-11 13:43:37 [INFO] FeatureConfig: 生成特徵檔案名稱: 化學_20241113_20250211.csv (股票: 化學類報酬指數, 產業: 化學)
2025-02-11 13:43:37 [INFO] FeatureConfig: 生成特徵檔案名稱: 其他電子_20241113_20250211.csv (股票: 其他電子類報酬指數, 產業: 其他電子)
2025-02-11 13:43:37 [INFO] FeatureConfig: 生成特徵檔案名稱: 玻璃陶瓷_20241113_20250211.csv (股票: 玻璃陶瓷類報酬指數, 產業: 玻璃陶瓷)
2025-02-11 13:43:37 [INFO] FeatureConfig: 生成特徵檔案名稱: 造紙_20241113_20250211.csv (股票: 造紙類報酬指數, 產業: 造紙)
2025-02-11 13:43:37 [INFO] FeatureConfig: 生成特徵檔案名稱: 居家生活_20241113_20250211.csv (股票: 居家生活類報酬指數, 產業: 居家生活)
2025-02-11 13:43:37 [INFO] FeatureConfig: 生成特徵檔案名稱: 橡膠_20241113_20250211.csv (股票: 橡膠類報酬指數, 產業: 橡膠)
2025-02-11 13:43:37 [INFO] FeatureConfig: 生成特徵檔案名稱: 航運_20241113_20250211.csv (股票: 航運類報酬指數, 產業: 航運)
2025-02-11 13:43:37 [INFO] FeatureConfig: 生成特徵檔案名稱: 半導體_20241113_20250211.csv (股票: 半導體類報酬指數, 產業: 半導體)
2025-02-11 13:43:37 [INFO] FeatureConfig: 生成特徵檔案名稱: 通信網路_20241113_20250211.csv (股票: 通信網路類報酬指數, 產業: 通信網路)
2025-02-11 13:43:37 [INFO] FeatureConfig: 生成特徵檔案名稱: 光電_20241113_20250211.csv (股票: 光電類報酬指數, 產業: 光電)
2025-02-11 13:43:37 [INFO] FeatureConfig: 生成特徵檔案名稱: 電子通路_20241113_20250211.csv (股票: 電子工業類報酬指數, 產業: 電子通路)
2025-02-11 13:43:37 [INFO] FeatureConfig: 生成特徵檔案名稱: 資訊服務_20241113_20250211.csv (股票: 資訊服務類報酬指數, 產業: 資訊服務)
2025-02-11 13:43:37 [INFO] FeatureConfig: 生成特徵檔案名稱: 油電燃氣_20241113_20250211.csv (股票: 油電燃氣類報酬指數, 產業: 油電燃氣)
2025-02-11 13:43:37 [INFO] FeatureConfig: 生成特徵檔案名稱: 數位雲端_20241113_20250211.csv (股票: 數位雲端類報酬指數, 產業: 數位雲端)
2025-02-11 13:43:37 [INFO] FeatureConfig: 生成特徵檔案名稱: 金融保險_20241113_20250211.csv (股票: 金融保險類報酬指數, 產業: 金融保險)
2025-02-11 13:43:37 [INFO] FeatureConfig: 生成特徵檔案名稱: 未找到分析檔案_20241113_20250211.csv (股票: 電子工業類報酬指數, 產業: 未找到分析檔案)
2025-02-11 13:43:37 [INFO] FeatureConfig: 生成特徵檔案名稱: 金融保險_20241113_20250211.csv (股票: 金融類日報酬兩倍指數, 產業: 金融保險)
2025-02-11 13:46:14 [INFO] FeatureConfig: 使用股票資料: D:\Min\Python\Project\FA_Data\meta_data\stock_data_whole.csv
2025-02-11 13:46:14 [INFO] FeatureConfig: 今天已有 companies.csv 的備份且文件未變化，跳過備份
2025-02-11 13:46:14 [INFO] FeatureConfig: 今天已有 industry_index.csv 的備份且文件未變化，跳過備份
2025-02-11 13:46:14 [INFO] FeatureConfig: 今天已有 market_index.csv 的備份且文件未變化，跳過備份
2025-02-11 13:46:14 [INFO] FeatureConfig: 今天已有 stock_data_whole.csv 的備份且文件未變化，跳過備份
2025-02-11 13:46:14 [INFO] FeatureConfig: 今天已有 all_stocks_data.csv 的備份且文件未變化，跳過備份
2025-02-11 13:46:28 [INFO] FeatureConfig: 使用股票資料: D:\Min\Python\Project\FA_Data\meta_data\stock_data_whole.csv
2025-02-11 13:46:35 [INFO] FeatureConfig: 生成特徵檔案名稱: 2330_20241113_20250211.csv (股票: 2330, 產業: N/A)
2025-02-11 13:46:35 [INFO] FeatureConfig: 使用股票資料: D:\Min\Python\Project\FA_Data\meta_data\stock_data_whole.csv
2025-02-11 13:46:42 [INFO] FeatureConfig: 生成特徵檔案名稱: 2317_20241113_20250211.csv (股票: 2317, 產業: N/A)
2025-02-11 13:46:42 [INFO] FeatureConfig: 使用股票資料: D:\Min\Python\Project\FA_Data\meta_data\stock_data_whole.csv
2025-02-11 13:46:50 [INFO] FeatureConfig: 生成特徵檔案名稱: 1101_20241113_20250211.csv (股票: 1101, 產業: N/A)
2025-02-11 13:46:50 [INFO] FeatureConfig: 使用股票資料: D:\Min\Python\Project\FA_Data\meta_data\stock_data_whole.csv
2025-02-11 13:46:56 [INFO] FeatureConfig: 生成特徵檔案名稱: 2891_20241113_20250211.csv (股票: 2891, 產業: N/A)
2025-02-11 13:46:57 [INFO] FeatureConfig: 使用股票資料: D:\Min\Python\Project\FA_Data\meta_data\stock_data_whole.csv
2025-02-11 13:47:03 [INFO] FeatureConfig: 生成特徵檔案名稱: 2303_20241113_20250211.csv (股票: 2303, 產業: N/A)
2025-02-11 13:47:03 [INFO] FeatureConfig: 生成特徵檔案名稱: 水泥_20241113_20250211.csv (股票: 水泥類報酬指數, 產業: 水泥)
2025-02-11 13:47:03 [INFO] FeatureConfig: 生成特徵檔案名稱: 其他_20241113_20250211.csv (股票: 其他類報酬指數, 產業: 其他)
2025-02-11 13:47:03 [INFO] FeatureConfig: 生成特徵檔案名稱: 食品_20241113_20250211.csv (股票: 食品類報酬指數, 產業: 食品)
2025-02-11 13:47:03 [INFO] FeatureConfig: 生成特徵檔案名稱: 電器電纜_20241113_20250211.csv (股票: 電器電纜類報酬指數, 產業: 電器電纜)
2025-02-11 13:47:03 [INFO] FeatureConfig: 生成特徵檔案名稱: 觀光_20241113_20250211.csv (股票: 觀光類報酬指數, 產業: 觀光)
2025-02-11 13:47:03 [INFO] FeatureConfig: 生成特徵檔案名稱: 觀光餐旅_20241113_20250211.csv (股票: 觀光類報酬指數, 產業: 觀光餐旅)
2025-02-11 13:47:03 [INFO] FeatureConfig: 生成特徵檔案名稱: 化學生技醫療_20241113_20250211.csv (股票: 生技醫療類報酬指數, 產業: 化學生技醫療)
2025-02-11 13:47:03 [INFO] FeatureConfig: 生成特徵檔案名稱: 塑膠_20241113_20250211.csv (股票: 塑膠類報酬指數, 產業: 塑膠)
2025-02-11 13:47:03 [INFO] FeatureConfig: 生成特徵檔案名稱: 建材營造_20241113_20250211.csv (股票: 建材營造類報酬指數, 產業: 建材營造)
2025-02-11 13:47:03 [INFO] FeatureConfig: 生成特徵檔案名稱: 汽車_20241113_20250211.csv (股票: 汽車類報酬指數, 產業: 汽車)
2025-02-11 13:47:03 [INFO] FeatureConfig: 生成特徵檔案名稱: 電子零組件_20241113_20250211.csv (股票: 電子工業類報酬指數, 產業: 電子零組件)
2025-02-11 13:47:03 [INFO] FeatureConfig: 生成特徵檔案名稱: 綠能環保_20241113_20250211.csv (股票: 綠能環保類報酬指數, 產業: 綠能環保)
2025-02-11 13:47:03 [INFO] FeatureConfig: 生成特徵檔案名稱: 紡織纖維_20241113_20250211.csv (股票: 紡織纖維類報酬指數, 產業: 紡織纖維)
2025-02-11 13:47:03 [INFO] FeatureConfig: 生成特徵檔案名稱: 貿易百貨_20241113_20250211.csv (股票: 貿易百貨類報酬指數, 產業: 貿易百貨)
2025-02-11 13:47:03 [INFO] FeatureConfig: 生成特徵檔案名稱: 運動休閒_20241113_20250211.csv (股票: 運動休閒類報酬指數, 產業: 運動休閒)
2025-02-11 13:47:03 [INFO] FeatureConfig: 生成特徵檔案名稱: 電子工業_20241113_20250211.csv (股票: 電子工業類報酬指數, 產業: 電子工業)
2025-02-11 13:47:03 [INFO] FeatureConfig: 生成特徵檔案名稱: 鋼鐵_20241113_20250211.csv (股票: 鋼鐵類報酬指數, 產業: 鋼鐵)
2025-02-11 13:47:03 [INFO] FeatureConfig: 生成特徵檔案名稱: 電機機械_20241113_20250211.csv (股票: 電機機械類報酬指數, 產業: 電機機械)
2025-02-11 13:47:03 [INFO] FeatureConfig: 生成特徵檔案名稱: 電腦及週邊設備_20241113_20250211.csv (股票: 電腦及週邊設備類報酬指數, 產業: 電腦及週邊設備)
2025-02-11 13:47:03 [INFO] FeatureConfig: 生成特徵檔案名稱: 化學生技醫療_20241113_20250211.csv (股票: 化學生技醫療類報酬指數, 產業: 化學生技醫療)
2025-02-11 13:47:03 [INFO] FeatureConfig: 生成特徵檔案名稱: 化學_20241113_20250211.csv (股票: 化學類報酬指數, 產業: 化學)
2025-02-11 13:47:03 [INFO] FeatureConfig: 生成特徵檔案名稱: 其他電子_20241113_20250211.csv (股票: 其他電子類報酬指數, 產業: 其他電子)
2025-02-11 13:47:03 [INFO] FeatureConfig: 生成特徵檔案名稱: 玻璃陶瓷_20241113_20250211.csv (股票: 玻璃陶瓷類報酬指數, 產業: 玻璃陶瓷)
2025-02-11 13:47:03 [INFO] FeatureConfig: 生成特徵檔案名稱: 造紙_20241113_20250211.csv (股票: 造紙類報酬指數, 產業: 造紙)
2025-02-11 13:47:03 [INFO] FeatureConfig: 生成特徵檔案名稱: 居家生活_20241113_20250211.csv (股票: 居家生活類報酬指數, 產業: 居家生活)
2025-02-11 13:47:03 [INFO] FeatureConfig: 生成特徵檔案名稱: 橡膠_20241113_20250211.csv (股票: 橡膠類報酬指數, 產業: 橡膠)
2025-02-11 13:47:03 [INFO] FeatureConfig: 生成特徵檔案名稱: 航運_20241113_20250211.csv (股票: 航運類報酬指數, 產業: 航運)
2025-02-11 13:47:03 [INFO] FeatureConfig: 生成特徵檔案名稱: 半導體_20241113_20250211.csv (股票: 半導體類報酬指數, 產業: 半導體)
2025-02-11 13:47:03 [INFO] FeatureConfig: 生成特徵檔案名稱: 通信網路_20241113_20250211.csv (股票: 通信網路類報酬指數, 產業: 通信網路)
2025-02-11 13:47:03 [INFO] FeatureConfig: 生成特徵檔案名稱: 光電_20241113_20250211.csv (股票: 光電類報酬指數, 產業: 光電)
2025-02-11 13:47:03 [INFO] FeatureConfig: 生成特徵檔案名稱: 電子通路_20241113_20250211.csv (股票: 電子工業類報酬指數, 產業: 電子通路)
2025-02-11 13:47:03 [INFO] FeatureConfig: 生成特徵檔案名稱: 資訊服務_20241113_20250211.csv (股票: 資訊服務類報酬指數, 產業: 資訊服務)
2025-02-11 13:47:03 [INFO] FeatureConfig: 生成特徵檔案名稱: 油電燃氣_20241113_20250211.csv (股票: 油電燃氣類報酬指數, 產業: 油電燃氣)
2025-02-11 13:47:03 [INFO] FeatureConfig: 生成特徵檔案名稱: 數位雲端_20241113_20250211.csv (股票: 數位雲端類報酬指數, 產業: 數位雲端)
2025-02-11 13:47:03 [INFO] FeatureConfig: 生成特徵檔案名稱: 金融保險_20241113_20250211.csv (股票: 金融保險類報酬指數, 產業: 金融保險)
2025-02-11 13:47:03 [INFO] FeatureConfig: 生成特徵檔案名稱: 未找到分析檔案_20241113_20250211.csv (股票: 電子工業類報酬指數, 產業: 未找到分析檔案)
2025-02-11 13:47:03 [INFO] FeatureConfig: 生成特徵檔案名稱: 金融保險_20241113_20250211.csv (股票: 金融類日報酬兩倍指數, 產業: 金融保險)
